Not searching for unused variables given on the command line.
-- The C compiler identification is GNU 8.2.0
-- The CXX compiler identification is GNU 8.2.0
-- Check for working C compiler: /home/skola/.espressif/tools/xtensa-esp32-elf/esp-2020r2-8.2.0/xtensa-esp32-elf/bin/xtensa-esp32-elf-gcc
-- Check for working C compiler: /home/skola/.espressif/tools/xtensa-esp32-elf/esp-2020r2-8.2.0/xtensa-esp32-elf/bin/xtensa-esp32-elf-gcc -- works
-- Detecting C compiler ABI info
-- Detecting C compiler ABI info - done
-- Detecting C compile features
-- Detecting C compile features - done
-- Check for working CXX compiler: /home/skola/.espressif/tools/xtensa-esp32-elf/esp-2020r2-8.2.0/xtensa-esp32-elf/bin/xtensa-esp32-elf-g++
-- Check for working CXX compiler: /home/skola/.espressif/tools/xtensa-esp32-elf/esp-2020r2-8.2.0/xtensa-esp32-elf/bin/xtensa-esp32-elf-g++ -- works
-- Detecting CXX compiler ABI info
-- Detecting CXX compiler ABI info - done
-- Detecting CXX compile features
-- Detecting CXX compile features - done
-- Found ament_cmake: 1.1.4 (/home/skola/Projects/int32_publisher_custom_transport/components/micro_ros_espidf_component-galactic/micro_ros_dev/install/ament_cmake/share/ament_cmake/cmake)
-- Found PythonInterp: /home/skola/.espressif/python_env/idf4.1_py3.8_env/bin/python3 (found suitable version "3.8.10", minimum required is "3") 
-- Using PYTHON_EXECUTABLE: /home/skola/.espressif/python_env/idf4.1_py3.8_env/bin/python3
-- Found rosidl_default_generators: 1.1.1 (/home/skola/Projects/int32_publisher_custom_transport/components/micro_ros_espidf_component-galactic/micro_ros_src/install/share/rosidl_default_generators/cmake)
-- Using all available rosidl_typesupport_c: rosidl_typesupport_introspection_c;rosidl_typesupport_microxrcedds_c
-- Found rosidl_adapter: 2.2.1 (/home/skola/Projects/int32_publisher_custom_transport/components/micro_ros_espidf_component-galactic/micro_ros_src/install/share/rosidl_adapter/cmake)
CMake Warning at /home/skola/Projects/int32_publisher_custom_transport/components/micro_ros_espidf_component-galactic/micro_ros_src/install/share/rcutils/cmake/ament_cmake_export_libraries-extras.cmake:116 (message):
  Package 'rcutils' exports library 'dl' which couldn't be found
Call Stack (most recent call first):
  /home/skola/Projects/int32_publisher_custom_transport/components/micro_ros_espidf_component-galactic/micro_ros_src/install/share/rcutils/cmake/rcutilsConfig.cmake:41 (include)
  /home/skola/Projects/int32_publisher_custom_transport/components/micro_ros_espidf_component-galactic/micro_ros_src/install/share/rosidl_runtime_c/cmake/ament_cmake_export_dependencies-extras.cmake:21 (find_package)
  /home/skola/Projects/int32_publisher_custom_transport/components/micro_ros_espidf_component-galactic/micro_ros_src/install/share/rosidl_runtime_c/cmake/rosidl_runtime_cConfig.cmake:41 (include)
  /home/skola/Projects/int32_publisher_custom_transport/components/micro_ros_espidf_component-galactic/micro_ros_src/install/share/rosidl_typesupport_introspection_c/cmake/ament_cmake_export_dependencies-extras.cmake:21 (find_package)
  /home/skola/Projects/int32_publisher_custom_transport/components/micro_ros_espidf_component-galactic/micro_ros_src/install/share/rosidl_typesupport_introspection_c/cmake/rosidl_typesupport_introspection_cConfig.cmake:41 (include)
  /home/skola/Projects/int32_publisher_custom_transport/components/micro_ros_espidf_component-galactic/micro_ros_src/install/share/rosidl_typesupport_c/cmake/rosidl_typesupport_c-extras.cmake:13 (find_package)
  /home/skola/Projects/int32_publisher_custom_transport/components/micro_ros_espidf_component-galactic/micro_ros_src/install/share/rosidl_typesupport_c/cmake/rosidl_typesupport_cConfig.cmake:41 (include)
  /home/skola/Projects/int32_publisher_custom_transport/components/micro_ros_espidf_component-galactic/micro_ros_src/install/share/rosidl_default_generators/cmake/rosidl_default_generators-extras.cmake:21 (find_package)
  /home/skola/Projects/int32_publisher_custom_transport/components/micro_ros_espidf_component-galactic/micro_ros_src/install/share/rosidl_default_generators/cmake/rosidl_default_generatorsConfig.cmake:41 (include)
  CMakeLists.txt:14 (find_package)


-- Found PythonInterp: /home/skola/.espressif/python_env/idf4.1_py3.8_env/bin/python3 (found version "3.8.10") 
-- Found ament_cmake_ros: 0.9.2 (/home/skola/Projects/int32_publisher_custom_transport/components/micro_ros_espidf_component-galactic/micro_ros_dev/install/ament_cmake_ros/share/ament_cmake_ros/cmake)
-- Using all available rosidl_typesupport_c: rosidl_typesupport_introspection_c;rosidl_typesupport_microxrcedds_c
-- Configuring done
-- Generating done
-- Build files have been written to: /home/skola/Projects/int32_publisher_custom_transport/components/micro_ros_espidf_component-galactic/micro_ros_src/build/std_srvs
[  5%] [34m[1mGenerating C code for ROS interfaces[0m
[35m[1mScanning dependencies of target std_srvs__rosidl_generator_c[0m
[ 10%] [32mBuilding C object CMakeFiles/std_srvs__rosidl_generator_c.dir/rosidl_generator_c/std_srvs/srv/detail/empty__functions.c.obj[0m
[ 15%] [32mBuilding C object CMakeFiles/std_srvs__rosidl_generator_c.dir/rosidl_generator_c/std_srvs/srv/detail/set_bool__functions.c.obj[0m
[ 20%] [32mBuilding C object CMakeFiles/std_srvs__rosidl_generator_c.dir/rosidl_generator_c/std_srvs/srv/detail/trigger__functions.c.obj[0m
[ 25%] [32m[1mLinking C static library libstd_srvs__rosidl_generator_c.a[0m
[ 25%] Built target std_srvs__rosidl_generator_c
[ 30%] [34m[1mGenerating C introspection for ROS interfaces[0m
[ 35%] [34m[1mGenerating C type support for eProsima Micro XRCE-DDS[0m
[ 40%] [34m[1mGenerating C type support dispatch for ROS interfaces[0m
[35m[1mScanning dependencies of target std_srvs__rosidl_typesupport_introspection_c[0m
[35m[1mScanning dependencies of target std_srvs__rosidl_typesupport_microxrcedds_c[0m
[35m[1mScanning dependencies of target std_srvs__rosidl_typesupport_c[0m
[ 45%] [32mBuilding C object CMakeFiles/std_srvs__rosidl_typesupport_introspection_c.dir/rosidl_typesupport_introspection_c/std_srvs/srv/detail/set_bool__type_support.c.obj[0m
[ 50%] [32mBuilding C object CMakeFiles/std_srvs__rosidl_typesupport_introspection_c.dir/rosidl_typesupport_introspection_c/std_srvs/srv/detail/empty__type_support.c.obj[0m
[ 55%] [32mBuilding CXX object CMakeFiles/std_srvs__rosidl_typesupport_c.dir/rosidl_typesupport_c/std_srvs/srv/empty__type_support.cpp.obj[0m
[ 60%] [32mBuilding C object CMakeFiles/std_srvs__rosidl_typesupport_microxrcedds_c.dir/rosidl_typesupport_microxrcedds_c/std_srvs/srv/detail/microxrcedds/empty__type_support_c.c.obj[0m
[ 65%] [32mBuilding C object CMakeFiles/std_srvs__rosidl_typesupport_microxrcedds_c.dir/rosidl_typesupport_microxrcedds_c/std_srvs/srv/detail/microxrcedds/set_bool__type_support_c.c.obj[0m
[ 70%] [32mBuilding C object CMakeFiles/std_srvs__rosidl_typesupport_introspection_c.dir/rosidl_typesupport_introspection_c/std_srvs/srv/detail/trigger__type_support.c.obj[0m
[ 75%] [32mBuilding CXX object CMakeFiles/std_srvs__rosidl_typesupport_c.dir/rosidl_typesupport_c/std_srvs/srv/set_bool__type_support.cpp.obj[0m
[ 80%] [32mBuilding CXX object CMakeFiles/std_srvs__rosidl_typesupport_c.dir/rosidl_typesupport_c/std_srvs/srv/trigger__type_support.cpp.obj[0m
[ 85%] [32mBuilding C object CMakeFiles/std_srvs__rosidl_typesupport_microxrcedds_c.dir/rosidl_typesupport_microxrcedds_c/std_srvs/srv/detail/microxrcedds/trigger__type_support_c.c.obj[0m
[ 90%] [32m[1mLinking CXX static library libstd_srvs__rosidl_typesupport_c.a[0m
[ 95%] [32m[1mLinking C static library libstd_srvs__rosidl_typesupport_introspection_c.a[0m
[ 95%] Built target std_srvs__rosidl_typesupport_c
[100%] [32m[1mLinking C static library libstd_srvs__rosidl_typesupport_microxrcedds_c.a[0m
[100%] Built target std_srvs__rosidl_typesupport_introspection_c
[100%] Built target std_srvs__rosidl_typesupport_microxrcedds_c
[35m[1mScanning dependencies of target std_srvs[0m
[100%] Built target std_srvs
-- Install configuration: "Release"
-- Installing: /home/skola/Projects/int32_publisher_custom_transport/components/micro_ros_espidf_component-galactic/micro_ros_src/install/share/ament_index/resource_index/rosidl_interfaces/std_srvs
-- Installing: /home/skola/Projects/int32_publisher_custom_transport/components/micro_ros_espidf_component-galactic/micro_ros_src/install/include/std_srvs
-- Installing: /home/skola/Projects/int32_publisher_custom_transport/components/micro_ros_espidf_component-galactic/micro_ros_src/install/include/std_srvs/srv
-- Installing: /home/skola/Projects/int32_publisher_custom_transport/components/micro_ros_espidf_component-galactic/micro_ros_src/install/include/std_srvs/srv/set_bool.h
-- Installing: /home/skola/Projects/int32_publisher_custom_transport/components/micro_ros_espidf_component-galactic/micro_ros_src/install/include/std_srvs/srv/empty.h
-- Installing: /home/skola/Projects/int32_publisher_custom_transport/components/micro_ros_espidf_component-galactic/micro_ros_src/install/include/std_srvs/srv/detail
-- Installing: /home/skola/Projects/int32_publisher_custom_transport/components/micro_ros_espidf_component-galactic/micro_ros_src/install/include/std_srvs/srv/detail/set_bool__functions.h
-- Installing: /home/skola/Projects/int32_publisher_custom_transport/components/micro_ros_espidf_component-galactic/micro_ros_src/install/include/std_srvs/srv/detail/set_bool__functions.c
-- Installing: /home/skola/Projects/int32_publisher_custom_transport/components/micro_ros_espidf_component-galactic/micro_ros_src/install/include/std_srvs/srv/detail/trigger__type_support.h
-- Installing: /home/skola/Projects/int32_publisher_custom_transport/components/micro_ros_espidf_component-galactic/micro_ros_src/install/include/std_srvs/srv/detail/empty__functions.h
-- Installing: /home/skola/Projects/int32_publisher_custom_transport/components/micro_ros_espidf_component-galactic/micro_ros_src/install/include/std_srvs/srv/detail/trigger__functions.c
-- Installing: /home/skola/Projects/int32_publisher_custom_transport/components/micro_ros_espidf_component-galactic/micro_ros_src/install/include/std_srvs/srv/detail/trigger__functions.h
-- Installing: /home/skola/Projects/int32_publisher_custom_transport/components/micro_ros_espidf_component-galactic/micro_ros_src/install/include/std_srvs/srv/detail/empty__functions.c
-- Installing: /home/skola/Projects/int32_publisher_custom_transport/components/micro_ros_espidf_component-galactic/micro_ros_src/install/include/std_srvs/srv/detail/empty__type_support.h
-- Installing: /home/skola/Projects/int32_publisher_custom_transport/components/micro_ros_espidf_component-galactic/micro_ros_src/install/include/std_srvs/srv/detail/set_bool__struct.h
-- Installing: /home/skola/Projects/int32_publisher_custom_transport/components/micro_ros_espidf_component-galactic/micro_ros_src/install/include/std_srvs/srv/detail/empty__struct.h
-- Installing: /home/skola/Projects/int32_publisher_custom_transport/components/micro_ros_espidf_component-galactic/micro_ros_src/install/include/std_srvs/srv/detail/trigger__struct.h
-- Installing: /home/skola/Projects/int32_publisher_custom_transport/components/micro_ros_espidf_component-galactic/micro_ros_src/install/include/std_srvs/srv/detail/set_bool__type_support.h
-- Installing: /home/skola/Projects/int32_publisher_custom_transport/components/micro_ros_espidf_component-galactic/micro_ros_src/install/include/std_srvs/srv/trigger.h
-- Installing: /home/skola/Projects/int32_publisher_custom_transport/components/micro_ros_espidf_component-galactic/micro_ros_src/install/include/std_srvs/msg
-- Installing: /home/skola/Projects/int32_publisher_custom_transport/components/micro_ros_espidf_component-galactic/micro_ros_src/install/include/std_srvs/msg/rosidl_generator_c__visibility_control.h
-- Installing: /home/skola/Projects/int32_publisher_custom_transport/components/micro_ros_espidf_component-galactic/micro_ros_src/install/share/std_srvs/environment/library_path.sh
-- Installing: /home/skola/Projects/int32_publisher_custom_transport/components/micro_ros_espidf_component-galactic/micro_ros_src/install/share/std_srvs/environment/library_path.dsv
-- Installing: /home/skola/Projects/int32_publisher_custom_transport/components/micro_ros_espidf_component-galactic/micro_ros_src/install/lib/libstd_srvs__rosidl_generator_c.a
-- Up-to-date: /home/skola/Projects/int32_publisher_custom_transport/components/micro_ros_espidf_component-galactic/micro_ros_src/install/include/std_srvs
-- Up-to-date: /home/skola/Projects/int32_publisher_custom_transport/components/micro_ros_espidf_component-galactic/micro_ros_src/install/include/std_srvs/srv
-- Up-to-date: /home/skola/Projects/int32_publisher_custom_transport/components/micro_ros_espidf_component-galactic/micro_ros_src/install/include/std_srvs/srv/detail
-- Installing: /home/skola/Projects/int32_publisher_custom_transport/components/micro_ros_espidf_component-galactic/micro_ros_src/install/include/std_srvs/srv/detail/set_bool__rosidl_typesupport_introspection_c.h
-- Installing: /home/skola/Projects/int32_publisher_custom_transport/components/micro_ros_espidf_component-galactic/micro_ros_src/install/include/std_srvs/srv/detail/empty__type_support.c
-- Installing: /home/skola/Projects/int32_publisher_custom_transport/components/micro_ros_espidf_component-galactic/micro_ros_src/install/include/std_srvs/srv/detail/trigger__rosidl_typesupport_introspection_c.h
-- Installing: /home/skola/Projects/int32_publisher_custom_transport/components/micro_ros_espidf_component-galactic/micro_ros_src/install/include/std_srvs/srv/detail/empty__rosidl_typesupport_introspection_c.h
-- Installing: /home/skola/Projects/int32_publisher_custom_transport/components/micro_ros_espidf_component-galactic/micro_ros_src/install/include/std_srvs/srv/detail/trigger__type_support.c
-- Installing: /home/skola/Projects/int32_publisher_custom_transport/components/micro_ros_espidf_component-galactic/micro_ros_src/install/include/std_srvs/srv/detail/set_bool__type_support.c
-- Up-to-date: /home/skola/Projects/int32_publisher_custom_transport/components/micro_ros_espidf_component-galactic/micro_ros_src/install/include/std_srvs/msg
-- Installing: /home/skola/Projects/int32_publisher_custom_transport/components/micro_ros_espidf_component-galactic/micro_ros_src/install/include/std_srvs/msg/rosidl_typesupport_introspection_c__visibility_control.h
-- Installing: /home/skola/Projects/int32_publisher_custom_transport/components/micro_ros_espidf_component-galactic/micro_ros_src/install/lib/libstd_srvs__rosidl_typesupport_introspection_c.a
-- Up-to-date: /home/skola/Projects/int32_publisher_custom_transport/components/micro_ros_espidf_component-galactic/micro_ros_src/install/include/std_srvs
-- Up-to-date: /home/skola/Projects/int32_publisher_custom_transport/components/micro_ros_espidf_component-galactic/micro_ros_src/install/include/std_srvs/srv
-- Up-to-date: /home/skola/Projects/int32_publisher_custom_transport/components/micro_ros_espidf_component-galactic/micro_ros_src/install/include/std_srvs/srv/detail
-- Installing: /home/skola/Projects/int32_publisher_custom_transport/components/micro_ros_espidf_component-galactic/micro_ros_src/install/include/std_srvs/srv/detail/empty__rosidl_typesupport_microxrcedds_c.h
-- Installing: /home/skola/Projects/int32_publisher_custom_transport/components/micro_ros_espidf_component-galactic/micro_ros_src/install/include/std_srvs/srv/detail/trigger__rosidl_typesupport_microxrcedds_c.h
-- Installing: /home/skola/Projects/int32_publisher_custom_transport/components/micro_ros_espidf_component-galactic/micro_ros_src/install/include/std_srvs/srv/detail/set_bool__rosidl_typesupport_microxrcedds_c.h
-- Installing: /home/skola/Projects/int32_publisher_custom_transport/components/micro_ros_espidf_component-galactic/micro_ros_src/install/include/std_srvs/srv/detail/microxrcedds
-- Up-to-date: /home/skola/Projects/int32_publisher_custom_transport/components/micro_ros_espidf_component-galactic/micro_ros_src/install/include/std_srvs/msg
-- Installing: /home/skola/Projects/int32_publisher_custom_transport/components/micro_ros_espidf_component-galactic/micro_ros_src/install/include/std_srvs/msg/rosidl_typesupport_microxrcedds_c__visibility_control.h
-- Installing: /home/skola/Projects/int32_publisher_custom_transport/components/micro_ros_espidf_component-galactic/micro_ros_src/install/lib/libstd_srvs__rosidl_typesupport_microxrcedds_c.a
-- Installing: /home/skola/Projects/int32_publisher_custom_transport/components/micro_ros_espidf_component-galactic/micro_ros_src/install/lib/libstd_srvs__rosidl_typesupport_c.a
-- Installing: /home/skola/Projects/int32_publisher_custom_transport/components/micro_ros_espidf_component-galactic/micro_ros_src/install/share/std_srvs/srv/Empty.idl
-- Installing: /home/skola/Projects/int32_publisher_custom_transport/components/micro_ros_espidf_component-galactic/micro_ros_src/install/share/std_srvs/srv/SetBool.idl
-- Installing: /home/skola/Projects/int32_publisher_custom_transport/components/micro_ros_espidf_component-galactic/micro_ros_src/install/share/std_srvs/srv/Trigger.idl
-- Installing: /home/skola/Projects/int32_publisher_custom_transport/components/micro_ros_espidf_component-galactic/micro_ros_src/install/share/std_srvs/srv/Empty.srv
-- Installing: /home/skola/Projects/int32_publisher_custom_transport/components/micro_ros_espidf_component-galactic/micro_ros_src/install/share/std_srvs/srv/Empty_Request.msg
-- Installing: /home/skola/Projects/int32_publisher_custom_transport/components/micro_ros_espidf_component-galactic/micro_ros_src/install/share/std_srvs/srv/Empty_Response.msg
-- Installing: /home/skola/Projects/int32_publisher_custom_transport/components/micro_ros_espidf_component-galactic/micro_ros_src/install/share/std_srvs/srv/SetBool.srv
-- Installing: /home/skola/Projects/int32_publisher_custom_transport/components/micro_ros_espidf_component-galactic/micro_ros_src/install/share/std_srvs/srv/SetBool_Request.msg
-- Installing: /home/skola/Projects/int32_publisher_custom_transport/components/micro_ros_espidf_component-galactic/micro_ros_src/install/share/std_srvs/srv/SetBool_Response.msg
-- Installing: /home/skola/Projects/int32_publisher_custom_transport/components/micro_ros_espidf_component-galactic/micro_ros_src/install/share/std_srvs/srv/Trigger.srv
-- Installing: /home/skola/Projects/int32_publisher_custom_transport/components/micro_ros_espidf_component-galactic/micro_ros_src/install/share/std_srvs/srv/Trigger_Request.msg
-- Installing: /home/skola/Projects/int32_publisher_custom_transport/components/micro_ros_espidf_component-galactic/micro_ros_src/install/share/std_srvs/srv/Trigger_Response.msg
-- Installing: /home/skola/Projects/int32_publisher_custom_transport/components/micro_ros_espidf_component-galactic/micro_ros_src/install/share/ament_index/resource_index/package_run_dependencies/std_srvs
-- Installing: /home/skola/Projects/int32_publisher_custom_transport/components/micro_ros_espidf_component-galactic/micro_ros_src/install/share/ament_index/resource_index/parent_prefix_path/std_srvs
-- Installing: /home/skola/Projects/int32_publisher_custom_transport/components/micro_ros_espidf_component-galactic/micro_ros_src/install/share/std_srvs/environment/ament_prefix_path.sh
-- Installing: /home/skola/Projects/int32_publisher_custom_transport/components/micro_ros_espidf_component-galactic/micro_ros_src/install/share/std_srvs/environment/ament_prefix_path.dsv
-- Installing: /home/skola/Projects/int32_publisher_custom_transport/components/micro_ros_espidf_component-galactic/micro_ros_src/install/share/std_srvs/environment/path.sh
-- Installing: /home/skola/Projects/int32_publisher_custom_transport/components/micro_ros_espidf_component-galactic/micro_ros_src/install/share/std_srvs/environment/path.dsv
-- Installing: /home/skola/Projects/int32_publisher_custom_transport/components/micro_ros_espidf_component-galactic/micro_ros_src/install/share/std_srvs/local_setup.bash
-- Installing: /home/skola/Projects/int32_publisher_custom_transport/components/micro_ros_espidf_component-galactic/micro_ros_src/install/share/std_srvs/local_setup.sh
-- Installing: /home/skola/Projects/int32_publisher_custom_transport/components/micro_ros_espidf_component-galactic/micro_ros_src/install/share/std_srvs/local_setup.zsh
-- Installing: /home/skola/Projects/int32_publisher_custom_transport/components/micro_ros_espidf_component-galactic/micro_ros_src/install/share/std_srvs/local_setup.dsv
-- Installing: /home/skola/Projects/int32_publisher_custom_transport/components/micro_ros_espidf_component-galactic/micro_ros_src/install/share/std_srvs/package.dsv
-- Installing: /home/skola/Projects/int32_publisher_custom_transport/components/micro_ros_espidf_component-galactic/micro_ros_src/install/share/ament_index/resource_index/packages/std_srvs
-- Installing: /home/skola/Projects/int32_publisher_custom_transport/components/micro_ros_espidf_component-galactic/micro_ros_src/install/share/std_srvs/cmake/std_srvs__rosidl_generator_cExport.cmake
-- Installing: /home/skola/Projects/int32_publisher_custom_transport/components/micro_ros_espidf_component-galactic/micro_ros_src/install/share/std_srvs/cmake/std_srvs__rosidl_generator_cExport-release.cmake
-- Installing: /home/skola/Projects/int32_publisher_custom_transport/components/micro_ros_espidf_component-galactic/micro_ros_src/install/share/std_srvs/cmake/std_srvs__rosidl_typesupport_introspection_cExport.cmake
-- Installing: /home/skola/Projects/int32_publisher_custom_transport/components/micro_ros_espidf_component-galactic/micro_ros_src/install/share/std_srvs/cmake/std_srvs__rosidl_typesupport_introspection_cExport-release.cmake
-- Installing: /home/skola/Projects/int32_publisher_custom_transport/components/micro_ros_espidf_component-galactic/micro_ros_src/install/share/std_srvs/cmake/std_srvs__rosidl_typesupport_cExport.cmake
-- Installing: /home/skola/Projects/int32_publisher_custom_transport/components/micro_ros_espidf_component-galactic/micro_ros_src/install/share/std_srvs/cmake/std_srvs__rosidl_typesupport_cExport-release.cmake
-- Installing: /home/skola/Projects/int32_publisher_custom_transport/components/micro_ros_espidf_component-galactic/micro_ros_src/install/share/std_srvs/cmake/rosidl_cmake-extras.cmake
-- Installing: /home/skola/Projects/int32_publisher_custom_transport/components/micro_ros_espidf_component-galactic/micro_ros_src/install/share/std_srvs/cmake/ament_cmake_export_dependencies-extras.cmake
-- Installing: /home/skola/Projects/int32_publisher_custom_transport/components/micro_ros_espidf_component-galactic/micro_ros_src/install/share/std_srvs/cmake/ament_cmake_export_libraries-extras.cmake
-- Installing: /home/skola/Projects/int32_publisher_custom_transport/components/micro_ros_espidf_component-galactic/micro_ros_src/install/share/std_srvs/cmake/ament_cmake_export_targets-extras.cmake
-- Installing: /home/skola/Projects/int32_publisher_custom_transport/components/micro_ros_espidf_component-galactic/micro_ros_src/install/share/std_srvs/cmake/ament_cmake_export_include_directories-extras.cmake
-- Installing: /home/skola/Projects/int32_publisher_custom_transport/components/micro_ros_espidf_component-galactic/micro_ros_src/install/share/std_srvs/cmake/rosidl_cmake_export_typesupport_targets-extras.cmake
-- Installing: /home/skola/Projects/int32_publisher_custom_transport/components/micro_ros_espidf_component-galactic/micro_ros_src/install/share/std_srvs/cmake/rosidl_cmake_export_typesupport_libraries-extras.cmake
-- Installing: /home/skola/Projects/int32_publisher_custom_transport/components/micro_ros_espidf_component-galactic/micro_ros_src/install/share/std_srvs/cmake/std_srvsConfig.cmake
-- Installing: /home/skola/Projects/int32_publisher_custom_transport/components/micro_ros_espidf_component-galactic/micro_ros_src/install/share/std_srvs/cmake/std_srvsConfig-version.cmake
-- Installing: /home/skola/Projects/int32_publisher_custom_transport/components/micro_ros_espidf_component-galactic/micro_ros_src/install/share/std_srvs/package.xml
