CMake Warning at /home/skola/Projects/int32_publisher_custom_transport/components/micro_ros_espidf_component-galactic/micro_ros_src/install/share/rcutils/cmake/ament_cmake_export_libraries-extras.cmake:116 (message):
  Package 'rcutils' exports library 'dl' which couldn't be found
Call Stack (most recent call first):
  /home/skola/Projects/int32_publisher_custom_transport/components/micro_ros_espidf_component-galactic/micro_ros_src/install/share/rcutils/cmake/rcutilsConfig.cmake:41 (include)
  /home/skola/Projects/int32_publisher_custom_transport/components/micro_ros_espidf_component-galactic/micro_ros_src/install/share/rosidl_runtime_c/cmake/ament_cmake_export_dependencies-extras.cmake:21 (find_package)
  /home/skola/Projects/int32_publisher_custom_transport/components/micro_ros_espidf_component-galactic/micro_ros_src/install/share/rosidl_runtime_c/cmake/rosidl_runtime_cConfig.cmake:41 (include)
  /home/skola/Projects/int32_publisher_custom_transport/components/micro_ros_espidf_component-galactic/micro_ros_src/install/share/builtin_interfaces/cmake/ament_cmake_export_dependencies-extras.cmake:21 (find_package)
  /home/skola/Projects/int32_publisher_custom_transport/components/micro_ros_espidf_component-galactic/micro_ros_src/install/share/builtin_interfaces/cmake/builtin_interfacesConfig.cmake:41 (include)
  /home/skola/Projects/int32_publisher_custom_transport/components/micro_ros_espidf_component-galactic/micro_ros_src/install/share/rcl_interfaces/cmake/ament_cmake_export_dependencies-extras.cmake:21 (find_package)
  /home/skola/Projects/int32_publisher_custom_transport/components/micro_ros_espidf_component-galactic/micro_ros_src/install/share/rcl_interfaces/cmake/rcl_interfacesConfig.cmake:41 (include)
  CMakeLists.txt:10 (find_package)


In file included from [01m[K/home/skola/Projects/int32_publisher_custom_transport/components/micro_ros_espidf_component-galactic/micro_ros_src/src/rcl/rcl/src/rcl/domain_id.c:17[m[K:
[01m[K/home/skola/microros_ws/firmware/toolchain/esp-idf/components/newlib/platform_include/errno.h:18:2:[m[K [01;35m[Kwarning: [m[K#include_next is a GCC extension
 #[01;35m[Kinclude_next[m[K "errno.h"
  [01;35m[K^~~~~~~~~~~~[m[K
[01m[K/home/skola/Projects/int32_publisher_custom_transport/components/micro_ros_espidf_component-galactic/micro_ros_src/src/rcl/rcl/src/rcl/graph.c:[m[K In function '[01m[K__validate_node_name_and_namespace[m[K':
[01m[K/home/skola/Projects/int32_publisher_custom_transport/components/micro_ros_espidf_component-galactic/micro_ros_src/src/rcl/rcl/src/rcl/graph.c:56:18:[m[K [01;35m[Kwarning: [m[Kunused variable '[01m[Kmsg[m[K' [[01;35m[K-Wunused-variable[m[K]
     const char * [01;35m[Kmsg[m[K = rmw_namespace_validation_result_string(validation_result);
                  [01;35m[K^~~[m[K
[01m[K/home/skola/Projects/int32_publisher_custom_transport/components/micro_ros_espidf_component-galactic/micro_ros_src/src/rcl/rcl/src/rcl/graph.c:68:18:[m[K [01;35m[Kwarning: [m[Kunused variable '[01m[Kmsg[m[K' [[01;35m[K-Wunused-variable[m[K]
     const char * [01;35m[Kmsg[m[K = rmw_node_name_validation_result_string(validation_result);
                  [01;35m[K^~~[m[K
[01m[K/home/skola/Projects/int32_publisher_custom_transport/components/micro_ros_espidf_component-galactic/micro_ros_src/src/rcl/rcl/src/rcl/graph.c:[m[K In function '[01m[K_rcl_wait_for_entities[m[K':
[01m[K/home/skola/Projects/int32_publisher_custom_transport/components/micro_ros_espidf_component-galactic/micro_ros_src/src/rcl/rcl/src/rcl/graph.c:524:28:[m[K [01;35m[Kwarning: [m[Kunused variable '[01m[Kerror[m[K' [[01;35m[K-Wunused-variable[m[K]
     rcutils_error_string_t [01;35m[Kerror[m[K = rcutils_get_error_string();
                            [01;35m[K^~~~~[m[K
[01m[K/home/skola/Projects/int32_publisher_custom_transport/components/micro_ros_espidf_component-galactic/micro_ros_src/src/rcl/rcl/src/rcl/graph.c:558:32:[m[K [01;35m[Kwarning: [m[Kunused variable '[01m[Kerror[m[K' [[01;35m[K-Wunused-variable[m[K]
         rcutils_error_string_t [01;35m[Kerror[m[K = rcutils_get_error_string();
                                [01;35m[K^~~~~[m[K
[01m[K/home/skola/Projects/int32_publisher_custom_transport/components/micro_ros_espidf_component-galactic/micro_ros_src/src/rcl/rcl/src/rcl/graph.c:[m[K In function '[01m[K__rcl_get_info_by_topic[m[K':
[01m[K/home/skola/Projects/int32_publisher_custom_transport/components/micro_ros_espidf_component-galactic/micro_ros_src/src/rcl/rcl/src/rcl/graph.c:657:22:[m[K [01;35m[Kwarning: [m[Kvariable '[01m[Kerror_string[m[K' set but not used [[01;35m[K-Wunused-but-set-variable[m[K]
   rmw_error_string_t [01;35m[Kerror_string[m[K;
                      [01;35m[K^~~~~~~~~~~~[m[K
[01m[K/home/skola/Projects/int32_publisher_custom_transport/components/micro_ros_espidf_component-galactic/micro_ros_src/src/rcl/rcl/src/rcl/init_options.c:[m[K In function '[01m[Krcl_init_options_copy[m[K':
[01m[K/home/skola/Projects/int32_publisher_custom_transport/components/micro_ros_espidf_component-galactic/micro_ros_src/src/rcl/rcl/src/rcl/init_options.c:108:24:[m[K [01;35m[Kwarning: [m[Kunused variable '[01m[Kerror_string[m[K' [[01;35m[K-Wunused-variable[m[K]
     rmw_error_string_t [01;35m[Kerror_string[m[K = rmw_get_error_string();
                        [01;35m[K^~~~~~~~~~~~[m[K
[01m[K/home/skola/Projects/int32_publisher_custom_transport/components/micro_ros_espidf_component-galactic/micro_ros_src/src/rcl/rcl/src/rcl/network_flow_endpoints.c:[m[K In function '[01m[K__validate_network_flow_endpoint_array[m[K':
[01m[K/home/skola/Projects/int32_publisher_custom_transport/components/micro_ros_espidf_component-galactic/micro_ros_src/src/rcl/rcl/src/rcl/network_flow_endpoints.c:43:22:[m[K [01;35m[Kwarning: [m[Kvariable '[01m[Kerror_string[m[K' set but not used [[01;35m[K-Wunused-but-set-variable[m[K]
   rmw_error_string_t [01;35m[Kerror_string[m[K;
                      [01;35m[K^~~~~~~~~~~~[m[K
[01m[K/home/skola/Projects/int32_publisher_custom_transport/components/micro_ros_espidf_component-galactic/micro_ros_src/src/rcl/rcl/src/rcl/network_flow_endpoints.c:[m[K In function '[01m[Krcl_publisher_get_network_flow_endpoints[m[K':
[01m[K/home/skola/Projects/int32_publisher_custom_transport/components/micro_ros_espidf_component-galactic/micro_ros_src/src/rcl/rcl/src/rcl/network_flow_endpoints.c:75:22:[m[K [01;35m[Kwarning: [m[Kvariable '[01m[Kerror_string[m[K' set but not used [[01;35m[K-Wunused-but-set-variable[m[K]
   rmw_error_string_t [01;35m[Kerror_string[m[K;
                      [01;35m[K^~~~~~~~~~~~[m[K
[01m[K/home/skola/Projects/int32_publisher_custom_transport/components/micro_ros_espidf_component-galactic/micro_ros_src/src/rcl/rcl/src/rcl/network_flow_endpoints.c:[m[K In function '[01m[Krcl_subscription_get_network_flow_endpoints[m[K':
[01m[K/home/skola/Projects/int32_publisher_custom_transport/components/micro_ros_espidf_component-galactic/micro_ros_src/src/rcl/rcl/src/rcl/network_flow_endpoints.c:106:22:[m[K [01;35m[Kwarning: [m[Kvariable '[01m[Kerror_string[m[K' set but not used [[01;35m[K-Wunused-but-set-variable[m[K]
   rmw_error_string_t [01;35m[Kerror_string[m[K;
                      [01;35m[K^~~~~~~~~~~~[m[K
[01m[K/home/skola/Projects/int32_publisher_custom_transport/components/micro_ros_espidf_component-galactic/micro_ros_src/src/rcl/rcl/src/rcl/node_resolve_name.c:[m[K In function '[01m[Krcl_resolve_name[m[K':
[01m[K/home/skola/Projects/int32_publisher_custom_transport/components/micro_ros_espidf_component-galactic/micro_ros_src/src/rcl/rcl/src/rcl/node_resolve_name.c:49:28:[m[K [01;35m[Kwarning: [m[Kunused variable '[01m[Kerror[m[K' [[01;35m[K-Wunused-variable[m[K]
     rcutils_error_string_t [01;35m[Kerror[m[K = rcutils_get_error_string();
                            [01;35m[K^~~~~[m[K
[01m[K/home/skola/Projects/int32_publisher_custom_transport/components/micro_ros_espidf_component-galactic/micro_ros_src/src/rcl/rcl/src/rcl/node_resolve_name.c:97:18:[m[K [01;35m[Kwarning: [m[Kunused variable '[01m[Kerror[m[K' [[01;35m[K-Wunused-variable[m[K]
     const char * [01;35m[Kerror[m[K = rmw_get_error_string().str;
                  [01;35m[K^~~~~[m[K
[01m[K/home/skola/Projects/int32_publisher_custom_transport/components/micro_ros_espidf_component-galactic/micro_ros_src/src/rcl/rcl/src/rcl/node_resolve_name.c:114:28:[m[K [01;35m[Kwarning: [m[Kunused variable '[01m[Kerror[m[K' [[01;35m[K-Wunused-variable[m[K]
     rcutils_error_string_t [01;35m[Kerror[m[K = rcutils_get_error_string();
                            [01;35m[K^~~~~[m[K
[01m[K/home/skola/Projects/int32_publisher_custom_transport/components/micro_ros_espidf_component-galactic/micro_ros_src/src/rcl/rcl/src/rcl/node_resolve_name.c:33:27:[m[K [01;35m[Kwarning: [m[Kunused parameter '[01m[Klocal_args[m[K' [[01;35m[K-Wunused-parameter[m[K]
   [01;35m[Kconst rcl_arguments_t * local_args[m[K,
   [01;35m[K~~~~~~~~~~~~~~~~~~~~~~~~^~~~~~~~~~[m[K
[01m[K/home/skola/Projects/int32_publisher_custom_transport/components/micro_ros_espidf_component-galactic/micro_ros_src/src/rcl/rcl/src/rcl/node_resolve_name.c:34:27:[m[K [01;35m[Kwarning: [m[Kunused parameter '[01m[Kglobal_args[m[K' [[01;35m[K-Wunused-parameter[m[K]
   [01;35m[Kconst rcl_arguments_t * global_args[m[K,
   [01;35m[K~~~~~~~~~~~~~~~~~~~~~~~~^~~~~~~~~~~[m[K
[01m[K/home/skola/Projects/int32_publisher_custom_transport/components/micro_ros_espidf_component-galactic/micro_ros_src/src/rcl/rcl/src/rcl/node_resolve_name.c:40:8:[m[K [01;35m[Kwarning: [m[Kunused parameter '[01m[Konly_expand[m[K' [[01;35m[K-Wunused-parameter[m[K]
   bool [01;35m[Ko[m[Knly_expand,
        [01;35m[K^[m[K
[01m[K/home/skola/Projects/int32_publisher_custom_transport/components/micro_ros_espidf_component-galactic/micro_ros_src/src/rcl/rcl/src/rcl/node.c:[m[K In function '[01m[Krcl_node_init[m[K':
[01m[K/home/skola/Projects/int32_publisher_custom_transport/components/micro_ros_espidf_component-galactic/micro_ros_src/src/rcl/rcl/src/rcl/node.c:164:18:[m[K [01;35m[Kwarning: [m[Kunused variable '[01m[Kmsg[m[K' [[01;35m[K-Wunused-variable[m[K]
     const char * [01;35m[Kmsg[m[K = rmw_node_name_validation_result_string(validation_result);
                  [01;35m[K^~~[m[K
[01m[K/home/skola/Projects/int32_publisher_custom_transport/components/micro_ros_espidf_component-galactic/micro_ros_src/src/rcl/rcl/src/rcl/node.c:196:18:[m[K [01;35m[Kwarning: [m[Kunused variable '[01m[Kmsg[m[K' [[01;35m[K-Wunused-variable[m[K]
     const char * [01;35m[Kmsg[m[K = rmw_namespace_validation_result_string(validation_result);
                  [01;35m[K^~~[m[K
[01m[K/home/skola/Projects/int32_publisher_custom_transport/components/micro_ros_espidf_component-galactic/micro_ros_src/src/rcl/rcl/src/rcl/rmw_implementation_identifier_check.c:[m[K In function '[01m[Krcl_rmw_implementation_identifier_check[m[K':
[01m[K/home/skola/Projects/int32_publisher_custom_transport/components/micro_ros_espidf_component-galactic/micro_ros_src/src/rcl/rcl/src/rcl/rmw_implementation_identifier_check.c:136:34:[m[K [01;35m[Kwarning: [m[Kunused variable '[01m[Krmw_error_msg[m[K' [[01;35m[K-Wunused-variable[m[K]
     const rcutils_error_string_t [01;35m[Krmw_error_msg[m[K = rcl_get_error_string();
                                  [01;35m[K^~~~~~~~~~~~~[m[K
