Not searching for unused variables given on the command line.
-- The C compiler identification is GNU 8.2.0
-- The CXX compiler identification is GNU 8.2.0
-- Check for working C compiler: /home/skola/.espressif/tools/xtensa-esp32-elf/esp-2020r2-8.2.0/xtensa-esp32-elf/bin/xtensa-esp32-elf-gcc
-- Check for working C compiler: /home/skola/.espressif/tools/xtensa-esp32-elf/esp-2020r2-8.2.0/xtensa-esp32-elf/bin/xtensa-esp32-elf-gcc -- works
-- Detecting C compiler ABI info
-- Detecting C compiler ABI info - done
-- Detecting C compile features
-- Detecting C compile features - done
-- Check for working CXX compiler: /home/skola/.espressif/tools/xtensa-esp32-elf/esp-2020r2-8.2.0/xtensa-esp32-elf/bin/xtensa-esp32-elf-g++
-- Check for working CXX compiler: /home/skola/.espressif/tools/xtensa-esp32-elf/esp-2020r2-8.2.0/xtensa-esp32-elf/bin/xtensa-esp32-elf-g++ -- works
-- Detecting CXX compiler ABI info
-- Detecting CXX compiler ABI info - done
-- Detecting CXX compile features
-- Detecting CXX compile features - done
-- Found ament_cmake: 1.1.4 (/home/skola/Projects/int32_publisher_custom_transport/components/micro_ros_espidf_component-galactic/micro_ros_dev/install/ament_cmake/share/ament_cmake/cmake)
-- Found PythonInterp: /home/skola/.espressif/python_env/idf4.1_py3.8_env/bin/python3 (found suitable version "3.8.10", minimum required is "3") 
-- Using PYTHON_EXECUTABLE: /home/skola/.espressif/python_env/idf4.1_py3.8_env/bin/python3
-- Found rmw_implementation_cmake: 3.3.1 (/home/skola/Projects/int32_publisher_custom_transport/components/micro_ros_espidf_component-galactic/micro_ros_src/install/share/rmw_implementation_cmake/cmake)
-- Found rmw_microxrcedds: 0.0.1 (/home/skola/Projects/int32_publisher_custom_transport/components/micro_ros_espidf_component-galactic/micro_ros_src/install/share/rmw_microxrcedds/cmake)
-- Found rosidl_adapter: 2.2.1 (/home/skola/Projects/int32_publisher_custom_transport/components/micro_ros_espidf_component-galactic/micro_ros_src/install/share/rosidl_adapter/cmake)
-- 
-- Default rmw implementation: 'rmw_microxrcedds'
-- 
-- Runtime selection of RMW disabled; Only using 'rmw_microxrcedds'
-- Configuring done
-- Generating done
-- Build files have been written to: /home/skola/Projects/int32_publisher_custom_transport/components/micro_ros_espidf_component-galactic/micro_ros_src/build/rmw_implementation
-- Install configuration: "Release"
-- Installing: /home/skola/Projects/int32_publisher_custom_transport/components/micro_ros_espidf_component-galactic/micro_ros_src/install/share/ament_index/resource_index/rmw_typesupport_c/rmw_implementation
-- Installing: /home/skola/Projects/int32_publisher_custom_transport/components/micro_ros_espidf_component-galactic/micro_ros_src/install/share/ament_index/resource_index/rmw_typesupport_cpp/rmw_implementation
-- Installing: /home/skola/Projects/int32_publisher_custom_transport/components/micro_ros_espidf_component-galactic/micro_ros_src/install/share/ament_index/resource_index/rmw_typesupport/rmw_implementation
-- Installing: /home/skola/Projects/int32_publisher_custom_transport/components/micro_ros_espidf_component-galactic/micro_ros_src/install/share/ament_index/resource_index/package_run_dependencies/rmw_implementation
-- Installing: /home/skola/Projects/int32_publisher_custom_transport/components/micro_ros_espidf_component-galactic/micro_ros_src/install/share/ament_index/resource_index/parent_prefix_path/rmw_implementation
-- Installing: /home/skola/Projects/int32_publisher_custom_transport/components/micro_ros_espidf_component-galactic/micro_ros_src/install/share/rmw_implementation/environment/ament_prefix_path.sh
-- Installing: /home/skola/Projects/int32_publisher_custom_transport/components/micro_ros_espidf_component-galactic/micro_ros_src/install/share/rmw_implementation/environment/ament_prefix_path.dsv
-- Installing: /home/skola/Projects/int32_publisher_custom_transport/components/micro_ros_espidf_component-galactic/micro_ros_src/install/share/rmw_implementation/environment/path.sh
-- Installing: /home/skola/Projects/int32_publisher_custom_transport/components/micro_ros_espidf_component-galactic/micro_ros_src/install/share/rmw_implementation/environment/path.dsv
-- Installing: /home/skola/Projects/int32_publisher_custom_transport/components/micro_ros_espidf_component-galactic/micro_ros_src/install/share/rmw_implementation/local_setup.bash
-- Installing: /home/skola/Projects/int32_publisher_custom_transport/components/micro_ros_espidf_component-galactic/micro_ros_src/install/share/rmw_implementation/local_setup.sh
-- Installing: /home/skola/Projects/int32_publisher_custom_transport/components/micro_ros_espidf_component-galactic/micro_ros_src/install/share/rmw_implementation/local_setup.zsh
-- Installing: /home/skola/Projects/int32_publisher_custom_transport/components/micro_ros_espidf_component-galactic/micro_ros_src/install/share/rmw_implementation/local_setup.dsv
-- Installing: /home/skola/Projects/int32_publisher_custom_transport/components/micro_ros_espidf_component-galactic/micro_ros_src/install/share/rmw_implementation/package.dsv
-- Installing: /home/skola/Projects/int32_publisher_custom_transport/components/micro_ros_espidf_component-galactic/micro_ros_src/install/share/ament_index/resource_index/packages/rmw_implementation
-- Installing: /home/skola/Projects/int32_publisher_custom_transport/components/micro_ros_espidf_component-galactic/micro_ros_src/install/share/rmw_implementation/cmake/rmw_implementation-extras.cmake
-- Installing: /home/skola/Projects/int32_publisher_custom_transport/components/micro_ros_espidf_component-galactic/micro_ros_src/install/share/rmw_implementation/cmake/rmw_implementationConfig.cmake
-- Installing: /home/skola/Projects/int32_publisher_custom_transport/components/micro_ros_espidf_component-galactic/micro_ros_src/install/share/rmw_implementation/cmake/rmw_implementationConfig-version.cmake
-- Installing: /home/skola/Projects/int32_publisher_custom_transport/components/micro_ros_espidf_component-galactic/micro_ros_src/install/share/rmw_implementation/package.xml
