Not searching for unused variables given on the command line.
-- The C compiler identification is GNU 8.2.0
-- Check for working C compiler: /home/skola/.espressif/tools/xtensa-esp32-elf/esp-2020r2-8.2.0/xtensa-esp32-elf/bin/xtensa-esp32-elf-gcc
-- Check for working C compiler: /home/skola/.espressif/tools/xtensa-esp32-elf/esp-2020r2-8.2.0/xtensa-esp32-elf/bin/xtensa-esp32-elf-gcc -- works
-- Detecting C compiler ABI info
-- Detecting C compiler ABI info - done
-- Detecting C compile features
-- Detecting C compile features - done
-- The CXX compiler identification is GNU 8.2.0
-- Check for working CXX compiler: /home/skola/.espressif/tools/xtensa-esp32-elf/esp-2020r2-8.2.0/xtensa-esp32-elf/bin/xtensa-esp32-elf-g++
-- Check for working CXX compiler: /home/skola/.espressif/tools/xtensa-esp32-elf/esp-2020r2-8.2.0/xtensa-esp32-elf/bin/xtensa-esp32-elf-g++ -- works
-- Detecting CXX compiler ABI info
-- Detecting CXX compiler ABI info - done
-- Detecting CXX compile features
-- Detecting CXX compile features - done
-- Configuring done
-- Generating done
-- Build files have been written to: /home/skola/Projects/int32_publisher_custom_transport/components/micro_ros_espidf_component-galactic/micro_ros_src/build/microcdr
[35m[1mScanning dependencies of target ucdr[0m
[ 12%] [34m[1mCreating directories for 'ucdr'[0m
[ 25%] [34m[1mNo download step for 'ucdr'[0m
[ 37%] [34m[1mNo patch step for 'ucdr'[0m
[ 50%] [34m[1mNo update step for 'ucdr'[0m
[ 62%] [34m[1mPerforming configure step for 'ucdr'[0m
loading initial cache file /home/skola/Projects/int32_publisher_custom_transport/components/micro_ros_espidf_component-galactic/micro_ros_src/build/microcdr/ucdr-prefix/tmp/ucdr-cache-Release.cmake
-- Configuring done
-- Generating done
-- Build files have been written to: /home/skola/Projects/int32_publisher_custom_transport/components/micro_ros_espidf_component-galactic/micro_ros_src/build/microcdr
[ 75%] [34m[1mPerforming build step for 'ucdr'[0m
[35m[1mScanning dependencies of target microcdr[0m
[ 16%] [32mBuilding C object CMakeFiles/microcdr.dir/src/c/common.c.obj[0m
[ 33%] [32mBuilding C object CMakeFiles/microcdr.dir/src/c/types/basic.c.obj[0m
[ 50%] [32mBuilding C object CMakeFiles/microcdr.dir/src/c/types/sequence.c.obj[0m
[ 66%] [32mBuilding C object CMakeFiles/microcdr.dir/src/c/types/array.c.obj[0m
[ 83%] [32mBuilding C object CMakeFiles/microcdr.dir/src/c/types/string.c.obj[0m
[100%] [32m[1mLinking C static library libmicrocdr.a[0m
[100%] Built target microcdr
[34m[1mNo install step for 'ucdr'[0m
[34m[1mCompleted 'ucdr'[0m
Built target ucdr
-- Install configuration: "Release"
-- Installing: /home/skola/Projects/int32_publisher_custom_transport/components/micro_ros_espidf_component-galactic/micro_ros_src/install/lib/libmicrocdr.a
-- Installing: /home/skola/Projects/int32_publisher_custom_transport/components/micro_ros_espidf_component-galactic/micro_ros_src/install/include/ucdr
-- Installing: /home/skola/Projects/int32_publisher_custom_transport/components/micro_ros_espidf_component-galactic/micro_ros_src/install/include/ucdr/microcdr.h
-- Installing: /home/skola/Projects/int32_publisher_custom_transport/components/micro_ros_espidf_component-galactic/micro_ros_src/install/include/ucdr/visibility.h
-- Installing: /home/skola/Projects/int32_publisher_custom_transport/components/micro_ros_espidf_component-galactic/micro_ros_src/install/include/ucdr/config.h
-- Installing: /home/skola/Projects/int32_publisher_custom_transport/components/micro_ros_espidf_component-galactic/micro_ros_src/install/share/microcdr/cmake/microcdrTargets.cmake
-- Installing: /home/skola/Projects/int32_publisher_custom_transport/components/micro_ros_espidf_component-galactic/micro_ros_src/install/share/microcdr/cmake/microcdrTargets-release.cmake
-- Installing: /home/skola/Projects/int32_publisher_custom_transport/components/micro_ros_espidf_component-galactic/micro_ros_src/install/share/microcdr/cmake/microcdrConfig.cmake
-- Installing: /home/skola/Projects/int32_publisher_custom_transport/components/micro_ros_espidf_component-galactic/micro_ros_src/install/share/microcdr/cmake/microcdrConfigVersion.cmake
