[0.462s] Invoking command in '/root/dev_ws/src/sig_shutdown': PYTHONPATH=/root/dev_ws/install/sig_shutdown/lib/python3.8/site-packages:${PYTHONPATH} /usr/bin/python3 setup.py egg_info --egg-base ../../build/sig_shutdown build --build-base /root/dev_ws/build/sig_shutdown/build install --prefix /root/dev_ws/install/sig_shutdown --record /root/dev_ws/build/sig_shutdown/install.log --single-version-externally-managed
[0.725s] running egg_info
[0.726s] writing ../../build/sig_shutdown/sig_shutdown.egg-info/PKG-INFO
[0.726s] writing dependency_links to ../../build/sig_shutdown/sig_shutdown.egg-info/dependency_links.txt
[0.726s] writing entry points to ../../build/sig_shutdown/sig_shutdown.egg-info/entry_points.txt
[0.727s] writing requirements to ../../build/sig_shutdown/sig_shutdown.egg-info/requires.txt
[0.727s] writing top-level names to ../../build/sig_shutdown/sig_shutdown.egg-info/top_level.txt
[0.784s] reading manifest file '../../build/sig_shutdown/sig_shutdown.egg-info/SOURCES.txt'
[0.786s] writing manifest file '../../build/sig_shutdown/sig_shutdown.egg-info/SOURCES.txt'
[0.786s] running build
[0.786s] running build_py
[0.786s] copying sig_shutdown/main.py -> /root/dev_ws/build/sig_shutdown/build/lib/sig_shutdown
[0.786s] running install
[0.787s] running install_lib
[0.789s] copying /root/dev_ws/build/sig_shutdown/build/lib/sig_shutdown/main.py -> /root/dev_ws/install/sig_shutdown/lib/python3.8/site-packages/sig_shutdown
[0.790s] byte-compiling /root/dev_ws/install/sig_shutdown/lib/python3.8/site-packages/sig_shutdown/main.py to main.cpython-38.pyc
[0.791s] running install_data
[0.792s] running install_egg_info
[0.794s] removing '/root/dev_ws/install/sig_shutdown/lib/python3.8/site-packages/sig_shutdown-0.0.0-py3.8.egg-info' (and everything under it)
[0.794s] Copying ../../build/sig_shutdown/sig_shutdown.egg-info to /root/dev_ws/install/sig_shutdown/lib/python3.8/site-packages/sig_shutdown-0.0.0-py3.8.egg-info
[0.796s] running install_scripts
[0.821s] Installing sig_shutdown script to /root/dev_ws/install/sig_shutdown/lib/sig_shutdown
[0.821s] writing list of installed files to '/root/dev_ws/build/sig_shutdown/install.log'
[0.847s] Invoked command in '/root/dev_ws/src/sig_shutdown' returned '0': PYTHONPATH=/root/dev_ws/install/sig_shutdown/lib/python3.8/site-packages:${PYTHONPATH} /usr/bin/python3 setup.py egg_info --egg-base ../../build/sig_shutdown build --build-base /root/dev_ws/build/sig_shutdown/build install --prefix /root/dev_ws/install/sig_shutdown --record /root/dev_ws/build/sig_shutdown/install.log --single-version-externally-managed
