Not searching for unused variables given on the command line.
-- The C compiler identification is GNU 8.2.0
-- Check for working C compiler: /home/skola/.espressif/tools/xtensa-esp32-elf/esp-2020r2-8.2.0/xtensa-esp32-elf/bin/xtensa-esp32-elf-gcc
-- Check for working C compiler: /home/skola/.espressif/tools/xtensa-esp32-elf/esp-2020r2-8.2.0/xtensa-esp32-elf/bin/xtensa-esp32-elf-gcc -- works
-- Detecting C compiler ABI info
-- Detecting C compiler ABI info - done
-- Detecting C compile features
-- Detecting C compile features - done
-- Found ament_cmake_python: 1.1.4 (/home/skola/Projects/int32_publisher_custom_transport/components/micro_ros_espidf_component-galactic/micro_ros_dev/install/ament_cmake_python/share/ament_cmake_python/cmake)
-- Found ament_cmake_ros: 0.9.2 (/home/skola/Projects/int32_publisher_custom_transport/components/micro_ros_espidf_component-galactic/micro_ros_dev/install/ament_cmake_ros/share/ament_cmake_ros/cmake)
-- Found PythonInterp: /home/skola/.espressif/python_env/idf4.1_py3.8_env/bin/python3 (found suitable version "3.8.10", minimum required is "3") 
-- Using PYTHON_EXECUTABLE: /home/skola/.espressif/python_env/idf4.1_py3.8_env/bin/python3
-- Configuring done
-- Generating done
-- Build files have been written to: /home/skola/Projects/int32_publisher_custom_transport/components/micro_ros_espidf_component-galactic/micro_ros_src/build/rosidl_generator_c
[35m[1mScanning dependencies of target ament_cmake_python_copy_rosidl_generator_c[0m
[35m[1mScanning dependencies of target ament_cmake_python_copy_rosidl_generator_c_setup[0m
Built target ament_cmake_python_copy_rosidl_generator_c_setup
Built target ament_cmake_python_copy_rosidl_generator_c
[35m[1mScanning dependencies of target ament_cmake_python_build_rosidl_generator_c_egg[0m
running egg_info
creating rosidl_generator_c.egg-info
writing rosidl_generator_c.egg-info/PKG-INFO
writing dependency_links to rosidl_generator_c.egg-info/dependency_links.txt
writing entry points to rosidl_generator_c.egg-info/entry_points.txt
writing top-level names to rosidl_generator_c.egg-info/top_level.txt
writing manifest file 'rosidl_generator_c.egg-info/SOURCES.txt'
reading manifest file 'rosidl_generator_c.egg-info/SOURCES.txt'
writing manifest file 'rosidl_generator_c.egg-info/SOURCES.txt'
Built target ament_cmake_python_build_rosidl_generator_c_egg
-- Install configuration: "Release"
-- Installing: /home/skola/Projects/int32_publisher_custom_transport/components/micro_ros_espidf_component-galactic/micro_ros_src/install/share/ament_index/resource_index/rosidl_generator_packages/rosidl_generator_c
-- Installing: /home/skola/Projects/int32_publisher_custom_transport/components/micro_ros_espidf_component-galactic/micro_ros_src/install/share/rosidl_generator_c/environment/pythonpath.sh
-- Installing: /home/skola/Projects/int32_publisher_custom_transport/components/micro_ros_espidf_component-galactic/micro_ros_src/install/share/rosidl_generator_c/environment/pythonpath.dsv
-- Installing: /home/skola/Projects/int32_publisher_custom_transport/components/micro_ros_espidf_component-galactic/micro_ros_src/install/lib/python3.8/site-packages//rosidl_generator_c.egg-info
-- Installing: /home/skola/Projects/int32_publisher_custom_transport/components/micro_ros_espidf_component-galactic/micro_ros_src/install/lib/python3.8/site-packages//rosidl_generator_c.egg-info/top_level.txt
-- Installing: /home/skola/Projects/int32_publisher_custom_transport/components/micro_ros_espidf_component-galactic/micro_ros_src/install/lib/python3.8/site-packages//rosidl_generator_c.egg-info/entry_points.txt
-- Installing: /home/skola/Projects/int32_publisher_custom_transport/components/micro_ros_espidf_component-galactic/micro_ros_src/install/lib/python3.8/site-packages//rosidl_generator_c.egg-info/PKG-INFO
-- Installing: /home/skola/Projects/int32_publisher_custom_transport/components/micro_ros_espidf_component-galactic/micro_ros_src/install/lib/python3.8/site-packages//rosidl_generator_c.egg-info/dependency_links.txt
-- Installing: /home/skola/Projects/int32_publisher_custom_transport/components/micro_ros_espidf_component-galactic/micro_ros_src/install/lib/python3.8/site-packages//rosidl_generator_c.egg-info/SOURCES.txt
-- Installing: /home/skola/Projects/int32_publisher_custom_transport/components/micro_ros_espidf_component-galactic/micro_ros_src/install/lib/python3.8/site-packages/rosidl_generator_c
-- Installing: /home/skola/Projects/int32_publisher_custom_transport/components/micro_ros_espidf_component-galactic/micro_ros_src/install/lib/python3.8/site-packages/rosidl_generator_c/cli.py
-- Installing: /home/skola/Projects/int32_publisher_custom_transport/components/micro_ros_espidf_component-galactic/micro_ros_src/install/lib/python3.8/site-packages/rosidl_generator_c/__init__.py
Listing '/home/skola/Projects/int32_publisher_custom_transport/components/micro_ros_espidf_component-galactic/micro_ros_src/install/lib/python3.8/site-packages/rosidl_generator_c'...
Compiling '/home/skola/Projects/int32_publisher_custom_transport/components/micro_ros_espidf_component-galactic/micro_ros_src/install/lib/python3.8/site-packages/rosidl_generator_c/__init__.py'...
Compiling '/home/skola/Projects/int32_publisher_custom_transport/components/micro_ros_espidf_component-galactic/micro_ros_src/install/lib/python3.8/site-packages/rosidl_generator_c/cli.py'...
-- Installing: /home/skola/Projects/int32_publisher_custom_transport/components/micro_ros_espidf_component-galactic/micro_ros_src/install/share/ament_index/resource_index/package_run_dependencies/rosidl_generator_c
-- Installing: /home/skola/Projects/int32_publisher_custom_transport/components/micro_ros_espidf_component-galactic/micro_ros_src/install/share/ament_index/resource_index/parent_prefix_path/rosidl_generator_c
-- Installing: /home/skola/Projects/int32_publisher_custom_transport/components/micro_ros_espidf_component-galactic/micro_ros_src/install/share/rosidl_generator_c/environment/ament_prefix_path.sh
-- Installing: /home/skola/Projects/int32_publisher_custom_transport/components/micro_ros_espidf_component-galactic/micro_ros_src/install/share/rosidl_generator_c/environment/ament_prefix_path.dsv
-- Installing: /home/skola/Projects/int32_publisher_custom_transport/components/micro_ros_espidf_component-galactic/micro_ros_src/install/share/rosidl_generator_c/environment/path.sh
-- Installing: /home/skola/Projects/int32_publisher_custom_transport/components/micro_ros_espidf_component-galactic/micro_ros_src/install/share/rosidl_generator_c/environment/path.dsv
-- Installing: /home/skola/Projects/int32_publisher_custom_transport/components/micro_ros_espidf_component-galactic/micro_ros_src/install/share/rosidl_generator_c/local_setup.bash
-- Installing: /home/skola/Projects/int32_publisher_custom_transport/components/micro_ros_espidf_component-galactic/micro_ros_src/install/share/rosidl_generator_c/local_setup.sh
-- Installing: /home/skola/Projects/int32_publisher_custom_transport/components/micro_ros_espidf_component-galactic/micro_ros_src/install/share/rosidl_generator_c/local_setup.zsh
-- Installing: /home/skola/Projects/int32_publisher_custom_transport/components/micro_ros_espidf_component-galactic/micro_ros_src/install/share/rosidl_generator_c/local_setup.dsv
-- Installing: /home/skola/Projects/int32_publisher_custom_transport/components/micro_ros_espidf_component-galactic/micro_ros_src/install/share/rosidl_generator_c/package.dsv
-- Installing: /home/skola/Projects/int32_publisher_custom_transport/components/micro_ros_espidf_component-galactic/micro_ros_src/install/share/ament_index/resource_index/packages/rosidl_generator_c
-- Installing: /home/skola/Projects/int32_publisher_custom_transport/components/micro_ros_espidf_component-galactic/micro_ros_src/install/share/rosidl_generator_c/cmake/rosidl_generator_c-extras.cmake
-- Installing: /home/skola/Projects/int32_publisher_custom_transport/components/micro_ros_espidf_component-galactic/micro_ros_src/install/share/rosidl_generator_c/cmake/ament_cmake_export_dependencies-extras.cmake
-- Installing: /home/skola/Projects/int32_publisher_custom_transport/components/micro_ros_espidf_component-galactic/micro_ros_src/install/share/rosidl_generator_c/cmake/rosidl_generator_cConfig.cmake
-- Installing: /home/skola/Projects/int32_publisher_custom_transport/components/micro_ros_espidf_component-galactic/micro_ros_src/install/share/rosidl_generator_c/cmake/rosidl_generator_cConfig-version.cmake
-- Installing: /home/skola/Projects/int32_publisher_custom_transport/components/micro_ros_espidf_component-galactic/micro_ros_src/install/share/rosidl_generator_c/package.xml
-- Installing: /home/skola/Projects/int32_publisher_custom_transport/components/micro_ros_espidf_component-galactic/micro_ros_src/install/lib/rosidl_generator_c/rosidl_generator_c
-- Up-to-date: /home/skola/Projects/int32_publisher_custom_transport/components/micro_ros_espidf_component-galactic/micro_ros_src/install/share/rosidl_generator_c/cmake
-- Installing: /home/skola/Projects/int32_publisher_custom_transport/components/micro_ros_espidf_component-galactic/micro_ros_src/install/share/rosidl_generator_c/cmake/register_c.cmake
-- Installing: /home/skola/Projects/int32_publisher_custom_transport/components/micro_ros_espidf_component-galactic/micro_ros_src/install/share/rosidl_generator_c/cmake/rosidl_generator_c_generate_interfaces.cmake
-- Installing: /home/skola/Projects/int32_publisher_custom_transport/components/micro_ros_espidf_component-galactic/micro_ros_src/install/share/rosidl_generator_c/resource
-- Installing: /home/skola/Projects/int32_publisher_custom_transport/components/micro_ros_espidf_component-galactic/micro_ros_src/install/share/rosidl_generator_c/resource/idl__type_support.h.em
-- Installing: /home/skola/Projects/int32_publisher_custom_transport/components/micro_ros_espidf_component-galactic/micro_ros_src/install/share/rosidl_generator_c/resource/msg__functions.c.em
-- Installing: /home/skola/Projects/int32_publisher_custom_transport/components/micro_ros_espidf_component-galactic/micro_ros_src/install/share/rosidl_generator_c/resource/action__type_support.h.em
-- Installing: /home/skola/Projects/int32_publisher_custom_transport/components/micro_ros_espidf_component-galactic/micro_ros_src/install/share/rosidl_generator_c/resource/idl__struct.h.em
-- Installing: /home/skola/Projects/int32_publisher_custom_transport/components/micro_ros_espidf_component-galactic/micro_ros_src/install/share/rosidl_generator_c/resource/rosidl_generator_c__visibility_control.h.in
-- Installing: /home/skola/Projects/int32_publisher_custom_transport/components/micro_ros_espidf_component-galactic/micro_ros_src/install/share/rosidl_generator_c/resource/idl__functions.h.em
-- Installing: /home/skola/Projects/int32_publisher_custom_transport/components/micro_ros_espidf_component-galactic/micro_ros_src/install/share/rosidl_generator_c/resource/idl__functions.c.em
-- Installing: /home/skola/Projects/int32_publisher_custom_transport/components/micro_ros_espidf_component-galactic/micro_ros_src/install/share/rosidl_generator_c/resource/msg__type_support.h.em
-- Installing: /home/skola/Projects/int32_publisher_custom_transport/components/micro_ros_espidf_component-galactic/micro_ros_src/install/share/rosidl_generator_c/resource/srv__type_support.h.em
-- Installing: /home/skola/Projects/int32_publisher_custom_transport/components/micro_ros_espidf_component-galactic/micro_ros_src/install/share/rosidl_generator_c/resource/msg__functions.h.em
-- Installing: /home/skola/Projects/int32_publisher_custom_transport/components/micro_ros_espidf_component-galactic/micro_ros_src/install/share/rosidl_generator_c/resource/idl.h.em
-- Installing: /home/skola/Projects/int32_publisher_custom_transport/components/micro_ros_espidf_component-galactic/micro_ros_src/install/share/rosidl_generator_c/resource/msg__struct.h.em
