[0.802s] Invoking command in '/home/skola/Projects/int32_publisher_custom_transport/components/micro_ros_espidf_component-galactic/micro_ros_src/src/ros2_tracing/tracetools_trace': PYTHONPATH=/home/skola/Projects/int32_publisher_custom_transport/components/micro_ros_espidf_component-galactic/micro_ros_src/install/lib/python3.8/site-packages:${PYTHONPATH} /home/skola/.espressif/python_env/idf4.1_py3.8_env/bin/python setup.py egg_info --egg-base ../../../build/tracetools_trace build --build-base /home/skola/Projects/int32_publisher_custom_transport/components/micro_ros_espidf_component-galactic/micro_ros_src/build/tracetools_trace/build install --prefix /home/skola/Projects/int32_publisher_custom_transport/components/micro_ros_espidf_component-galactic/micro_ros_src/install --record /home/skola/Projects/int32_publisher_custom_transport/components/micro_ros_espidf_component-galactic/micro_ros_src/build/tracetools_trace/install.log --single-version-externally-managed
[1.135s] running egg_info
[1.136s] creating ../../../build/tracetools_trace/tracetools_trace.egg-info
[1.136s] writing ../../../build/tracetools_trace/tracetools_trace.egg-info/PKG-INFO
[1.136s] writing dependency_links to ../../../build/tracetools_trace/tracetools_trace.egg-info/dependency_links.txt
[1.136s] writing entry points to ../../../build/tracetools_trace/tracetools_trace.egg-info/entry_points.txt
[1.136s] writing requirements to ../../../build/tracetools_trace/tracetools_trace.egg-info/requires.txt
[1.137s] writing top-level names to ../../../build/tracetools_trace/tracetools_trace.egg-info/top_level.txt
[1.137s] writing manifest file '../../../build/tracetools_trace/tracetools_trace.egg-info/SOURCES.txt'
[1.137s] reading manifest file '../../../build/tracetools_trace/tracetools_trace.egg-info/SOURCES.txt'
[1.137s] writing manifest file '../../../build/tracetools_trace/tracetools_trace.egg-info/SOURCES.txt'
[1.137s] running build
[1.137s] running build_py
[1.137s] creating /home/skola/Projects/int32_publisher_custom_transport/components/micro_ros_espidf_component-galactic/micro_ros_src/build/tracetools_trace/build
[1.137s] creating /home/skola/Projects/int32_publisher_custom_transport/components/micro_ros_espidf_component-galactic/micro_ros_src/build/tracetools_trace/build/lib
[1.138s] creating /home/skola/Projects/int32_publisher_custom_transport/components/micro_ros_espidf_component-galactic/micro_ros_src/build/tracetools_trace/build/lib/tracetools_trace
[1.144s] copying tracetools_trace/trace.py -> /home/skola/Projects/int32_publisher_custom_transport/components/micro_ros_espidf_component-galactic/micro_ros_src/build/tracetools_trace/build/lib/tracetools_trace
[1.149s] copying tracetools_trace/__init__.py -> /home/skola/Projects/int32_publisher_custom_transport/components/micro_ros_espidf_component-galactic/micro_ros_src/build/tracetools_trace/build/lib/tracetools_trace
[1.149s] creating /home/skola/Projects/int32_publisher_custom_transport/components/micro_ros_espidf_component-galactic/micro_ros_src/build/tracetools_trace/build/lib/tracetools_trace/tools
[1.149s] copying tracetools_trace/tools/lttng_impl.py -> /home/skola/Projects/int32_publisher_custom_transport/components/micro_ros_espidf_component-galactic/micro_ros_src/build/tracetools_trace/build/lib/tracetools_trace/tools
[1.149s] copying tracetools_trace/tools/path.py -> /home/skola/Projects/int32_publisher_custom_transport/components/micro_ros_espidf_component-galactic/micro_ros_src/build/tracetools_trace/build/lib/tracetools_trace/tools
[1.150s] copying tracetools_trace/tools/names.py -> /home/skola/Projects/int32_publisher_custom_transport/components/micro_ros_espidf_component-galactic/micro_ros_src/build/tracetools_trace/build/lib/tracetools_trace/tools
[1.150s] copying tracetools_trace/tools/lttng_stub.py -> /home/skola/Projects/int32_publisher_custom_transport/components/micro_ros_espidf_component-galactic/micro_ros_src/build/tracetools_trace/build/lib/tracetools_trace/tools
[1.151s] copying tracetools_trace/tools/lttng.py -> /home/skola/Projects/int32_publisher_custom_transport/components/micro_ros_espidf_component-galactic/micro_ros_src/build/tracetools_trace/build/lib/tracetools_trace/tools
[1.151s] copying tracetools_trace/tools/__init__.py -> /home/skola/Projects/int32_publisher_custom_transport/components/micro_ros_espidf_component-galactic/micro_ros_src/build/tracetools_trace/build/lib/tracetools_trace/tools
[1.152s] copying tracetools_trace/tools/signals.py -> /home/skola/Projects/int32_publisher_custom_transport/components/micro_ros_espidf_component-galactic/micro_ros_src/build/tracetools_trace/build/lib/tracetools_trace/tools
[1.158s] copying tracetools_trace/tools/args.py -> /home/skola/Projects/int32_publisher_custom_transport/components/micro_ros_espidf_component-galactic/micro_ros_src/build/tracetools_trace/build/lib/tracetools_trace/tools
[1.158s] running install
[1.178s] running install_lib
[1.178s] creating /home/skola/Projects/int32_publisher_custom_transport/components/micro_ros_espidf_component-galactic/micro_ros_src/install/lib/python3.8/site-packages/tracetools_trace
[1.178s] creating /home/skola/Projects/int32_publisher_custom_transport/components/micro_ros_espidf_component-galactic/micro_ros_src/install/lib/python3.8/site-packages/tracetools_trace/tools
[1.179s] copying /home/skola/Projects/int32_publisher_custom_transport/components/micro_ros_espidf_component-galactic/micro_ros_src/build/tracetools_trace/build/lib/tracetools_trace/tools/lttng_impl.py -> /home/skola/Projects/int32_publisher_custom_transport/components/micro_ros_espidf_component-galactic/micro_ros_src/install/lib/python3.8/site-packages/tracetools_trace/tools
[1.180s] copying /home/skola/Projects/int32_publisher_custom_transport/components/micro_ros_espidf_component-galactic/micro_ros_src/build/tracetools_trace/build/lib/tracetools_trace/tools/path.py -> /home/skola/Projects/int32_publisher_custom_transport/components/micro_ros_espidf_component-galactic/micro_ros_src/install/lib/python3.8/site-packages/tracetools_trace/tools
[1.181s] copying /home/skola/Projects/int32_publisher_custom_transport/components/micro_ros_espidf_component-galactic/micro_ros_src/build/tracetools_trace/build/lib/tracetools_trace/tools/names.py -> /home/skola/Projects/int32_publisher_custom_transport/components/micro_ros_espidf_component-galactic/micro_ros_src/install/lib/python3.8/site-packages/tracetools_trace/tools
[1.181s] copying /home/skola/Projects/int32_publisher_custom_transport/components/micro_ros_espidf_component-galactic/micro_ros_src/build/tracetools_trace/build/lib/tracetools_trace/tools/lttng_stub.py -> /home/skola/Projects/int32_publisher_custom_transport/components/micro_ros_espidf_component-galactic/micro_ros_src/install/lib/python3.8/site-packages/tracetools_trace/tools
[1.181s] copying /home/skola/Projects/int32_publisher_custom_transport/components/micro_ros_espidf_component-galactic/micro_ros_src/build/tracetools_trace/build/lib/tracetools_trace/tools/lttng.py -> /home/skola/Projects/int32_publisher_custom_transport/components/micro_ros_espidf_component-galactic/micro_ros_src/install/lib/python3.8/site-packages/tracetools_trace/tools
[1.181s] copying /home/skola/Projects/int32_publisher_custom_transport/components/micro_ros_espidf_component-galactic/micro_ros_src/build/tracetools_trace/build/lib/tracetools_trace/tools/__init__.py -> /home/skola/Projects/int32_publisher_custom_transport/components/micro_ros_espidf_component-galactic/micro_ros_src/install/lib/python3.8/site-packages/tracetools_trace/tools
[1.181s] copying /home/skola/Projects/int32_publisher_custom_transport/components/micro_ros_espidf_component-galactic/micro_ros_src/build/tracetools_trace/build/lib/tracetools_trace/tools/signals.py -> /home/skola/Projects/int32_publisher_custom_transport/components/micro_ros_espidf_component-galactic/micro_ros_src/install/lib/python3.8/site-packages/tracetools_trace/tools
[1.181s] copying /home/skola/Projects/int32_publisher_custom_transport/components/micro_ros_espidf_component-galactic/micro_ros_src/build/tracetools_trace/build/lib/tracetools_trace/tools/args.py -> /home/skola/Projects/int32_publisher_custom_transport/components/micro_ros_espidf_component-galactic/micro_ros_src/install/lib/python3.8/site-packages/tracetools_trace/tools
[1.182s] copying /home/skola/Projects/int32_publisher_custom_transport/components/micro_ros_espidf_component-galactic/micro_ros_src/build/tracetools_trace/build/lib/tracetools_trace/trace.py -> /home/skola/Projects/int32_publisher_custom_transport/components/micro_ros_espidf_component-galactic/micro_ros_src/install/lib/python3.8/site-packages/tracetools_trace
[1.182s] copying /home/skola/Projects/int32_publisher_custom_transport/components/micro_ros_espidf_component-galactic/micro_ros_src/build/tracetools_trace/build/lib/tracetools_trace/__init__.py -> /home/skola/Projects/int32_publisher_custom_transport/components/micro_ros_espidf_component-galactic/micro_ros_src/install/lib/python3.8/site-packages/tracetools_trace
[1.183s] byte-compiling /home/skola/Projects/int32_publisher_custom_transport/components/micro_ros_espidf_component-galactic/micro_ros_src/install/lib/python3.8/site-packages/tracetools_trace/tools/lttng_impl.py to lttng_impl.cpython-38.pyc
[1.183s] byte-compiling /home/skola/Projects/int32_publisher_custom_transport/components/micro_ros_espidf_component-galactic/micro_ros_src/install/lib/python3.8/site-packages/tracetools_trace/tools/path.py to path.cpython-38.pyc
[1.183s] byte-compiling /home/skola/Projects/int32_publisher_custom_transport/components/micro_ros_espidf_component-galactic/micro_ros_src/install/lib/python3.8/site-packages/tracetools_trace/tools/names.py to names.cpython-38.pyc
[1.183s] byte-compiling /home/skola/Projects/int32_publisher_custom_transport/components/micro_ros_espidf_component-galactic/micro_ros_src/install/lib/python3.8/site-packages/tracetools_trace/tools/lttng_stub.py to lttng_stub.cpython-38.pyc
[1.183s] byte-compiling /home/skola/Projects/int32_publisher_custom_transport/components/micro_ros_espidf_component-galactic/micro_ros_src/install/lib/python3.8/site-packages/tracetools_trace/tools/lttng.py to lttng.cpython-38.pyc
[1.183s] byte-compiling /home/skola/Projects/int32_publisher_custom_transport/components/micro_ros_espidf_component-galactic/micro_ros_src/install/lib/python3.8/site-packages/tracetools_trace/tools/__init__.py to __init__.cpython-38.pyc
[1.183s] byte-compiling /home/skola/Projects/int32_publisher_custom_transport/components/micro_ros_espidf_component-galactic/micro_ros_src/install/lib/python3.8/site-packages/tracetools_trace/tools/signals.py to signals.cpython-38.pyc
[1.183s] byte-compiling /home/skola/Projects/int32_publisher_custom_transport/components/micro_ros_espidf_component-galactic/micro_ros_src/install/lib/python3.8/site-packages/tracetools_trace/tools/args.py to args.cpython-38.pyc
[1.183s] byte-compiling /home/skola/Projects/int32_publisher_custom_transport/components/micro_ros_espidf_component-galactic/micro_ros_src/install/lib/python3.8/site-packages/tracetools_trace/trace.py to trace.cpython-38.pyc
[1.184s] byte-compiling /home/skola/Projects/int32_publisher_custom_transport/components/micro_ros_espidf_component-galactic/micro_ros_src/install/lib/python3.8/site-packages/tracetools_trace/__init__.py to __init__.cpython-38.pyc
[1.184s] running install_data
[1.184s] copying package.xml -> /home/skola/Projects/int32_publisher_custom_transport/components/micro_ros_espidf_component-galactic/micro_ros_src/install/share/tracetools_trace
[1.184s] copying resource/tracetools_trace -> /home/skola/Projects/int32_publisher_custom_transport/components/micro_ros_espidf_component-galactic/micro_ros_src/install/share/ament_index/resource_index/packages
[1.184s] running install_egg_info
[1.184s] Copying ../../../build/tracetools_trace/tracetools_trace.egg-info to /home/skola/Projects/int32_publisher_custom_transport/components/micro_ros_espidf_component-galactic/micro_ros_src/install/lib/python3.8/site-packages/tracetools_trace-2.3.0-py3.8.egg-info
[1.184s] running install_scripts
[1.186s] Installing trace script to /home/skola/Projects/int32_publisher_custom_transport/components/micro_ros_espidf_component-galactic/micro_ros_src/install/bin
[1.186s] writing list of installed files to '/home/skola/Projects/int32_publisher_custom_transport/components/micro_ros_espidf_component-galactic/micro_ros_src/build/tracetools_trace/install.log'
[1.321s] Invoked command in '/home/skola/Projects/int32_publisher_custom_transport/components/micro_ros_espidf_component-galactic/micro_ros_src/src/ros2_tracing/tracetools_trace' returned '0': PYTHONPATH=/home/skola/Projects/int32_publisher_custom_transport/components/micro_ros_espidf_component-galactic/micro_ros_src/install/lib/python3.8/site-packages:${PYTHONPATH} /home/skola/.espressif/python_env/idf4.1_py3.8_env/bin/python setup.py egg_info --egg-base ../../../build/tracetools_trace build --build-base /home/skola/Projects/int32_publisher_custom_transport/components/micro_ros_espidf_component-galactic/micro_ros_src/build/tracetools_trace/build install --prefix /home/skola/Projects/int32_publisher_custom_transport/components/micro_ros_espidf_component-galactic/micro_ros_src/install --record /home/skola/Projects/int32_publisher_custom_transport/components/micro_ros_espidf_component-galactic/micro_ros_src/build/tracetools_trace/install.log --single-version-externally-managed
