Not searching for unused variables given on the command line.
-- The C compiler identification is GNU 8.2.0
-- The CXX compiler identification is GNU 8.2.0
-- Check for working C compiler: /home/skola/.espressif/tools/xtensa-esp32-elf/esp-2020r2-8.2.0/xtensa-esp32-elf/bin/xtensa-esp32-elf-gcc
-- Check for working C compiler: /home/skola/.espressif/tools/xtensa-esp32-elf/esp-2020r2-8.2.0/xtensa-esp32-elf/bin/xtensa-esp32-elf-gcc -- works
-- Detecting C compiler ABI info
-- Detecting C compiler ABI info - done
-- Detecting C compile features
-- Detecting C compile features - done
-- Check for working CXX compiler: /home/skola/.espressif/tools/xtensa-esp32-elf/esp-2020r2-8.2.0/xtensa-esp32-elf/bin/xtensa-esp32-elf-g++
-- Check for working CXX compiler: /home/skola/.espressif/tools/xtensa-esp32-elf/esp-2020r2-8.2.0/xtensa-esp32-elf/bin/xtensa-esp32-elf-g++ -- works
-- Detecting CXX compiler ABI info
-- Detecting CXX compiler ABI info - done
-- Detecting CXX compile features
-- Detecting CXX compile features - done
-- Found ament_cmake: 1.1.4 (/home/skola/Projects/int32_publisher_custom_transport/components/micro_ros_espidf_component-galactic/micro_ros_dev/install/ament_cmake/share/ament_cmake/cmake)
-- Found PythonInterp: /home/skola/.espressif/python_env/idf4.1_py3.8_env/bin/python3 (found suitable version "3.8.10", minimum required is "3") 
-- Using PYTHON_EXECUTABLE: /home/skola/.espressif/python_env/idf4.1_py3.8_env/bin/python3
-- Found builtin_interfaces: 1.0.3 (/home/skola/Projects/int32_publisher_custom_transport/components/micro_ros_espidf_component-galactic/micro_ros_src/install/share/builtin_interfaces/cmake)
-- Using all available rosidl_typesupport_c: rosidl_typesupport_introspection_c;rosidl_typesupport_microxrcedds_c
-- Found rosidl_adapter: 2.2.1 (/home/skola/Projects/int32_publisher_custom_transport/components/micro_ros_espidf_component-galactic/micro_ros_src/install/share/rosidl_adapter/cmake)
-- Found rosidl_default_generators: 1.1.1 (/home/skola/Projects/int32_publisher_custom_transport/components/micro_ros_espidf_component-galactic/micro_ros_src/install/share/rosidl_default_generators/cmake)
-- Found PythonInterp: /home/skola/.espressif/python_env/idf4.1_py3.8_env/bin/python3 (found version "3.8.10") 
-- Found ament_cmake_ros: 0.9.2 (/home/skola/Projects/int32_publisher_custom_transport/components/micro_ros_espidf_component-galactic/micro_ros_dev/install/ament_cmake_ros/share/ament_cmake_ros/cmake)
-- Using all available rosidl_typesupport_c: rosidl_typesupport_introspection_c;rosidl_typesupport_microxrcedds_c
-- Configuring done
-- Generating done
-- Build files have been written to: /home/skola/Projects/int32_publisher_custom_transport/components/micro_ros_espidf_component-galactic/micro_ros_src/build/std_msgs
[  0%] [34m[1mGenerating C code for ROS interfaces[0m
[35m[1mScanning dependencies of target std_msgs__rosidl_generator_c[0m
[  1%] [32mBuilding C object CMakeFiles/std_msgs__rosidl_generator_c.dir/rosidl_generator_c/std_msgs/msg/detail/bool__functions.c.obj[0m
[  2%] [32mBuilding C object CMakeFiles/std_msgs__rosidl_generator_c.dir/rosidl_generator_c/std_msgs/msg/detail/byte__functions.c.obj[0m
[  2%] [32mBuilding C object CMakeFiles/std_msgs__rosidl_generator_c.dir/rosidl_generator_c/std_msgs/msg/detail/char__functions.c.obj[0m
[  3%] [32mBuilding C object CMakeFiles/std_msgs__rosidl_generator_c.dir/rosidl_generator_c/std_msgs/msg/detail/color_rgba__functions.c.obj[0m
[  4%] [32mBuilding C object CMakeFiles/std_msgs__rosidl_generator_c.dir/rosidl_generator_c/std_msgs/msg/detail/byte_multi_array__functions.c.obj[0m
[  5%] [32mBuilding C object CMakeFiles/std_msgs__rosidl_generator_c.dir/rosidl_generator_c/std_msgs/msg/detail/empty__functions.c.obj[0m
[  6%] [32mBuilding C object CMakeFiles/std_msgs__rosidl_generator_c.dir/rosidl_generator_c/std_msgs/msg/detail/float32__functions.c.obj[0m
[  7%] [32mBuilding C object CMakeFiles/std_msgs__rosidl_generator_c.dir/rosidl_generator_c/std_msgs/msg/detail/float32_multi_array__functions.c.obj[0m
[  8%] [32mBuilding C object CMakeFiles/std_msgs__rosidl_generator_c.dir/rosidl_generator_c/std_msgs/msg/detail/float64_multi_array__functions.c.obj[0m
[  8%] [32mBuilding C object CMakeFiles/std_msgs__rosidl_generator_c.dir/rosidl_generator_c/std_msgs/msg/detail/float64__functions.c.obj[0m
[  9%] [32mBuilding C object CMakeFiles/std_msgs__rosidl_generator_c.dir/rosidl_generator_c/std_msgs/msg/detail/header__functions.c.obj[0m
[ 10%] [32mBuilding C object CMakeFiles/std_msgs__rosidl_generator_c.dir/rosidl_generator_c/std_msgs/msg/detail/int16__functions.c.obj[0m
[ 10%] [32mBuilding C object CMakeFiles/std_msgs__rosidl_generator_c.dir/rosidl_generator_c/std_msgs/msg/detail/int16_multi_array__functions.c.obj[0m
[ 11%] [32mBuilding C object CMakeFiles/std_msgs__rosidl_generator_c.dir/rosidl_generator_c/std_msgs/msg/detail/int32__functions.c.obj[0m
[ 12%] [32mBuilding C object CMakeFiles/std_msgs__rosidl_generator_c.dir/rosidl_generator_c/std_msgs/msg/detail/int32_multi_array__functions.c.obj[0m
[ 13%] [32mBuilding C object CMakeFiles/std_msgs__rosidl_generator_c.dir/rosidl_generator_c/std_msgs/msg/detail/int64__functions.c.obj[0m
[ 14%] [32mBuilding C object CMakeFiles/std_msgs__rosidl_generator_c.dir/rosidl_generator_c/std_msgs/msg/detail/int64_multi_array__functions.c.obj[0m
[ 14%] [32mBuilding C object CMakeFiles/std_msgs__rosidl_generator_c.dir/rosidl_generator_c/std_msgs/msg/detail/int8__functions.c.obj[0m
[ 15%] [32mBuilding C object CMakeFiles/std_msgs__rosidl_generator_c.dir/rosidl_generator_c/std_msgs/msg/detail/int8_multi_array__functions.c.obj[0m
[ 16%] [32mBuilding C object CMakeFiles/std_msgs__rosidl_generator_c.dir/rosidl_generator_c/std_msgs/msg/detail/multi_array_dimension__functions.c.obj[0m
[ 17%] [32mBuilding C object CMakeFiles/std_msgs__rosidl_generator_c.dir/rosidl_generator_c/std_msgs/msg/detail/u_int16__functions.c.obj[0m
[ 17%] [32mBuilding C object CMakeFiles/std_msgs__rosidl_generator_c.dir/rosidl_generator_c/std_msgs/msg/detail/string__functions.c.obj[0m
[ 18%] [32mBuilding C object CMakeFiles/std_msgs__rosidl_generator_c.dir/rosidl_generator_c/std_msgs/msg/detail/u_int16_multi_array__functions.c.obj[0m
[ 19%] [32mBuilding C object CMakeFiles/std_msgs__rosidl_generator_c.dir/rosidl_generator_c/std_msgs/msg/detail/multi_array_layout__functions.c.obj[0m
[ 20%] [32mBuilding C object CMakeFiles/std_msgs__rosidl_generator_c.dir/rosidl_generator_c/std_msgs/msg/detail/u_int32__functions.c.obj[0m
[ 21%] [32mBuilding C object CMakeFiles/std_msgs__rosidl_generator_c.dir/rosidl_generator_c/std_msgs/msg/detail/u_int8_multi_array__functions.c.obj[0m
[ 22%] [32mBuilding C object CMakeFiles/std_msgs__rosidl_generator_c.dir/rosidl_generator_c/std_msgs/msg/detail/u_int32_multi_array__functions.c.obj[0m
[ 22%] [32mBuilding C object CMakeFiles/std_msgs__rosidl_generator_c.dir/rosidl_generator_c/std_msgs/msg/detail/u_int64__functions.c.obj[0m
[ 23%] [32mBuilding C object CMakeFiles/std_msgs__rosidl_generator_c.dir/rosidl_generator_c/std_msgs/msg/detail/u_int64_multi_array__functions.c.obj[0m
[ 24%] [32mBuilding C object CMakeFiles/std_msgs__rosidl_generator_c.dir/rosidl_generator_c/std_msgs/msg/detail/u_int8__functions.c.obj[0m
[ 25%] [32m[1mLinking CXX static library libstd_msgs__rosidl_generator_c.a[0m
[ 25%] Built target std_msgs__rosidl_generator_c
[ 25%] [34m[1mGenerating C type support for eProsima Micro XRCE-DDS[0m
[ 25%] [34m[1mGenerating C type support dispatch for ROS interfaces[0m
[ 25%] [34m[1mGenerating C introspection for ROS interfaces[0m
[35m[1mScanning dependencies of target std_msgs__rosidl_typesupport_c[0m
[ 26%] [32mBuilding CXX object CMakeFiles/std_msgs__rosidl_typesupport_c.dir/rosidl_typesupport_c/std_msgs/msg/bool__type_support.cpp.obj[0m
[ 27%] [32mBuilding CXX object CMakeFiles/std_msgs__rosidl_typesupport_c.dir/rosidl_typesupport_c/std_msgs/msg/byte__type_support.cpp.obj[0m
[ 27%] [32mBuilding CXX object CMakeFiles/std_msgs__rosidl_typesupport_c.dir/rosidl_typesupport_c/std_msgs/msg/char__type_support.cpp.obj[0m
[ 28%] [32mBuilding CXX object CMakeFiles/std_msgs__rosidl_typesupport_c.dir/rosidl_typesupport_c/std_msgs/msg/byte_multi_array__type_support.cpp.obj[0m
[ 29%] [32mBuilding CXX object CMakeFiles/std_msgs__rosidl_typesupport_c.dir/rosidl_typesupport_c/std_msgs/msg/color_rgba__type_support.cpp.obj[0m
[ 30%] [32mBuilding CXX object CMakeFiles/std_msgs__rosidl_typesupport_c.dir/rosidl_typesupport_c/std_msgs/msg/empty__type_support.cpp.obj[0m
[ 30%] [32mBuilding CXX object CMakeFiles/std_msgs__rosidl_typesupport_c.dir/rosidl_typesupport_c/std_msgs/msg/float64__type_support.cpp.obj[0m
[ 31%] [32mBuilding CXX object CMakeFiles/std_msgs__rosidl_typesupport_c.dir/rosidl_typesupport_c/std_msgs/msg/float32_multi_array__type_support.cpp.obj[0m
[ 32%] [32mBuilding CXX object CMakeFiles/std_msgs__rosidl_typesupport_c.dir/rosidl_typesupport_c/std_msgs/msg/float32__type_support.cpp.obj[0m
[ 33%] [32mBuilding CXX object CMakeFiles/std_msgs__rosidl_typesupport_c.dir/rosidl_typesupport_c/std_msgs/msg/float64_multi_array__type_support.cpp.obj[0m
[ 34%] [32mBuilding CXX object CMakeFiles/std_msgs__rosidl_typesupport_c.dir/rosidl_typesupport_c/std_msgs/msg/header__type_support.cpp.obj[0m
[ 35%] [32mBuilding CXX object CMakeFiles/std_msgs__rosidl_typesupport_c.dir/rosidl_typesupport_c/std_msgs/msg/int16__type_support.cpp.obj[0m
[ 35%] [32mBuilding CXX object CMakeFiles/std_msgs__rosidl_typesupport_c.dir/rosidl_typesupport_c/std_msgs/msg/int16_multi_array__type_support.cpp.obj[0m
[ 36%] [32mBuilding CXX object CMakeFiles/std_msgs__rosidl_typesupport_c.dir/rosidl_typesupport_c/std_msgs/msg/int32__type_support.cpp.obj[0m
[ 37%] [32mBuilding CXX object CMakeFiles/std_msgs__rosidl_typesupport_c.dir/rosidl_typesupport_c/std_msgs/msg/int32_multi_array__type_support.cpp.obj[0m
[ 38%] [32mBuilding CXX object CMakeFiles/std_msgs__rosidl_typesupport_c.dir/rosidl_typesupport_c/std_msgs/msg/int64__type_support.cpp.obj[0m
[ 38%] [32mBuilding CXX object CMakeFiles/std_msgs__rosidl_typesupport_c.dir/rosidl_typesupport_c/std_msgs/msg/int8__type_support.cpp.obj[0m
[ 39%] [32mBuilding CXX object CMakeFiles/std_msgs__rosidl_typesupport_c.dir/rosidl_typesupport_c/std_msgs/msg/int64_multi_array__type_support.cpp.obj[0m
[ 40%] [32mBuilding CXX object CMakeFiles/std_msgs__rosidl_typesupport_c.dir/rosidl_typesupport_c/std_msgs/msg/int8_multi_array__type_support.cpp.obj[0m
[ 41%] [32mBuilding CXX object CMakeFiles/std_msgs__rosidl_typesupport_c.dir/rosidl_typesupport_c/std_msgs/msg/multi_array_layout__type_support.cpp.obj[0m
[ 41%] [32mBuilding CXX object CMakeFiles/std_msgs__rosidl_typesupport_c.dir/rosidl_typesupport_c/std_msgs/msg/string__type_support.cpp.obj[0m
[ 42%] [32mBuilding CXX object CMakeFiles/std_msgs__rosidl_typesupport_c.dir/rosidl_typesupport_c/std_msgs/msg/multi_array_dimension__type_support.cpp.obj[0m
[ 43%] [32mBuilding CXX object CMakeFiles/std_msgs__rosidl_typesupport_c.dir/rosidl_typesupport_c/std_msgs/msg/u_int16_multi_array__type_support.cpp.obj[0m
[ 44%] [32mBuilding CXX object CMakeFiles/std_msgs__rosidl_typesupport_c.dir/rosidl_typesupport_c/std_msgs/msg/u_int16__type_support.cpp.obj[0m
[ 45%] [32mBuilding CXX object CMakeFiles/std_msgs__rosidl_typesupport_c.dir/rosidl_typesupport_c/std_msgs/msg/u_int32__type_support.cpp.obj[0m
[ 46%] [32mBuilding CXX object CMakeFiles/std_msgs__rosidl_typesupport_c.dir/rosidl_typesupport_c/std_msgs/msg/u_int32_multi_array__type_support.cpp.obj[0m
[ 47%] [32mBuilding CXX object CMakeFiles/std_msgs__rosidl_typesupport_c.dir/rosidl_typesupport_c/std_msgs/msg/u_int64_multi_array__type_support.cpp.obj[0m
[ 47%] [32mBuilding CXX object CMakeFiles/std_msgs__rosidl_typesupport_c.dir/rosidl_typesupport_c/std_msgs/msg/u_int64__type_support.cpp.obj[0m
[ 48%] [32mBuilding CXX object CMakeFiles/std_msgs__rosidl_typesupport_c.dir/rosidl_typesupport_c/std_msgs/msg/u_int8_multi_array__type_support.cpp.obj[0m
[ 49%] [32mBuilding CXX object CMakeFiles/std_msgs__rosidl_typesupport_c.dir/rosidl_typesupport_c/std_msgs/msg/u_int8__type_support.cpp.obj[0m
[35m[1mScanning dependencies of target std_msgs__rosidl_typesupport_introspection_c[0m
[ 50%] [32m[1mLinking CXX static library libstd_msgs__rosidl_typesupport_c.a[0m
[ 50%] Built target std_msgs__rosidl_typesupport_c
[ 51%] [32mBuilding C object CMakeFiles/std_msgs__rosidl_typesupport_introspection_c.dir/rosidl_typesupport_introspection_c/std_msgs/msg/detail/bool__type_support.c.obj[0m
[ 52%] [32mBuilding C object CMakeFiles/std_msgs__rosidl_typesupport_introspection_c.dir/rosidl_typesupport_introspection_c/std_msgs/msg/detail/byte_multi_array__type_support.c.obj[0m
[ 54%] [32mBuilding C object CMakeFiles/std_msgs__rosidl_typesupport_introspection_c.dir/rosidl_typesupport_introspection_c/std_msgs/msg/detail/byte__type_support.c.obj[0m
[ 54%] [32mBuilding C object CMakeFiles/std_msgs__rosidl_typesupport_introspection_c.dir/rosidl_typesupport_introspection_c/std_msgs/msg/detail/color_rgba__type_support.c.obj[0m
[ 54%] [32mBuilding C object CMakeFiles/std_msgs__rosidl_typesupport_introspection_c.dir/rosidl_typesupport_introspection_c/std_msgs/msg/detail/char__type_support.c.obj[0m
[ 55%] [32mBuilding C object CMakeFiles/std_msgs__rosidl_typesupport_introspection_c.dir/rosidl_typesupport_introspection_c/std_msgs/msg/detail/empty__type_support.c.obj[0m
[ 56%] [32mBuilding C object CMakeFiles/std_msgs__rosidl_typesupport_introspection_c.dir/rosidl_typesupport_introspection_c/std_msgs/msg/detail/float32__type_support.c.obj[0m
[ 57%] [32mBuilding C object CMakeFiles/std_msgs__rosidl_typesupport_introspection_c.dir/rosidl_typesupport_introspection_c/std_msgs/msg/detail/float32_multi_array__type_support.c.obj[0m
[ 57%] [32mBuilding C object CMakeFiles/std_msgs__rosidl_typesupport_introspection_c.dir/rosidl_typesupport_introspection_c/std_msgs/msg/detail/float64__type_support.c.obj[0m
[ 58%] [32mBuilding C object CMakeFiles/std_msgs__rosidl_typesupport_introspection_c.dir/rosidl_typesupport_introspection_c/std_msgs/msg/detail/float64_multi_array__type_support.c.obj[0m
[ 59%] [32mBuilding C object CMakeFiles/std_msgs__rosidl_typesupport_introspection_c.dir/rosidl_typesupport_introspection_c/std_msgs/msg/detail/header__type_support.c.obj[0m
[ 60%] [32mBuilding C object CMakeFiles/std_msgs__rosidl_typesupport_introspection_c.dir/rosidl_typesupport_introspection_c/std_msgs/msg/detail/int16__type_support.c.obj[0m
[ 60%] [32mBuilding C object CMakeFiles/std_msgs__rosidl_typesupport_introspection_c.dir/rosidl_typesupport_introspection_c/std_msgs/msg/detail/int16_multi_array__type_support.c.obj[0m
[ 61%] [32mBuilding C object CMakeFiles/std_msgs__rosidl_typesupport_introspection_c.dir/rosidl_typesupport_introspection_c/std_msgs/msg/detail/int32__type_support.c.obj[0m
[ 62%] [32mBuilding C object CMakeFiles/std_msgs__rosidl_typesupport_introspection_c.dir/rosidl_typesupport_introspection_c/std_msgs/msg/detail/int64__type_support.c.obj[0m
[ 63%] [32mBuilding C object CMakeFiles/std_msgs__rosidl_typesupport_introspection_c.dir/rosidl_typesupport_introspection_c/std_msgs/msg/detail/int32_multi_array__type_support.c.obj[0m
[ 64%] [32mBuilding C object CMakeFiles/std_msgs__rosidl_typesupport_introspection_c.dir/rosidl_typesupport_introspection_c/std_msgs/msg/detail/int64_multi_array__type_support.c.obj[0m
[ 64%] [32mBuilding C object CMakeFiles/std_msgs__rosidl_typesupport_introspection_c.dir/rosidl_typesupport_introspection_c/std_msgs/msg/detail/int8__type_support.c.obj[0m
[ 65%] [32mBuilding C object CMakeFiles/std_msgs__rosidl_typesupport_introspection_c.dir/rosidl_typesupport_introspection_c/std_msgs/msg/detail/int8_multi_array__type_support.c.obj[0m
[ 66%] [32mBuilding C object CMakeFiles/std_msgs__rosidl_typesupport_introspection_c.dir/rosidl_typesupport_introspection_c/std_msgs/msg/detail/u_int16__type_support.c.obj[0m
[ 67%] [32mBuilding C object CMakeFiles/std_msgs__rosidl_typesupport_introspection_c.dir/rosidl_typesupport_introspection_c/std_msgs/msg/detail/multi_array_layout__type_support.c.obj[0m
[ 68%] [32mBuilding C object CMakeFiles/std_msgs__rosidl_typesupport_introspection_c.dir/rosidl_typesupport_introspection_c/std_msgs/msg/detail/multi_array_dimension__type_support.c.obj[0m
[ 68%] [32mBuilding C object CMakeFiles/std_msgs__rosidl_typesupport_introspection_c.dir/rosidl_typesupport_introspection_c/std_msgs/msg/detail/string__type_support.c.obj[0m
[ 69%] [32mBuilding C object CMakeFiles/std_msgs__rosidl_typesupport_introspection_c.dir/rosidl_typesupport_introspection_c/std_msgs/msg/detail/u_int16_multi_array__type_support.c.obj[0m
[ 70%] [32mBuilding C object CMakeFiles/std_msgs__rosidl_typesupport_introspection_c.dir/rosidl_typesupport_introspection_c/std_msgs/msg/detail/u_int32__type_support.c.obj[0m
[ 71%] [32mBuilding C object CMakeFiles/std_msgs__rosidl_typesupport_introspection_c.dir/rosidl_typesupport_introspection_c/std_msgs/msg/detail/u_int32_multi_array__type_support.c.obj[0m
[ 71%] [32mBuilding C object CMakeFiles/std_msgs__rosidl_typesupport_introspection_c.dir/rosidl_typesupport_introspection_c/std_msgs/msg/detail/u_int64__type_support.c.obj[0m
[ 72%] [32mBuilding C object CMakeFiles/std_msgs__rosidl_typesupport_introspection_c.dir/rosidl_typesupport_introspection_c/std_msgs/msg/detail/u_int8__type_support.c.obj[0m
[ 73%] [32mBuilding C object CMakeFiles/std_msgs__rosidl_typesupport_introspection_c.dir/rosidl_typesupport_introspection_c/std_msgs/msg/detail/u_int8_multi_array__type_support.c.obj[0m
[ 74%] [32mBuilding C object CMakeFiles/std_msgs__rosidl_typesupport_introspection_c.dir/rosidl_typesupport_introspection_c/std_msgs/msg/detail/u_int64_multi_array__type_support.c.obj[0m
[35m[1mScanning dependencies of target std_msgs__rosidl_typesupport_microxrcedds_c[0m
[ 75%] [32m[1mLinking CXX static library libstd_msgs__rosidl_typesupport_introspection_c.a[0m
[ 75%] Built target std_msgs__rosidl_typesupport_introspection_c
[ 76%] [32mBuilding C object CMakeFiles/std_msgs__rosidl_typesupport_microxrcedds_c.dir/rosidl_typesupport_microxrcedds_c/std_msgs/msg/detail/microxrcedds/bool__type_support_c.c.obj[0m
[ 77%] [32mBuilding C object CMakeFiles/std_msgs__rosidl_typesupport_microxrcedds_c.dir/rosidl_typesupport_microxrcedds_c/std_msgs/msg/detail/microxrcedds/byte_multi_array__type_support_c.c.obj[0m
[ 78%] [32mBuilding C object CMakeFiles/std_msgs__rosidl_typesupport_microxrcedds_c.dir/rosidl_typesupport_microxrcedds_c/std_msgs/msg/detail/microxrcedds/byte__type_support_c.c.obj[0m
[ 78%] [32mBuilding C object CMakeFiles/std_msgs__rosidl_typesupport_microxrcedds_c.dir/rosidl_typesupport_microxrcedds_c/std_msgs/msg/detail/microxrcedds/char__type_support_c.c.obj[0m
[ 79%] [32mBuilding C object CMakeFiles/std_msgs__rosidl_typesupport_microxrcedds_c.dir/rosidl_typesupport_microxrcedds_c/std_msgs/msg/detail/microxrcedds/color_rgba__type_support_c.c.obj[0m
[ 80%] [32mBuilding C object CMakeFiles/std_msgs__rosidl_typesupport_microxrcedds_c.dir/rosidl_typesupport_microxrcedds_c/std_msgs/msg/detail/microxrcedds/float32__type_support_c.c.obj[0m
[ 81%] [32mBuilding C object CMakeFiles/std_msgs__rosidl_typesupport_microxrcedds_c.dir/rosidl_typesupport_microxrcedds_c/std_msgs/msg/detail/microxrcedds/float32_multi_array__type_support_c.c.obj[0m
[ 82%] [32mBuilding C object CMakeFiles/std_msgs__rosidl_typesupport_microxrcedds_c.dir/rosidl_typesupport_microxrcedds_c/std_msgs/msg/detail/microxrcedds/empty__type_support_c.c.obj[0m
[ 82%] [32mBuilding C object CMakeFiles/std_msgs__rosidl_typesupport_microxrcedds_c.dir/rosidl_typesupport_microxrcedds_c/std_msgs/msg/detail/microxrcedds/float64__type_support_c.c.obj[0m
[ 83%] [32mBuilding C object CMakeFiles/std_msgs__rosidl_typesupport_microxrcedds_c.dir/rosidl_typesupport_microxrcedds_c/std_msgs/msg/detail/microxrcedds/float64_multi_array__type_support_c.c.obj[0m
[ 83%] [32mBuilding C object CMakeFiles/std_msgs__rosidl_typesupport_microxrcedds_c.dir/rosidl_typesupport_microxrcedds_c/std_msgs/msg/detail/microxrcedds/int16_multi_array__type_support_c.c.obj[0m
[ 85%] [32mBuilding C object CMakeFiles/std_msgs__rosidl_typesupport_microxrcedds_c.dir/rosidl_typesupport_microxrcedds_c/std_msgs/msg/detail/microxrcedds/header__type_support_c.c.obj[0m
[ 85%] [32mBuilding C object CMakeFiles/std_msgs__rosidl_typesupport_microxrcedds_c.dir/rosidl_typesupport_microxrcedds_c/std_msgs/msg/detail/microxrcedds/int32__type_support_c.c.obj[0m
[ 86%] [32mBuilding C object CMakeFiles/std_msgs__rosidl_typesupport_microxrcedds_c.dir/rosidl_typesupport_microxrcedds_c/std_msgs/msg/detail/microxrcedds/int16__type_support_c.c.obj[0m
[ 87%] [32mBuilding C object CMakeFiles/std_msgs__rosidl_typesupport_microxrcedds_c.dir/rosidl_typesupport_microxrcedds_c/std_msgs/msg/detail/microxrcedds/int32_multi_array__type_support_c.c.obj[0m
[ 88%] [32mBuilding C object CMakeFiles/std_msgs__rosidl_typesupport_microxrcedds_c.dir/rosidl_typesupport_microxrcedds_c/std_msgs/msg/detail/microxrcedds/int64__type_support_c.c.obj[0m
[ 89%] [32mBuilding C object CMakeFiles/std_msgs__rosidl_typesupport_microxrcedds_c.dir/rosidl_typesupport_microxrcedds_c/std_msgs/msg/detail/microxrcedds/int64_multi_array__type_support_c.c.obj[0m
[ 89%] [32mBuilding C object CMakeFiles/std_msgs__rosidl_typesupport_microxrcedds_c.dir/rosidl_typesupport_microxrcedds_c/std_msgs/msg/detail/microxrcedds/int8__type_support_c.c.obj[0m
[ 90%] [32mBuilding C object CMakeFiles/std_msgs__rosidl_typesupport_microxrcedds_c.dir/rosidl_typesupport_microxrcedds_c/std_msgs/msg/detail/microxrcedds/int8_multi_array__type_support_c.c.obj[0m
[ 91%] [32mBuilding C object CMakeFiles/std_msgs__rosidl_typesupport_microxrcedds_c.dir/rosidl_typesupport_microxrcedds_c/std_msgs/msg/detail/microxrcedds/multi_array_dimension__type_support_c.c.obj[0m
[ 92%] [32mBuilding C object CMakeFiles/std_msgs__rosidl_typesupport_microxrcedds_c.dir/rosidl_typesupport_microxrcedds_c/std_msgs/msg/detail/microxrcedds/multi_array_layout__type_support_c.c.obj[0m
[ 92%] [32mBuilding C object CMakeFiles/std_msgs__rosidl_typesupport_microxrcedds_c.dir/rosidl_typesupport_microxrcedds_c/std_msgs/msg/detail/microxrcedds/string__type_support_c.c.obj[0m
[ 93%] [32mBuilding C object CMakeFiles/std_msgs__rosidl_typesupport_microxrcedds_c.dir/rosidl_typesupport_microxrcedds_c/std_msgs/msg/detail/microxrcedds/u_int16__type_support_c.c.obj[0m
[ 95%] [32mBuilding C object CMakeFiles/std_msgs__rosidl_typesupport_microxrcedds_c.dir/rosidl_typesupport_microxrcedds_c/std_msgs/msg/detail/microxrcedds/u_int32_multi_array__type_support_c.c.obj[0m
[ 95%] [32mBuilding C object CMakeFiles/std_msgs__rosidl_typesupport_microxrcedds_c.dir/rosidl_typesupport_microxrcedds_c/std_msgs/msg/detail/microxrcedds/u_int32__type_support_c.c.obj[0m
[ 96%] [32mBuilding C object CMakeFiles/std_msgs__rosidl_typesupport_microxrcedds_c.dir/rosidl_typesupport_microxrcedds_c/std_msgs/msg/detail/microxrcedds/u_int16_multi_array__type_support_c.c.obj[0m
[ 97%] [32mBuilding C object CMakeFiles/std_msgs__rosidl_typesupport_microxrcedds_c.dir/rosidl_typesupport_microxrcedds_c/std_msgs/msg/detail/microxrcedds/u_int64_multi_array__type_support_c.c.obj[0m
[ 97%] [32mBuilding C object CMakeFiles/std_msgs__rosidl_typesupport_microxrcedds_c.dir/rosidl_typesupport_microxrcedds_c/std_msgs/msg/detail/microxrcedds/u_int64__type_support_c.c.obj[0m
[ 98%] [32mBuilding C object CMakeFiles/std_msgs__rosidl_typesupport_microxrcedds_c.dir/rosidl_typesupport_microxrcedds_c/std_msgs/msg/detail/microxrcedds/u_int8__type_support_c.c.obj[0m
[ 99%] [32mBuilding C object CMakeFiles/std_msgs__rosidl_typesupport_microxrcedds_c.dir/rosidl_typesupport_microxrcedds_c/std_msgs/msg/detail/microxrcedds/u_int8_multi_array__type_support_c.c.obj[0m
[100%] [32m[1mLinking CXX static library libstd_msgs__rosidl_typesupport_microxrcedds_c.a[0m
[100%] Built target std_msgs__rosidl_typesupport_microxrcedds_c
[35m[1mScanning dependencies of target std_msgs[0m
[100%] Built target std_msgs
-- Install configuration: "Release"
-- Installing: /home/skola/Projects/int32_publisher_custom_transport/components/micro_ros_espidf_component-galactic/micro_ros_src/install/share/ament_index/resource_index/rosidl_interfaces/std_msgs
-- Installing: /home/skola/Projects/int32_publisher_custom_transport/components/micro_ros_espidf_component-galactic/micro_ros_src/install/include/std_msgs
-- Installing: /home/skola/Projects/int32_publisher_custom_transport/components/micro_ros_espidf_component-galactic/micro_ros_src/install/include/std_msgs/msg
-- Installing: /home/skola/Projects/int32_publisher_custom_transport/components/micro_ros_espidf_component-galactic/micro_ros_src/install/include/std_msgs/msg/int64_multi_array.h
-- Installing: /home/skola/Projects/int32_publisher_custom_transport/components/micro_ros_espidf_component-galactic/micro_ros_src/install/include/std_msgs/msg/float32_multi_array.h
-- Installing: /home/skola/Projects/int32_publisher_custom_transport/components/micro_ros_espidf_component-galactic/micro_ros_src/install/include/std_msgs/msg/u_int16.h
-- Installing: /home/skola/Projects/int32_publisher_custom_transport/components/micro_ros_espidf_component-galactic/micro_ros_src/install/include/std_msgs/msg/rosidl_generator_c__visibility_control.h
-- Installing: /home/skola/Projects/int32_publisher_custom_transport/components/micro_ros_espidf_component-galactic/micro_ros_src/install/include/std_msgs/msg/multi_array_dimension.h
-- Installing: /home/skola/Projects/int32_publisher_custom_transport/components/micro_ros_espidf_component-galactic/micro_ros_src/install/include/std_msgs/msg/u_int8_multi_array.h
-- Installing: /home/skola/Projects/int32_publisher_custom_transport/components/micro_ros_espidf_component-galactic/micro_ros_src/install/include/std_msgs/msg/string.h
-- Installing: /home/skola/Projects/int32_publisher_custom_transport/components/micro_ros_espidf_component-galactic/micro_ros_src/install/include/std_msgs/msg/u_int32.h
-- Installing: /home/skola/Projects/int32_publisher_custom_transport/components/micro_ros_espidf_component-galactic/micro_ros_src/install/include/std_msgs/msg/int64.h
-- Installing: /home/skola/Projects/int32_publisher_custom_transport/components/micro_ros_espidf_component-galactic/micro_ros_src/install/include/std_msgs/msg/u_int32_multi_array.h
-- Installing: /home/skola/Projects/int32_publisher_custom_transport/components/micro_ros_espidf_component-galactic/micro_ros_src/install/include/std_msgs/msg/empty.h
-- Installing: /home/skola/Projects/int32_publisher_custom_transport/components/micro_ros_espidf_component-galactic/micro_ros_src/install/include/std_msgs/msg/header.h
-- Installing: /home/skola/Projects/int32_publisher_custom_transport/components/micro_ros_espidf_component-galactic/micro_ros_src/install/include/std_msgs/msg/int16_multi_array.h
-- Installing: /home/skola/Projects/int32_publisher_custom_transport/components/micro_ros_espidf_component-galactic/micro_ros_src/install/include/std_msgs/msg/u_int64.h
-- Installing: /home/skola/Projects/int32_publisher_custom_transport/components/micro_ros_espidf_component-galactic/micro_ros_src/install/include/std_msgs/msg/byte_multi_array.h
-- Installing: /home/skola/Projects/int32_publisher_custom_transport/components/micro_ros_espidf_component-galactic/micro_ros_src/install/include/std_msgs/msg/int8.h
-- Installing: /home/skola/Projects/int32_publisher_custom_transport/components/micro_ros_espidf_component-galactic/micro_ros_src/install/include/std_msgs/msg/byte.h
-- Installing: /home/skola/Projects/int32_publisher_custom_transport/components/micro_ros_espidf_component-galactic/micro_ros_src/install/include/std_msgs/msg/float32.h
-- Installing: /home/skola/Projects/int32_publisher_custom_transport/components/micro_ros_espidf_component-galactic/micro_ros_src/install/include/std_msgs/msg/detail
-- Installing: /home/skola/Projects/int32_publisher_custom_transport/components/micro_ros_espidf_component-galactic/micro_ros_src/install/include/std_msgs/msg/detail/u_int8__type_support.h
-- Installing: /home/skola/Projects/int32_publisher_custom_transport/components/micro_ros_espidf_component-galactic/micro_ros_src/install/include/std_msgs/msg/detail/multi_array_layout__functions.c
-- Installing: /home/skola/Projects/int32_publisher_custom_transport/components/micro_ros_espidf_component-galactic/micro_ros_src/install/include/std_msgs/msg/detail/int64__struct.h
-- Installing: /home/skola/Projects/int32_publisher_custom_transport/components/micro_ros_espidf_component-galactic/micro_ros_src/install/include/std_msgs/msg/detail/u_int32__functions.c
-- Installing: /home/skola/Projects/int32_publisher_custom_transport/components/micro_ros_espidf_component-galactic/micro_ros_src/install/include/std_msgs/msg/detail/int8_multi_array__type_support.h
-- Installing: /home/skola/Projects/int32_publisher_custom_transport/components/micro_ros_espidf_component-galactic/micro_ros_src/install/include/std_msgs/msg/detail/header__type_support.h
-- Installing: /home/skola/Projects/int32_publisher_custom_transport/components/micro_ros_espidf_component-galactic/micro_ros_src/install/include/std_msgs/msg/detail/header__functions.c
-- Installing: /home/skola/Projects/int32_publisher_custom_transport/components/micro_ros_espidf_component-galactic/micro_ros_src/install/include/std_msgs/msg/detail/int8__type_support.h
-- Installing: /home/skola/Projects/int32_publisher_custom_transport/components/micro_ros_espidf_component-galactic/micro_ros_src/install/include/std_msgs/msg/detail/int8_multi_array__functions.c
-- Installing: /home/skola/Projects/int32_publisher_custom_transport/components/micro_ros_espidf_component-galactic/micro_ros_src/install/include/std_msgs/msg/detail/int16__struct.h
-- Installing: /home/skola/Projects/int32_publisher_custom_transport/components/micro_ros_espidf_component-galactic/micro_ros_src/install/include/std_msgs/msg/detail/int16_multi_array__struct.h
-- Installing: /home/skola/Projects/int32_publisher_custom_transport/components/micro_ros_espidf_component-galactic/micro_ros_src/install/include/std_msgs/msg/detail/int32_multi_array__functions.h
-- Installing: /home/skola/Projects/int32_publisher_custom_transport/components/micro_ros_espidf_component-galactic/micro_ros_src/install/include/std_msgs/msg/detail/float64__functions.h
-- Installing: /home/skola/Projects/int32_publisher_custom_transport/components/micro_ros_espidf_component-galactic/micro_ros_src/install/include/std_msgs/msg/detail/char__struct.h
-- Installing: /home/skola/Projects/int32_publisher_custom_transport/components/micro_ros_espidf_component-galactic/micro_ros_src/install/include/std_msgs/msg/detail/char__type_support.h
-- Installing: /home/skola/Projects/int32_publisher_custom_transport/components/micro_ros_espidf_component-galactic/micro_ros_src/install/include/std_msgs/msg/detail/color_rgba__type_support.h
-- Installing: /home/skola/Projects/int32_publisher_custom_transport/components/micro_ros_espidf_component-galactic/micro_ros_src/install/include/std_msgs/msg/detail/int64__type_support.h
-- Installing: /home/skola/Projects/int32_publisher_custom_transport/components/micro_ros_espidf_component-galactic/micro_ros_src/install/include/std_msgs/msg/detail/int16__functions.h
-- Installing: /home/skola/Projects/int32_publisher_custom_transport/components/micro_ros_espidf_component-galactic/micro_ros_src/install/include/std_msgs/msg/detail/int32__functions.c
-- Installing: /home/skola/Projects/int32_publisher_custom_transport/components/micro_ros_espidf_component-galactic/micro_ros_src/install/include/std_msgs/msg/detail/float64__struct.h
-- Installing: /home/skola/Projects/int32_publisher_custom_transport/components/micro_ros_espidf_component-galactic/micro_ros_src/install/include/std_msgs/msg/detail/u_int16_multi_array__functions.c
-- Installing: /home/skola/Projects/int32_publisher_custom_transport/components/micro_ros_espidf_component-galactic/micro_ros_src/install/include/std_msgs/msg/detail/byte_multi_array__functions.h
-- Installing: /home/skola/Projects/int32_publisher_custom_transport/components/micro_ros_espidf_component-galactic/micro_ros_src/install/include/std_msgs/msg/detail/byte__struct.h
-- Installing: /home/skola/Projects/int32_publisher_custom_transport/components/micro_ros_espidf_component-galactic/micro_ros_src/install/include/std_msgs/msg/detail/u_int32__type_support.h
-- Installing: /home/skola/Projects/int32_publisher_custom_transport/components/micro_ros_espidf_component-galactic/micro_ros_src/install/include/std_msgs/msg/detail/int16_multi_array__functions.h
-- Installing: /home/skola/Projects/int32_publisher_custom_transport/components/micro_ros_espidf_component-galactic/micro_ros_src/install/include/std_msgs/msg/detail/int32__struct.h
-- Installing: /home/skola/Projects/int32_publisher_custom_transport/components/micro_ros_espidf_component-galactic/micro_ros_src/install/include/std_msgs/msg/detail/u_int8__functions.c
-- Installing: /home/skola/Projects/int32_publisher_custom_transport/components/micro_ros_espidf_component-galactic/micro_ros_src/install/include/std_msgs/msg/detail/color_rgba__functions.c
-- Installing: /home/skola/Projects/int32_publisher_custom_transport/components/micro_ros_espidf_component-galactic/micro_ros_src/install/include/std_msgs/msg/detail/u_int8_multi_array__functions.c
-- Installing: /home/skola/Projects/int32_publisher_custom_transport/components/micro_ros_espidf_component-galactic/micro_ros_src/install/include/std_msgs/msg/detail/byte__type_support.h
-- Installing: /home/skola/Projects/int32_publisher_custom_transport/components/micro_ros_espidf_component-galactic/micro_ros_src/install/include/std_msgs/msg/detail/u_int16_multi_array__type_support.h
-- Installing: /home/skola/Projects/int32_publisher_custom_transport/components/micro_ros_espidf_component-galactic/micro_ros_src/install/include/std_msgs/msg/detail/color_rgba__struct.h
-- Installing: /home/skola/Projects/int32_publisher_custom_transport/components/micro_ros_espidf_component-galactic/micro_ros_src/install/include/std_msgs/msg/detail/u_int16__type_support.h
-- Installing: /home/skola/Projects/int32_publisher_custom_transport/components/micro_ros_espidf_component-galactic/micro_ros_src/install/include/std_msgs/msg/detail/multi_array_dimension__struct.h
-- Installing: /home/skola/Projects/int32_publisher_custom_transport/components/micro_ros_espidf_component-galactic/micro_ros_src/install/include/std_msgs/msg/detail/string__functions.c
-- Installing: /home/skola/Projects/int32_publisher_custom_transport/components/micro_ros_espidf_component-galactic/micro_ros_src/install/include/std_msgs/msg/detail/int64__functions.c
-- Installing: /home/skola/Projects/int32_publisher_custom_transport/components/micro_ros_espidf_component-galactic/micro_ros_src/install/include/std_msgs/msg/detail/empty__functions.h
-- Installing: /home/skola/Projects/int32_publisher_custom_transport/components/micro_ros_espidf_component-galactic/micro_ros_src/install/include/std_msgs/msg/detail/u_int16__functions.c
-- Installing: /home/skola/Projects/int32_publisher_custom_transport/components/micro_ros_espidf_component-galactic/micro_ros_src/install/include/std_msgs/msg/detail/int8_multi_array__struct.h
-- Installing: /home/skola/Projects/int32_publisher_custom_transport/components/micro_ros_espidf_component-galactic/micro_ros_src/install/include/std_msgs/msg/detail/u_int64__struct.h
-- Installing: /home/skola/Projects/int32_publisher_custom_transport/components/micro_ros_espidf_component-galactic/micro_ros_src/install/include/std_msgs/msg/detail/u_int16__functions.h
-- Installing: /home/skola/Projects/int32_publisher_custom_transport/components/micro_ros_espidf_component-galactic/micro_ros_src/install/include/std_msgs/msg/detail/float64_multi_array__functions.h
-- Installing: /home/skola/Projects/int32_publisher_custom_transport/components/micro_ros_espidf_component-galactic/micro_ros_src/install/include/std_msgs/msg/detail/u_int8__struct.h
-- Installing: /home/skola/Projects/int32_publisher_custom_transport/components/micro_ros_espidf_component-galactic/micro_ros_src/install/include/std_msgs/msg/detail/u_int64__functions.h
-- Installing: /home/skola/Projects/int32_publisher_custom_transport/components/micro_ros_espidf_component-galactic/micro_ros_src/install/include/std_msgs/msg/detail/header__functions.h
-- Installing: /home/skola/Projects/int32_publisher_custom_transport/components/micro_ros_espidf_component-galactic/micro_ros_src/install/include/std_msgs/msg/detail/float32_multi_array__type_support.h
-- Installing: /home/skola/Projects/int32_publisher_custom_transport/components/micro_ros_espidf_component-galactic/micro_ros_src/install/include/std_msgs/msg/detail/float32__functions.c
-- Installing: /home/skola/Projects/int32_publisher_custom_transport/components/micro_ros_espidf_component-galactic/micro_ros_src/install/include/std_msgs/msg/detail/int16_multi_array__functions.c
-- Installing: /home/skola/Projects/int32_publisher_custom_transport/components/micro_ros_espidf_component-galactic/micro_ros_src/install/include/std_msgs/msg/detail/float32_multi_array__functions.h
-- Installing: /home/skola/Projects/int32_publisher_custom_transport/components/micro_ros_espidf_component-galactic/micro_ros_src/install/include/std_msgs/msg/detail/byte_multi_array__functions.c
-- Installing: /home/skola/Projects/int32_publisher_custom_transport/components/micro_ros_espidf_component-galactic/micro_ros_src/install/include/std_msgs/msg/detail/string__struct.h
-- Installing: /home/skola/Projects/int32_publisher_custom_transport/components/micro_ros_espidf_component-galactic/micro_ros_src/install/include/std_msgs/msg/detail/int8__functions.h
-- Installing: /home/skola/Projects/int32_publisher_custom_transport/components/micro_ros_espidf_component-galactic/micro_ros_src/install/include/std_msgs/msg/detail/u_int32__struct.h
-- Installing: /home/skola/Projects/int32_publisher_custom_transport/components/micro_ros_espidf_component-galactic/micro_ros_src/install/include/std_msgs/msg/detail/int16__functions.c
-- Installing: /home/skola/Projects/int32_publisher_custom_transport/components/micro_ros_espidf_component-galactic/micro_ros_src/install/include/std_msgs/msg/detail/float64_multi_array__type_support.h
-- Installing: /home/skola/Projects/int32_publisher_custom_transport/components/micro_ros_espidf_component-galactic/micro_ros_src/install/include/std_msgs/msg/detail/int8__struct.h
-- Installing: /home/skola/Projects/int32_publisher_custom_transport/components/micro_ros_espidf_component-galactic/micro_ros_src/install/include/std_msgs/msg/detail/multi_array_dimension__functions.c
-- Installing: /home/skola/Projects/int32_publisher_custom_transport/components/micro_ros_espidf_component-galactic/micro_ros_src/install/include/std_msgs/msg/detail/int8__functions.c
-- Installing: /home/skola/Projects/int32_publisher_custom_transport/components/micro_ros_espidf_component-galactic/micro_ros_src/install/include/std_msgs/msg/detail/int8_multi_array__functions.h
-- Installing: /home/skola/Projects/int32_publisher_custom_transport/components/micro_ros_espidf_component-galactic/micro_ros_src/install/include/std_msgs/msg/detail/int32_multi_array__struct.h
-- Installing: /home/skola/Projects/int32_publisher_custom_transport/components/micro_ros_espidf_component-galactic/micro_ros_src/install/include/std_msgs/msg/detail/int64_multi_array__struct.h
-- Installing: /home/skola/Projects/int32_publisher_custom_transport/components/micro_ros_espidf_component-galactic/micro_ros_src/install/include/std_msgs/msg/detail/bool__struct.h
-- Installing: /home/skola/Projects/int32_publisher_custom_transport/components/micro_ros_espidf_component-galactic/micro_ros_src/install/include/std_msgs/msg/detail/int32_multi_array__type_support.h
-- Installing: /home/skola/Projects/int32_publisher_custom_transport/components/micro_ros_espidf_component-galactic/micro_ros_src/install/include/std_msgs/msg/detail/u_int32_multi_array__functions.h
-- Installing: /home/skola/Projects/int32_publisher_custom_transport/components/micro_ros_espidf_component-galactic/micro_ros_src/install/include/std_msgs/msg/detail/float32__functions.h
-- Installing: /home/skola/Projects/int32_publisher_custom_transport/components/micro_ros_espidf_component-galactic/micro_ros_src/install/include/std_msgs/msg/detail/string__type_support.h
-- Installing: /home/skola/Projects/int32_publisher_custom_transport/components/micro_ros_espidf_component-galactic/micro_ros_src/install/include/std_msgs/msg/detail/u_int16_multi_array__functions.h
-- Installing: /home/skola/Projects/int32_publisher_custom_transport/components/micro_ros_espidf_component-galactic/micro_ros_src/install/include/std_msgs/msg/detail/int64__functions.h
-- Installing: /home/skola/Projects/int32_publisher_custom_transport/components/micro_ros_espidf_component-galactic/micro_ros_src/install/include/std_msgs/msg/detail/byte__functions.c
-- Installing: /home/skola/Projects/int32_publisher_custom_transport/components/micro_ros_espidf_component-galactic/micro_ros_src/install/include/std_msgs/msg/detail/color_rgba__functions.h
-- Installing: /home/skola/Projects/int32_publisher_custom_transport/components/micro_ros_espidf_component-galactic/micro_ros_src/install/include/std_msgs/msg/detail/int32_multi_array__functions.c
-- Installing: /home/skola/Projects/int32_publisher_custom_transport/components/micro_ros_espidf_component-galactic/micro_ros_src/install/include/std_msgs/msg/detail/u_int32_multi_array__functions.c
-- Installing: /home/skola/Projects/int32_publisher_custom_transport/components/micro_ros_espidf_component-galactic/micro_ros_src/install/include/std_msgs/msg/detail/multi_array_dimension__functions.h
-- Installing: /home/skola/Projects/int32_publisher_custom_transport/components/micro_ros_espidf_component-galactic/micro_ros_src/install/include/std_msgs/msg/detail/bool__type_support.h
-- Installing: /home/skola/Projects/int32_publisher_custom_transport/components/micro_ros_espidf_component-galactic/micro_ros_src/install/include/std_msgs/msg/detail/empty__functions.c
-- Installing: /home/skola/Projects/int32_publisher_custom_transport/components/micro_ros_espidf_component-galactic/micro_ros_src/install/include/std_msgs/msg/detail/float64__type_support.h
-- Installing: /home/skola/Projects/int32_publisher_custom_transport/components/micro_ros_espidf_component-galactic/micro_ros_src/install/include/std_msgs/msg/detail/multi_array_layout__type_support.h
-- Installing: /home/skola/Projects/int32_publisher_custom_transport/components/micro_ros_espidf_component-galactic/micro_ros_src/install/include/std_msgs/msg/detail/float32__type_support.h
-- Installing: /home/skola/Projects/int32_publisher_custom_transport/components/micro_ros_espidf_component-galactic/micro_ros_src/install/include/std_msgs/msg/detail/u_int32_multi_array__struct.h
-- Installing: /home/skola/Projects/int32_publisher_custom_transport/components/micro_ros_espidf_component-galactic/micro_ros_src/install/include/std_msgs/msg/detail/char__functions.c
-- Installing: /home/skola/Projects/int32_publisher_custom_transport/components/micro_ros_espidf_component-galactic/micro_ros_src/install/include/std_msgs/msg/detail/u_int64_multi_array__functions.c
-- Installing: /home/skola/Projects/int32_publisher_custom_transport/components/micro_ros_espidf_component-galactic/micro_ros_src/install/include/std_msgs/msg/detail/u_int8_multi_array__functions.h
-- Installing: /home/skola/Projects/int32_publisher_custom_transport/components/micro_ros_espidf_component-galactic/micro_ros_src/install/include/std_msgs/msg/detail/float32__struct.h
-- Installing: /home/skola/Projects/int32_publisher_custom_transport/components/micro_ros_espidf_component-galactic/micro_ros_src/install/include/std_msgs/msg/detail/int64_multi_array__functions.h
-- Installing: /home/skola/Projects/int32_publisher_custom_transport/components/micro_ros_espidf_component-galactic/micro_ros_src/install/include/std_msgs/msg/detail/u_int64__type_support.h
-- Installing: /home/skola/Projects/int32_publisher_custom_transport/components/micro_ros_espidf_component-galactic/micro_ros_src/install/include/std_msgs/msg/detail/u_int16_multi_array__struct.h
-- Installing: /home/skola/Projects/int32_publisher_custom_transport/components/micro_ros_espidf_component-galactic/micro_ros_src/install/include/std_msgs/msg/detail/int16_multi_array__type_support.h
-- Installing: /home/skola/Projects/int32_publisher_custom_transport/components/micro_ros_espidf_component-galactic/micro_ros_src/install/include/std_msgs/msg/detail/empty__type_support.h
-- Installing: /home/skola/Projects/int32_publisher_custom_transport/components/micro_ros_espidf_component-galactic/micro_ros_src/install/include/std_msgs/msg/detail/int64_multi_array__type_support.h
-- Installing: /home/skola/Projects/int32_publisher_custom_transport/components/micro_ros_espidf_component-galactic/micro_ros_src/install/include/std_msgs/msg/detail/bool__functions.c
-- Installing: /home/skola/Projects/int32_publisher_custom_transport/components/micro_ros_espidf_component-galactic/micro_ros_src/install/include/std_msgs/msg/detail/byte_multi_array__struct.h
-- Installing: /home/skola/Projects/int32_publisher_custom_transport/components/micro_ros_espidf_component-galactic/micro_ros_src/install/include/std_msgs/msg/detail/u_int8__functions.h
-- Installing: /home/skola/Projects/int32_publisher_custom_transport/components/micro_ros_espidf_component-galactic/micro_ros_src/install/include/std_msgs/msg/detail/string__functions.h
-- Installing: /home/skola/Projects/int32_publisher_custom_transport/components/micro_ros_espidf_component-galactic/micro_ros_src/install/include/std_msgs/msg/detail/u_int64_multi_array__functions.h
-- Installing: /home/skola/Projects/int32_publisher_custom_transport/components/micro_ros_espidf_component-galactic/micro_ros_src/install/include/std_msgs/msg/detail/u_int16__struct.h
-- Installing: /home/skola/Projects/int32_publisher_custom_transport/components/micro_ros_espidf_component-galactic/micro_ros_src/install/include/std_msgs/msg/detail/byte__functions.h
-- Installing: /home/skola/Projects/int32_publisher_custom_transport/components/micro_ros_espidf_component-galactic/micro_ros_src/install/include/std_msgs/msg/detail/int32__type_support.h
-- Installing: /home/skola/Projects/int32_publisher_custom_transport/components/micro_ros_espidf_component-galactic/micro_ros_src/install/include/std_msgs/msg/detail/int16__type_support.h
-- Installing: /home/skola/Projects/int32_publisher_custom_transport/components/micro_ros_espidf_component-galactic/micro_ros_src/install/include/std_msgs/msg/detail/char__functions.h
-- Installing: /home/skola/Projects/int32_publisher_custom_transport/components/micro_ros_espidf_component-galactic/micro_ros_src/install/include/std_msgs/msg/detail/u_int32_multi_array__type_support.h
-- Installing: /home/skola/Projects/int32_publisher_custom_transport/components/micro_ros_espidf_component-galactic/micro_ros_src/install/include/std_msgs/msg/detail/int32__functions.h
-- Installing: /home/skola/Projects/int32_publisher_custom_transport/components/micro_ros_espidf_component-galactic/micro_ros_src/install/include/std_msgs/msg/detail/u_int8_multi_array__type_support.h
-- Installing: /home/skola/Projects/int32_publisher_custom_transport/components/micro_ros_espidf_component-galactic/micro_ros_src/install/include/std_msgs/msg/detail/float64__functions.c
-- Installing: /home/skola/Projects/int32_publisher_custom_transport/components/micro_ros_espidf_component-galactic/micro_ros_src/install/include/std_msgs/msg/detail/bool__functions.h
-- Installing: /home/skola/Projects/int32_publisher_custom_transport/components/micro_ros_espidf_component-galactic/micro_ros_src/install/include/std_msgs/msg/detail/multi_array_layout__struct.h
-- Installing: /home/skola/Projects/int32_publisher_custom_transport/components/micro_ros_espidf_component-galactic/micro_ros_src/install/include/std_msgs/msg/detail/u_int8_multi_array__struct.h
-- Installing: /home/skola/Projects/int32_publisher_custom_transport/components/micro_ros_espidf_component-galactic/micro_ros_src/install/include/std_msgs/msg/detail/int64_multi_array__functions.c
-- Installing: /home/skola/Projects/int32_publisher_custom_transport/components/micro_ros_espidf_component-galactic/micro_ros_src/install/include/std_msgs/msg/detail/header__struct.h
-- Installing: /home/skola/Projects/int32_publisher_custom_transport/components/micro_ros_espidf_component-galactic/micro_ros_src/install/include/std_msgs/msg/detail/empty__struct.h
-- Installing: /home/skola/Projects/int32_publisher_custom_transport/components/micro_ros_espidf_component-galactic/micro_ros_src/install/include/std_msgs/msg/detail/byte_multi_array__type_support.h
-- Installing: /home/skola/Projects/int32_publisher_custom_transport/components/micro_ros_espidf_component-galactic/micro_ros_src/install/include/std_msgs/msg/detail/multi_array_layout__functions.h
-- Installing: /home/skola/Projects/int32_publisher_custom_transport/components/micro_ros_espidf_component-galactic/micro_ros_src/install/include/std_msgs/msg/detail/float32_multi_array__struct.h
-- Installing: /home/skola/Projects/int32_publisher_custom_transport/components/micro_ros_espidf_component-galactic/micro_ros_src/install/include/std_msgs/msg/detail/multi_array_dimension__type_support.h
-- Installing: /home/skola/Projects/int32_publisher_custom_transport/components/micro_ros_espidf_component-galactic/micro_ros_src/install/include/std_msgs/msg/detail/float64_multi_array__struct.h
-- Installing: /home/skola/Projects/int32_publisher_custom_transport/components/micro_ros_espidf_component-galactic/micro_ros_src/install/include/std_msgs/msg/detail/u_int32__functions.h
-- Installing: /home/skola/Projects/int32_publisher_custom_transport/components/micro_ros_espidf_component-galactic/micro_ros_src/install/include/std_msgs/msg/detail/float64_multi_array__functions.c
-- Installing: /home/skola/Projects/int32_publisher_custom_transport/components/micro_ros_espidf_component-galactic/micro_ros_src/install/include/std_msgs/msg/detail/u_int64_multi_array__type_support.h
-- Installing: /home/skola/Projects/int32_publisher_custom_transport/components/micro_ros_espidf_component-galactic/micro_ros_src/install/include/std_msgs/msg/detail/u_int64__functions.c
-- Installing: /home/skola/Projects/int32_publisher_custom_transport/components/micro_ros_espidf_component-galactic/micro_ros_src/install/include/std_msgs/msg/detail/float32_multi_array__functions.c
-- Installing: /home/skola/Projects/int32_publisher_custom_transport/components/micro_ros_espidf_component-galactic/micro_ros_src/install/include/std_msgs/msg/detail/u_int64_multi_array__struct.h
-- Installing: /home/skola/Projects/int32_publisher_custom_transport/components/micro_ros_espidf_component-galactic/micro_ros_src/install/include/std_msgs/msg/color_rgba.h
-- Installing: /home/skola/Projects/int32_publisher_custom_transport/components/micro_ros_espidf_component-galactic/micro_ros_src/install/include/std_msgs/msg/int32.h
-- Installing: /home/skola/Projects/int32_publisher_custom_transport/components/micro_ros_espidf_component-galactic/micro_ros_src/install/include/std_msgs/msg/float64.h
-- Installing: /home/skola/Projects/int32_publisher_custom_transport/components/micro_ros_espidf_component-galactic/micro_ros_src/install/include/std_msgs/msg/float64_multi_array.h
-- Installing: /home/skola/Projects/int32_publisher_custom_transport/components/micro_ros_espidf_component-galactic/micro_ros_src/install/include/std_msgs/msg/u_int8.h
-- Installing: /home/skola/Projects/int32_publisher_custom_transport/components/micro_ros_espidf_component-galactic/micro_ros_src/install/include/std_msgs/msg/char.h
-- Installing: /home/skola/Projects/int32_publisher_custom_transport/components/micro_ros_espidf_component-galactic/micro_ros_src/install/include/std_msgs/msg/u_int64_multi_array.h
-- Installing: /home/skola/Projects/int32_publisher_custom_transport/components/micro_ros_espidf_component-galactic/micro_ros_src/install/include/std_msgs/msg/int16.h
-- Installing: /home/skola/Projects/int32_publisher_custom_transport/components/micro_ros_espidf_component-galactic/micro_ros_src/install/include/std_msgs/msg/bool.h
-- Installing: /home/skola/Projects/int32_publisher_custom_transport/components/micro_ros_espidf_component-galactic/micro_ros_src/install/include/std_msgs/msg/int32_multi_array.h
-- Installing: /home/skola/Projects/int32_publisher_custom_transport/components/micro_ros_espidf_component-galactic/micro_ros_src/install/include/std_msgs/msg/u_int16_multi_array.h
-- Installing: /home/skola/Projects/int32_publisher_custom_transport/components/micro_ros_espidf_component-galactic/micro_ros_src/install/include/std_msgs/msg/multi_array_layout.h
-- Installing: /home/skola/Projects/int32_publisher_custom_transport/components/micro_ros_espidf_component-galactic/micro_ros_src/install/include/std_msgs/msg/int8_multi_array.h
-- Installing: /home/skola/Projects/int32_publisher_custom_transport/components/micro_ros_espidf_component-galactic/micro_ros_src/install/share/std_msgs/environment/library_path.sh
-- Installing: /home/skola/Projects/int32_publisher_custom_transport/components/micro_ros_espidf_component-galactic/micro_ros_src/install/share/std_msgs/environment/library_path.dsv
-- Installing: /home/skola/Projects/int32_publisher_custom_transport/components/micro_ros_espidf_component-galactic/micro_ros_src/install/lib/libstd_msgs__rosidl_generator_c.a
-- Up-to-date: /home/skola/Projects/int32_publisher_custom_transport/components/micro_ros_espidf_component-galactic/micro_ros_src/install/include/std_msgs
-- Up-to-date: /home/skola/Projects/int32_publisher_custom_transport/components/micro_ros_espidf_component-galactic/micro_ros_src/install/include/std_msgs/msg
-- Installing: /home/skola/Projects/int32_publisher_custom_transport/components/micro_ros_espidf_component-galactic/micro_ros_src/install/include/std_msgs/msg/rosidl_typesupport_introspection_c__visibility_control.h
-- Up-to-date: /home/skola/Projects/int32_publisher_custom_transport/components/micro_ros_espidf_component-galactic/micro_ros_src/install/include/std_msgs/msg/detail
-- Installing: /home/skola/Projects/int32_publisher_custom_transport/components/micro_ros_espidf_component-galactic/micro_ros_src/install/include/std_msgs/msg/detail/byte_multi_array__type_support.c
-- Installing: /home/skola/Projects/int32_publisher_custom_transport/components/micro_ros_espidf_component-galactic/micro_ros_src/install/include/std_msgs/msg/detail/float32__type_support.c
-- Installing: /home/skola/Projects/int32_publisher_custom_transport/components/micro_ros_espidf_component-galactic/micro_ros_src/install/include/std_msgs/msg/detail/int8__type_support.c
-- Installing: /home/skola/Projects/int32_publisher_custom_transport/components/micro_ros_espidf_component-galactic/micro_ros_src/install/include/std_msgs/msg/detail/u_int32_multi_array__rosidl_typesupport_introspection_c.h
-- Installing: /home/skola/Projects/int32_publisher_custom_transport/components/micro_ros_espidf_component-galactic/micro_ros_src/install/include/std_msgs/msg/detail/int16__rosidl_typesupport_introspection_c.h
-- Installing: /home/skola/Projects/int32_publisher_custom_transport/components/micro_ros_espidf_component-galactic/micro_ros_src/install/include/std_msgs/msg/detail/float64_multi_array__type_support.c
-- Installing: /home/skola/Projects/int32_publisher_custom_transport/components/micro_ros_espidf_component-galactic/micro_ros_src/install/include/std_msgs/msg/detail/multi_array_layout__type_support.c
-- Installing: /home/skola/Projects/int32_publisher_custom_transport/components/micro_ros_espidf_component-galactic/micro_ros_src/install/include/std_msgs/msg/detail/int64_multi_array__rosidl_typesupport_introspection_c.h
-- Installing: /home/skola/Projects/int32_publisher_custom_transport/components/micro_ros_espidf_component-galactic/micro_ros_src/install/include/std_msgs/msg/detail/int64__type_support.c
-- Installing: /home/skola/Projects/int32_publisher_custom_transport/components/micro_ros_espidf_component-galactic/micro_ros_src/install/include/std_msgs/msg/detail/u_int16__rosidl_typesupport_introspection_c.h
-- Installing: /home/skola/Projects/int32_publisher_custom_transport/components/micro_ros_espidf_component-galactic/micro_ros_src/install/include/std_msgs/msg/detail/u_int8_multi_array__rosidl_typesupport_introspection_c.h
-- Installing: /home/skola/Projects/int32_publisher_custom_transport/components/micro_ros_espidf_component-galactic/micro_ros_src/install/include/std_msgs/msg/detail/color_rgba__rosidl_typesupport_introspection_c.h
-- Installing: /home/skola/Projects/int32_publisher_custom_transport/components/micro_ros_espidf_component-galactic/micro_ros_src/install/include/std_msgs/msg/detail/multi_array_dimension__rosidl_typesupport_introspection_c.h
-- Installing: /home/skola/Projects/int32_publisher_custom_transport/components/micro_ros_espidf_component-galactic/micro_ros_src/install/include/std_msgs/msg/detail/empty__type_support.c
-- Installing: /home/skola/Projects/int32_publisher_custom_transport/components/micro_ros_espidf_component-galactic/micro_ros_src/install/include/std_msgs/msg/detail/bool__rosidl_typesupport_introspection_c.h
-- Installing: /home/skola/Projects/int32_publisher_custom_transport/components/micro_ros_espidf_component-galactic/micro_ros_src/install/include/std_msgs/msg/detail/int64__rosidl_typesupport_introspection_c.h
-- Installing: /home/skola/Projects/int32_publisher_custom_transport/components/micro_ros_espidf_component-galactic/micro_ros_src/install/include/std_msgs/msg/detail/float64__rosidl_typesupport_introspection_c.h
-- Installing: /home/skola/Projects/int32_publisher_custom_transport/components/micro_ros_espidf_component-galactic/micro_ros_src/install/include/std_msgs/msg/detail/int8_multi_array__type_support.c
-- Installing: /home/skola/Projects/int32_publisher_custom_transport/components/micro_ros_espidf_component-galactic/micro_ros_src/install/include/std_msgs/msg/detail/u_int64_multi_array__type_support.c
-- Installing: /home/skola/Projects/int32_publisher_custom_transport/components/micro_ros_espidf_component-galactic/micro_ros_src/install/include/std_msgs/msg/detail/string__rosidl_typesupport_introspection_c.h
-- Installing: /home/skola/Projects/int32_publisher_custom_transport/components/micro_ros_espidf_component-galactic/micro_ros_src/install/include/std_msgs/msg/detail/byte__type_support.c
-- Installing: /home/skola/Projects/int32_publisher_custom_transport/components/micro_ros_espidf_component-galactic/micro_ros_src/install/include/std_msgs/msg/detail/float32_multi_array__type_support.c
-- Installing: /home/skola/Projects/int32_publisher_custom_transport/components/micro_ros_espidf_component-galactic/micro_ros_src/install/include/std_msgs/msg/detail/int64_multi_array__type_support.c
-- Installing: /home/skola/Projects/int32_publisher_custom_transport/components/micro_ros_espidf_component-galactic/micro_ros_src/install/include/std_msgs/msg/detail/u_int32_multi_array__type_support.c
-- Installing: /home/skola/Projects/int32_publisher_custom_transport/components/micro_ros_espidf_component-galactic/micro_ros_src/install/include/std_msgs/msg/detail/u_int32__type_support.c
-- Installing: /home/skola/Projects/int32_publisher_custom_transport/components/micro_ros_espidf_component-galactic/micro_ros_src/install/include/std_msgs/msg/detail/char__type_support.c
-- Installing: /home/skola/Projects/int32_publisher_custom_transport/components/micro_ros_espidf_component-galactic/micro_ros_src/install/include/std_msgs/msg/detail/multi_array_layout__rosidl_typesupport_introspection_c.h
-- Installing: /home/skola/Projects/int32_publisher_custom_transport/components/micro_ros_espidf_component-galactic/micro_ros_src/install/include/std_msgs/msg/detail/int16__type_support.c
-- Installing: /home/skola/Projects/int32_publisher_custom_transport/components/micro_ros_espidf_component-galactic/micro_ros_src/install/include/std_msgs/msg/detail/string__type_support.c
-- Installing: /home/skola/Projects/int32_publisher_custom_transport/components/micro_ros_espidf_component-galactic/micro_ros_src/install/include/std_msgs/msg/detail/float32_multi_array__rosidl_typesupport_introspection_c.h
-- Installing: /home/skola/Projects/int32_publisher_custom_transport/components/micro_ros_espidf_component-galactic/micro_ros_src/install/include/std_msgs/msg/detail/byte_multi_array__rosidl_typesupport_introspection_c.h
-- Installing: /home/skola/Projects/int32_publisher_custom_transport/components/micro_ros_espidf_component-galactic/micro_ros_src/install/include/std_msgs/msg/detail/char__rosidl_typesupport_introspection_c.h
-- Installing: /home/skola/Projects/int32_publisher_custom_transport/components/micro_ros_espidf_component-galactic/micro_ros_src/install/include/std_msgs/msg/detail/u_int64__type_support.c
-- Installing: /home/skola/Projects/int32_publisher_custom_transport/components/micro_ros_espidf_component-galactic/micro_ros_src/install/include/std_msgs/msg/detail/multi_array_dimension__type_support.c
-- Installing: /home/skola/Projects/int32_publisher_custom_transport/components/micro_ros_espidf_component-galactic/micro_ros_src/install/include/std_msgs/msg/detail/int16_multi_array__type_support.c
-- Installing: /home/skola/Projects/int32_publisher_custom_transport/components/micro_ros_espidf_component-galactic/micro_ros_src/install/include/std_msgs/msg/detail/u_int16_multi_array__rosidl_typesupport_introspection_c.h
-- Installing: /home/skola/Projects/int32_publisher_custom_transport/components/micro_ros_espidf_component-galactic/micro_ros_src/install/include/std_msgs/msg/detail/u_int64_multi_array__rosidl_typesupport_introspection_c.h
-- Installing: /home/skola/Projects/int32_publisher_custom_transport/components/micro_ros_espidf_component-galactic/micro_ros_src/install/include/std_msgs/msg/detail/header__rosidl_typesupport_introspection_c.h
-- Installing: /home/skola/Projects/int32_publisher_custom_transport/components/micro_ros_espidf_component-galactic/micro_ros_src/install/include/std_msgs/msg/detail/empty__rosidl_typesupport_introspection_c.h
-- Installing: /home/skola/Projects/int32_publisher_custom_transport/components/micro_ros_espidf_component-galactic/micro_ros_src/install/include/std_msgs/msg/detail/int16_multi_array__rosidl_typesupport_introspection_c.h
-- Installing: /home/skola/Projects/int32_publisher_custom_transport/components/micro_ros_espidf_component-galactic/micro_ros_src/install/include/std_msgs/msg/detail/u_int8_multi_array__type_support.c
-- Installing: /home/skola/Projects/int32_publisher_custom_transport/components/micro_ros_espidf_component-galactic/micro_ros_src/install/include/std_msgs/msg/detail/byte__rosidl_typesupport_introspection_c.h
-- Installing: /home/skola/Projects/int32_publisher_custom_transport/components/micro_ros_espidf_component-galactic/micro_ros_src/install/include/std_msgs/msg/detail/u_int8__type_support.c
-- Installing: /home/skola/Projects/int32_publisher_custom_transport/components/micro_ros_espidf_component-galactic/micro_ros_src/install/include/std_msgs/msg/detail/float32__rosidl_typesupport_introspection_c.h
-- Installing: /home/skola/Projects/int32_publisher_custom_transport/components/micro_ros_espidf_component-galactic/micro_ros_src/install/include/std_msgs/msg/detail/int8_multi_array__rosidl_typesupport_introspection_c.h
-- Installing: /home/skola/Projects/int32_publisher_custom_transport/components/micro_ros_espidf_component-galactic/micro_ros_src/install/include/std_msgs/msg/detail/bool__type_support.c
-- Installing: /home/skola/Projects/int32_publisher_custom_transport/components/micro_ros_espidf_component-galactic/micro_ros_src/install/include/std_msgs/msg/detail/float64_multi_array__rosidl_typesupport_introspection_c.h
-- Installing: /home/skola/Projects/int32_publisher_custom_transport/components/micro_ros_espidf_component-galactic/micro_ros_src/install/include/std_msgs/msg/detail/float64__type_support.c
-- Installing: /home/skola/Projects/int32_publisher_custom_transport/components/micro_ros_espidf_component-galactic/micro_ros_src/install/include/std_msgs/msg/detail/int8__rosidl_typesupport_introspection_c.h
-- Installing: /home/skola/Projects/int32_publisher_custom_transport/components/micro_ros_espidf_component-galactic/micro_ros_src/install/include/std_msgs/msg/detail/header__type_support.c
-- Installing: /home/skola/Projects/int32_publisher_custom_transport/components/micro_ros_espidf_component-galactic/micro_ros_src/install/include/std_msgs/msg/detail/u_int8__rosidl_typesupport_introspection_c.h
-- Installing: /home/skola/Projects/int32_publisher_custom_transport/components/micro_ros_espidf_component-galactic/micro_ros_src/install/include/std_msgs/msg/detail/int32_multi_array__rosidl_typesupport_introspection_c.h
-- Installing: /home/skola/Projects/int32_publisher_custom_transport/components/micro_ros_espidf_component-galactic/micro_ros_src/install/include/std_msgs/msg/detail/color_rgba__type_support.c
-- Installing: /home/skola/Projects/int32_publisher_custom_transport/components/micro_ros_espidf_component-galactic/micro_ros_src/install/include/std_msgs/msg/detail/u_int32__rosidl_typesupport_introspection_c.h
-- Installing: /home/skola/Projects/int32_publisher_custom_transport/components/micro_ros_espidf_component-galactic/micro_ros_src/install/include/std_msgs/msg/detail/u_int64__rosidl_typesupport_introspection_c.h
-- Installing: /home/skola/Projects/int32_publisher_custom_transport/components/micro_ros_espidf_component-galactic/micro_ros_src/install/include/std_msgs/msg/detail/u_int16_multi_array__type_support.c
-- Installing: /home/skola/Projects/int32_publisher_custom_transport/components/micro_ros_espidf_component-galactic/micro_ros_src/install/include/std_msgs/msg/detail/int32__type_support.c
-- Installing: /home/skola/Projects/int32_publisher_custom_transport/components/micro_ros_espidf_component-galactic/micro_ros_src/install/include/std_msgs/msg/detail/int32__rosidl_typesupport_introspection_c.h
-- Installing: /home/skola/Projects/int32_publisher_custom_transport/components/micro_ros_espidf_component-galactic/micro_ros_src/install/include/std_msgs/msg/detail/int32_multi_array__type_support.c
-- Installing: /home/skola/Projects/int32_publisher_custom_transport/components/micro_ros_espidf_component-galactic/micro_ros_src/install/include/std_msgs/msg/detail/u_int16__type_support.c
-- Installing: /home/skola/Projects/int32_publisher_custom_transport/components/micro_ros_espidf_component-galactic/micro_ros_src/install/lib/libstd_msgs__rosidl_typesupport_introspection_c.a
-- Up-to-date: /home/skola/Projects/int32_publisher_custom_transport/components/micro_ros_espidf_component-galactic/micro_ros_src/install/include/std_msgs
-- Up-to-date: /home/skola/Projects/int32_publisher_custom_transport/components/micro_ros_espidf_component-galactic/micro_ros_src/install/include/std_msgs/msg
-- Up-to-date: /home/skola/Projects/int32_publisher_custom_transport/components/micro_ros_espidf_component-galactic/micro_ros_src/install/include/std_msgs/msg/detail
-- Installing: /home/skola/Projects/int32_publisher_custom_transport/components/micro_ros_espidf_component-galactic/micro_ros_src/install/include/std_msgs/msg/detail/u_int8_multi_array__rosidl_typesupport_microxrcedds_c.h
-- Installing: /home/skola/Projects/int32_publisher_custom_transport/components/micro_ros_espidf_component-galactic/micro_ros_src/install/include/std_msgs/msg/detail/u_int16_multi_array__rosidl_typesupport_microxrcedds_c.h
-- Installing: /home/skola/Projects/int32_publisher_custom_transport/components/micro_ros_espidf_component-galactic/micro_ros_src/install/include/std_msgs/msg/detail/multi_array_layout__rosidl_typesupport_microxrcedds_c.h
-- Installing: /home/skola/Projects/int32_publisher_custom_transport/components/micro_ros_espidf_component-galactic/micro_ros_src/install/include/std_msgs/msg/detail/empty__rosidl_typesupport_microxrcedds_c.h
-- Installing: /home/skola/Projects/int32_publisher_custom_transport/components/micro_ros_espidf_component-galactic/micro_ros_src/install/include/std_msgs/msg/detail/byte__rosidl_typesupport_microxrcedds_c.h
-- Installing: /home/skola/Projects/int32_publisher_custom_transport/components/micro_ros_espidf_component-galactic/micro_ros_src/install/include/std_msgs/msg/detail/int32__rosidl_typesupport_microxrcedds_c.h
-- Installing: /home/skola/Projects/int32_publisher_custom_transport/components/micro_ros_espidf_component-galactic/micro_ros_src/install/include/std_msgs/msg/detail/float64__rosidl_typesupport_microxrcedds_c.h
-- Installing: /home/skola/Projects/int32_publisher_custom_transport/components/micro_ros_espidf_component-galactic/micro_ros_src/install/include/std_msgs/msg/detail/float64_multi_array__rosidl_typesupport_microxrcedds_c.h
-- Installing: /home/skola/Projects/int32_publisher_custom_transport/components/micro_ros_espidf_component-galactic/micro_ros_src/install/include/std_msgs/msg/detail/u_int64_multi_array__rosidl_typesupport_microxrcedds_c.h
-- Installing: /home/skola/Projects/int32_publisher_custom_transport/components/micro_ros_espidf_component-galactic/micro_ros_src/install/include/std_msgs/msg/detail/char__rosidl_typesupport_microxrcedds_c.h
-- Installing: /home/skola/Projects/int32_publisher_custom_transport/components/micro_ros_espidf_component-galactic/micro_ros_src/install/include/std_msgs/msg/detail/int64__rosidl_typesupport_microxrcedds_c.h
-- Installing: /home/skola/Projects/int32_publisher_custom_transport/components/micro_ros_espidf_component-galactic/micro_ros_src/install/include/std_msgs/msg/detail/color_rgba__rosidl_typesupport_microxrcedds_c.h
-- Installing: /home/skola/Projects/int32_publisher_custom_transport/components/micro_ros_espidf_component-galactic/micro_ros_src/install/include/std_msgs/msg/detail/string__rosidl_typesupport_microxrcedds_c.h
-- Installing: /home/skola/Projects/int32_publisher_custom_transport/components/micro_ros_espidf_component-galactic/micro_ros_src/install/include/std_msgs/msg/detail/multi_array_dimension__rosidl_typesupport_microxrcedds_c.h
-- Installing: /home/skola/Projects/int32_publisher_custom_transport/components/micro_ros_espidf_component-galactic/micro_ros_src/install/include/std_msgs/msg/detail/float32__rosidl_typesupport_microxrcedds_c.h
-- Installing: /home/skola/Projects/int32_publisher_custom_transport/components/micro_ros_espidf_component-galactic/micro_ros_src/install/include/std_msgs/msg/detail/int16__rosidl_typesupport_microxrcedds_c.h
-- Installing: /home/skola/Projects/int32_publisher_custom_transport/components/micro_ros_espidf_component-galactic/micro_ros_src/install/include/std_msgs/msg/detail/byte_multi_array__rosidl_typesupport_microxrcedds_c.h
-- Installing: /home/skola/Projects/int32_publisher_custom_transport/components/micro_ros_espidf_component-galactic/micro_ros_src/install/include/std_msgs/msg/detail/int64_multi_array__rosidl_typesupport_microxrcedds_c.h
-- Installing: /home/skola/Projects/int32_publisher_custom_transport/components/micro_ros_espidf_component-galactic/micro_ros_src/install/include/std_msgs/msg/detail/int16_multi_array__rosidl_typesupport_microxrcedds_c.h
-- Installing: /home/skola/Projects/int32_publisher_custom_transport/components/micro_ros_espidf_component-galactic/micro_ros_src/install/include/std_msgs/msg/detail/microxrcedds
-- Installing: /home/skola/Projects/int32_publisher_custom_transport/components/micro_ros_espidf_component-galactic/micro_ros_src/install/include/std_msgs/msg/detail/int32_multi_array__rosidl_typesupport_microxrcedds_c.h
-- Installing: /home/skola/Projects/int32_publisher_custom_transport/components/micro_ros_espidf_component-galactic/micro_ros_src/install/include/std_msgs/msg/detail/header__rosidl_typesupport_microxrcedds_c.h
-- Installing: /home/skola/Projects/int32_publisher_custom_transport/components/micro_ros_espidf_component-galactic/micro_ros_src/install/include/std_msgs/msg/detail/u_int32_multi_array__rosidl_typesupport_microxrcedds_c.h
-- Installing: /home/skola/Projects/int32_publisher_custom_transport/components/micro_ros_espidf_component-galactic/micro_ros_src/install/include/std_msgs/msg/detail/u_int8__rosidl_typesupport_microxrcedds_c.h
-- Installing: /home/skola/Projects/int32_publisher_custom_transport/components/micro_ros_espidf_component-galactic/micro_ros_src/install/include/std_msgs/msg/detail/int8__rosidl_typesupport_microxrcedds_c.h
-- Installing: /home/skola/Projects/int32_publisher_custom_transport/components/micro_ros_espidf_component-galactic/micro_ros_src/install/include/std_msgs/msg/detail/bool__rosidl_typesupport_microxrcedds_c.h
-- Installing: /home/skola/Projects/int32_publisher_custom_transport/components/micro_ros_espidf_component-galactic/micro_ros_src/install/include/std_msgs/msg/detail/float32_multi_array__rosidl_typesupport_microxrcedds_c.h
-- Installing: /home/skola/Projects/int32_publisher_custom_transport/components/micro_ros_espidf_component-galactic/micro_ros_src/install/include/std_msgs/msg/detail/u_int64__rosidl_typesupport_microxrcedds_c.h
-- Installing: /home/skola/Projects/int32_publisher_custom_transport/components/micro_ros_espidf_component-galactic/micro_ros_src/install/include/std_msgs/msg/detail/u_int32__rosidl_typesupport_microxrcedds_c.h
-- Installing: /home/skola/Projects/int32_publisher_custom_transport/components/micro_ros_espidf_component-galactic/micro_ros_src/install/include/std_msgs/msg/detail/int8_multi_array__rosidl_typesupport_microxrcedds_c.h
-- Installing: /home/skola/Projects/int32_publisher_custom_transport/components/micro_ros_espidf_component-galactic/micro_ros_src/install/include/std_msgs/msg/detail/u_int16__rosidl_typesupport_microxrcedds_c.h
-- Installing: /home/skola/Projects/int32_publisher_custom_transport/components/micro_ros_espidf_component-galactic/micro_ros_src/install/include/std_msgs/msg/rosidl_typesupport_microxrcedds_c__visibility_control.h
-- Installing: /home/skola/Projects/int32_publisher_custom_transport/components/micro_ros_espidf_component-galactic/micro_ros_src/install/lib/libstd_msgs__rosidl_typesupport_microxrcedds_c.a
-- Installing: /home/skola/Projects/int32_publisher_custom_transport/components/micro_ros_espidf_component-galactic/micro_ros_src/install/lib/libstd_msgs__rosidl_typesupport_c.a
-- Installing: /home/skola/Projects/int32_publisher_custom_transport/components/micro_ros_espidf_component-galactic/micro_ros_src/install/share/std_msgs/msg/Bool.idl
-- Installing: /home/skola/Projects/int32_publisher_custom_transport/components/micro_ros_espidf_component-galactic/micro_ros_src/install/share/std_msgs/msg/Byte.idl
-- Installing: /home/skola/Projects/int32_publisher_custom_transport/components/micro_ros_espidf_component-galactic/micro_ros_src/install/share/std_msgs/msg/ByteMultiArray.idl
-- Installing: /home/skola/Projects/int32_publisher_custom_transport/components/micro_ros_espidf_component-galactic/micro_ros_src/install/share/std_msgs/msg/Char.idl
-- Installing: /home/skola/Projects/int32_publisher_custom_transport/components/micro_ros_espidf_component-galactic/micro_ros_src/install/share/std_msgs/msg/ColorRGBA.idl
-- Installing: /home/skola/Projects/int32_publisher_custom_transport/components/micro_ros_espidf_component-galactic/micro_ros_src/install/share/std_msgs/msg/Empty.idl
-- Installing: /home/skola/Projects/int32_publisher_custom_transport/components/micro_ros_espidf_component-galactic/micro_ros_src/install/share/std_msgs/msg/Float32.idl
-- Installing: /home/skola/Projects/int32_publisher_custom_transport/components/micro_ros_espidf_component-galactic/micro_ros_src/install/share/std_msgs/msg/Float32MultiArray.idl
-- Installing: /home/skola/Projects/int32_publisher_custom_transport/components/micro_ros_espidf_component-galactic/micro_ros_src/install/share/std_msgs/msg/Float64.idl
-- Installing: /home/skola/Projects/int32_publisher_custom_transport/components/micro_ros_espidf_component-galactic/micro_ros_src/install/share/std_msgs/msg/Float64MultiArray.idl
-- Installing: /home/skola/Projects/int32_publisher_custom_transport/components/micro_ros_espidf_component-galactic/micro_ros_src/install/share/std_msgs/msg/Header.idl
-- Installing: /home/skola/Projects/int32_publisher_custom_transport/components/micro_ros_espidf_component-galactic/micro_ros_src/install/share/std_msgs/msg/Int16.idl
-- Installing: /home/skola/Projects/int32_publisher_custom_transport/components/micro_ros_espidf_component-galactic/micro_ros_src/install/share/std_msgs/msg/Int16MultiArray.idl
-- Installing: /home/skola/Projects/int32_publisher_custom_transport/components/micro_ros_espidf_component-galactic/micro_ros_src/install/share/std_msgs/msg/Int32.idl
-- Installing: /home/skola/Projects/int32_publisher_custom_transport/components/micro_ros_espidf_component-galactic/micro_ros_src/install/share/std_msgs/msg/Int32MultiArray.idl
-- Installing: /home/skola/Projects/int32_publisher_custom_transport/components/micro_ros_espidf_component-galactic/micro_ros_src/install/share/std_msgs/msg/Int64.idl
-- Installing: /home/skola/Projects/int32_publisher_custom_transport/components/micro_ros_espidf_component-galactic/micro_ros_src/install/share/std_msgs/msg/Int64MultiArray.idl
-- Installing: /home/skola/Projects/int32_publisher_custom_transport/components/micro_ros_espidf_component-galactic/micro_ros_src/install/share/std_msgs/msg/Int8.idl
-- Installing: /home/skola/Projects/int32_publisher_custom_transport/components/micro_ros_espidf_component-galactic/micro_ros_src/install/share/std_msgs/msg/Int8MultiArray.idl
-- Installing: /home/skola/Projects/int32_publisher_custom_transport/components/micro_ros_espidf_component-galactic/micro_ros_src/install/share/std_msgs/msg/MultiArrayDimension.idl
-- Installing: /home/skola/Projects/int32_publisher_custom_transport/components/micro_ros_espidf_component-galactic/micro_ros_src/install/share/std_msgs/msg/MultiArrayLayout.idl
-- Installing: /home/skola/Projects/int32_publisher_custom_transport/components/micro_ros_espidf_component-galactic/micro_ros_src/install/share/std_msgs/msg/String.idl
-- Installing: /home/skola/Projects/int32_publisher_custom_transport/components/micro_ros_espidf_component-galactic/micro_ros_src/install/share/std_msgs/msg/UInt16.idl
-- Installing: /home/skola/Projects/int32_publisher_custom_transport/components/micro_ros_espidf_component-galactic/micro_ros_src/install/share/std_msgs/msg/UInt16MultiArray.idl
-- Installing: /home/skola/Projects/int32_publisher_custom_transport/components/micro_ros_espidf_component-galactic/micro_ros_src/install/share/std_msgs/msg/UInt32.idl
-- Installing: /home/skola/Projects/int32_publisher_custom_transport/components/micro_ros_espidf_component-galactic/micro_ros_src/install/share/std_msgs/msg/UInt32MultiArray.idl
-- Installing: /home/skola/Projects/int32_publisher_custom_transport/components/micro_ros_espidf_component-galactic/micro_ros_src/install/share/std_msgs/msg/UInt64.idl
-- Installing: /home/skola/Projects/int32_publisher_custom_transport/components/micro_ros_espidf_component-galactic/micro_ros_src/install/share/std_msgs/msg/UInt64MultiArray.idl
-- Installing: /home/skola/Projects/int32_publisher_custom_transport/components/micro_ros_espidf_component-galactic/micro_ros_src/install/share/std_msgs/msg/UInt8.idl
-- Installing: /home/skola/Projects/int32_publisher_custom_transport/components/micro_ros_espidf_component-galactic/micro_ros_src/install/share/std_msgs/msg/UInt8MultiArray.idl
-- Installing: /home/skola/Projects/int32_publisher_custom_transport/components/micro_ros_espidf_component-galactic/micro_ros_src/install/share/std_msgs/msg/Bool.msg
-- Installing: /home/skola/Projects/int32_publisher_custom_transport/components/micro_ros_espidf_component-galactic/micro_ros_src/install/share/std_msgs/msg/Byte.msg
-- Installing: /home/skola/Projects/int32_publisher_custom_transport/components/micro_ros_espidf_component-galactic/micro_ros_src/install/share/std_msgs/msg/ByteMultiArray.msg
-- Installing: /home/skola/Projects/int32_publisher_custom_transport/components/micro_ros_espidf_component-galactic/micro_ros_src/install/share/std_msgs/msg/Char.msg
-- Installing: /home/skola/Projects/int32_publisher_custom_transport/components/micro_ros_espidf_component-galactic/micro_ros_src/install/share/std_msgs/msg/ColorRGBA.msg
-- Installing: /home/skola/Projects/int32_publisher_custom_transport/components/micro_ros_espidf_component-galactic/micro_ros_src/install/share/std_msgs/msg/Empty.msg
-- Installing: /home/skola/Projects/int32_publisher_custom_transport/components/micro_ros_espidf_component-galactic/micro_ros_src/install/share/std_msgs/msg/Float32.msg
-- Installing: /home/skola/Projects/int32_publisher_custom_transport/components/micro_ros_espidf_component-galactic/micro_ros_src/install/share/std_msgs/msg/Float32MultiArray.msg
-- Installing: /home/skola/Projects/int32_publisher_custom_transport/components/micro_ros_espidf_component-galactic/micro_ros_src/install/share/std_msgs/msg/Float64.msg
-- Installing: /home/skola/Projects/int32_publisher_custom_transport/components/micro_ros_espidf_component-galactic/micro_ros_src/install/share/std_msgs/msg/Float64MultiArray.msg
-- Installing: /home/skola/Projects/int32_publisher_custom_transport/components/micro_ros_espidf_component-galactic/micro_ros_src/install/share/std_msgs/msg/Header.msg
-- Installing: /home/skola/Projects/int32_publisher_custom_transport/components/micro_ros_espidf_component-galactic/micro_ros_src/install/share/std_msgs/msg/Int16.msg
-- Installing: /home/skola/Projects/int32_publisher_custom_transport/components/micro_ros_espidf_component-galactic/micro_ros_src/install/share/std_msgs/msg/Int16MultiArray.msg
-- Installing: /home/skola/Projects/int32_publisher_custom_transport/components/micro_ros_espidf_component-galactic/micro_ros_src/install/share/std_msgs/msg/Int32.msg
-- Installing: /home/skola/Projects/int32_publisher_custom_transport/components/micro_ros_espidf_component-galactic/micro_ros_src/install/share/std_msgs/msg/Int32MultiArray.msg
-- Installing: /home/skola/Projects/int32_publisher_custom_transport/components/micro_ros_espidf_component-galactic/micro_ros_src/install/share/std_msgs/msg/Int64.msg
-- Installing: /home/skola/Projects/int32_publisher_custom_transport/components/micro_ros_espidf_component-galactic/micro_ros_src/install/share/std_msgs/msg/Int64MultiArray.msg
-- Installing: /home/skola/Projects/int32_publisher_custom_transport/components/micro_ros_espidf_component-galactic/micro_ros_src/install/share/std_msgs/msg/Int8.msg
-- Installing: /home/skola/Projects/int32_publisher_custom_transport/components/micro_ros_espidf_component-galactic/micro_ros_src/install/share/std_msgs/msg/Int8MultiArray.msg
-- Installing: /home/skola/Projects/int32_publisher_custom_transport/components/micro_ros_espidf_component-galactic/micro_ros_src/install/share/std_msgs/msg/MultiArrayDimension.msg
-- Installing: /home/skola/Projects/int32_publisher_custom_transport/components/micro_ros_espidf_component-galactic/micro_ros_src/install/share/std_msgs/msg/MultiArrayLayout.msg
-- Installing: /home/skola/Projects/int32_publisher_custom_transport/components/micro_ros_espidf_component-galactic/micro_ros_src/install/share/std_msgs/msg/String.msg
-- Installing: /home/skola/Projects/int32_publisher_custom_transport/components/micro_ros_espidf_component-galactic/micro_ros_src/install/share/std_msgs/msg/UInt16.msg
-- Installing: /home/skola/Projects/int32_publisher_custom_transport/components/micro_ros_espidf_component-galactic/micro_ros_src/install/share/std_msgs/msg/UInt16MultiArray.msg
-- Installing: /home/skola/Projects/int32_publisher_custom_transport/components/micro_ros_espidf_component-galactic/micro_ros_src/install/share/std_msgs/msg/UInt32.msg
-- Installing: /home/skola/Projects/int32_publisher_custom_transport/components/micro_ros_espidf_component-galactic/micro_ros_src/install/share/std_msgs/msg/UInt32MultiArray.msg
-- Installing: /home/skola/Projects/int32_publisher_custom_transport/components/micro_ros_espidf_component-galactic/micro_ros_src/install/share/std_msgs/msg/UInt64.msg
-- Installing: /home/skola/Projects/int32_publisher_custom_transport/components/micro_ros_espidf_component-galactic/micro_ros_src/install/share/std_msgs/msg/UInt64MultiArray.msg
-- Installing: /home/skola/Projects/int32_publisher_custom_transport/components/micro_ros_espidf_component-galactic/micro_ros_src/install/share/std_msgs/msg/UInt8.msg
-- Installing: /home/skola/Projects/int32_publisher_custom_transport/components/micro_ros_espidf_component-galactic/micro_ros_src/install/share/std_msgs/msg/UInt8MultiArray.msg
-- Installing: /home/skola/Projects/int32_publisher_custom_transport/components/micro_ros_espidf_component-galactic/micro_ros_src/install/share/ament_index/resource_index/package_run_dependencies/std_msgs
-- Installing: /home/skola/Projects/int32_publisher_custom_transport/components/micro_ros_espidf_component-galactic/micro_ros_src/install/share/ament_index/resource_index/parent_prefix_path/std_msgs
-- Installing: /home/skola/Projects/int32_publisher_custom_transport/components/micro_ros_espidf_component-galactic/micro_ros_src/install/share/std_msgs/environment/ament_prefix_path.sh
-- Installing: /home/skola/Projects/int32_publisher_custom_transport/components/micro_ros_espidf_component-galactic/micro_ros_src/install/share/std_msgs/environment/ament_prefix_path.dsv
-- Installing: /home/skola/Projects/int32_publisher_custom_transport/components/micro_ros_espidf_component-galactic/micro_ros_src/install/share/std_msgs/environment/path.sh
-- Installing: /home/skola/Projects/int32_publisher_custom_transport/components/micro_ros_espidf_component-galactic/micro_ros_src/install/share/std_msgs/environment/path.dsv
-- Installing: /home/skola/Projects/int32_publisher_custom_transport/components/micro_ros_espidf_component-galactic/micro_ros_src/install/share/std_msgs/local_setup.bash
-- Installing: /home/skola/Projects/int32_publisher_custom_transport/components/micro_ros_espidf_component-galactic/micro_ros_src/install/share/std_msgs/local_setup.sh
-- Installing: /home/skola/Projects/int32_publisher_custom_transport/components/micro_ros_espidf_component-galactic/micro_ros_src/install/share/std_msgs/local_setup.zsh
-- Installing: /home/skola/Projects/int32_publisher_custom_transport/components/micro_ros_espidf_component-galactic/micro_ros_src/install/share/std_msgs/local_setup.dsv
-- Installing: /home/skola/Projects/int32_publisher_custom_transport/components/micro_ros_espidf_component-galactic/micro_ros_src/install/share/std_msgs/package.dsv
-- Installing: /home/skola/Projects/int32_publisher_custom_transport/components/micro_ros_espidf_component-galactic/micro_ros_src/install/share/ament_index/resource_index/packages/std_msgs
-- Installing: /home/skola/Projects/int32_publisher_custom_transport/components/micro_ros_espidf_component-galactic/micro_ros_src/install/share/std_msgs/cmake/std_msgs__rosidl_generator_cExport.cmake
-- Installing: /home/skola/Projects/int32_publisher_custom_transport/components/micro_ros_espidf_component-galactic/micro_ros_src/install/share/std_msgs/cmake/std_msgs__rosidl_generator_cExport-release.cmake
-- Installing: /home/skola/Projects/int32_publisher_custom_transport/components/micro_ros_espidf_component-galactic/micro_ros_src/install/share/std_msgs/cmake/std_msgs__rosidl_typesupport_introspection_cExport.cmake
-- Installing: /home/skola/Projects/int32_publisher_custom_transport/components/micro_ros_espidf_component-galactic/micro_ros_src/install/share/std_msgs/cmake/std_msgs__rosidl_typesupport_introspection_cExport-release.cmake
-- Installing: /home/skola/Projects/int32_publisher_custom_transport/components/micro_ros_espidf_component-galactic/micro_ros_src/install/share/std_msgs/cmake/std_msgs__rosidl_typesupport_cExport.cmake
-- Installing: /home/skola/Projects/int32_publisher_custom_transport/components/micro_ros_espidf_component-galactic/micro_ros_src/install/share/std_msgs/cmake/std_msgs__rosidl_typesupport_cExport-release.cmake
-- Installing: /home/skola/Projects/int32_publisher_custom_transport/components/micro_ros_espidf_component-galactic/micro_ros_src/install/share/std_msgs/cmake/rosidl_cmake-extras.cmake
-- Installing: /home/skola/Projects/int32_publisher_custom_transport/components/micro_ros_espidf_component-galactic/micro_ros_src/install/share/std_msgs/cmake/ament_cmake_export_dependencies-extras.cmake
-- Installing: /home/skola/Projects/int32_publisher_custom_transport/components/micro_ros_espidf_component-galactic/micro_ros_src/install/share/std_msgs/cmake/ament_cmake_export_libraries-extras.cmake
-- Installing: /home/skola/Projects/int32_publisher_custom_transport/components/micro_ros_espidf_component-galactic/micro_ros_src/install/share/std_msgs/cmake/ament_cmake_export_targets-extras.cmake
-- Installing: /home/skola/Projects/int32_publisher_custom_transport/components/micro_ros_espidf_component-galactic/micro_ros_src/install/share/std_msgs/cmake/ament_cmake_export_include_directories-extras.cmake
-- Installing: /home/skola/Projects/int32_publisher_custom_transport/components/micro_ros_espidf_component-galactic/micro_ros_src/install/share/std_msgs/cmake/rosidl_cmake_export_typesupport_targets-extras.cmake
-- Installing: /home/skola/Projects/int32_publisher_custom_transport/components/micro_ros_espidf_component-galactic/micro_ros_src/install/share/std_msgs/cmake/rosidl_cmake_export_typesupport_libraries-extras.cmake
-- Installing: /home/skola/Projects/int32_publisher_custom_transport/components/micro_ros_espidf_component-galactic/micro_ros_src/install/share/std_msgs/cmake/std_msgsConfig.cmake
-- Installing: /home/skola/Projects/int32_publisher_custom_transport/components/micro_ros_espidf_component-galactic/micro_ros_src/install/share/std_msgs/cmake/std_msgsConfig-version.cmake
-- Installing: /home/skola/Projects/int32_publisher_custom_transport/components/micro_ros_espidf_component-galactic/micro_ros_src/install/share/std_msgs/package.xml
