running egg_info
creating ../../build/sig_shutdown/sig_shutdown.egg-info
writing ../../build/sig_shutdown/sig_shutdown.egg-info/PKG-INFO
writing dependency_links to ../../build/sig_shutdown/sig_shutdown.egg-info/dependency_links.txt
writing entry points to ../../build/sig_shutdown/sig_shutdown.egg-info/entry_points.txt
writing requirements to ../../build/sig_shutdown/sig_shutdown.egg-info/requires.txt
writing top-level names to ../../build/sig_shutdown/sig_shutdown.egg-info/top_level.txt
writing manifest file '../../build/sig_shutdown/sig_shutdown.egg-info/SOURCES.txt'
reading manifest file '../../build/sig_shutdown/sig_shutdown.egg-info/SOURCES.txt'
writing manifest file '../../build/sig_shutdown/sig_shutdown.egg-info/SOURCES.txt'
running build
running build_py
creating /root/dev_ws/build/sig_shutdown/build
creating /root/dev_ws/build/sig_shutdown/build/lib
creating /root/dev_ws/build/sig_shutdown/build/lib/sig_shutdown
copying sig_shutdown/main.py -> /root/dev_ws/build/sig_shutdown/build/lib/sig_shutdown
copying sig_shutdown/__init__.py -> /root/dev_ws/build/sig_shutdown/build/lib/sig_shutdown
running install
running install_lib
creating /root/dev_ws/install/sig_shutdown/lib/python3.8/site-packages/sig_shutdown
copying /root/dev_ws/build/sig_shutdown/build/lib/sig_shutdown/main.py -> /root/dev_ws/install/sig_shutdown/lib/python3.8/site-packages/sig_shutdown
copying /root/dev_ws/build/sig_shutdown/build/lib/sig_shutdown/__init__.py -> /root/dev_ws/install/sig_shutdown/lib/python3.8/site-packages/sig_shutdown
byte-compiling /root/dev_ws/install/sig_shutdown/lib/python3.8/site-packages/sig_shutdown/main.py to main.cpython-38.pyc
byte-compiling /root/dev_ws/install/sig_shutdown/lib/python3.8/site-packages/sig_shutdown/__init__.py to __init__.cpython-38.pyc
running install_data
creating /root/dev_ws/install/sig_shutdown/share/ament_index
creating /root/dev_ws/install/sig_shutdown/share/ament_index/resource_index
creating /root/dev_ws/install/sig_shutdown/share/ament_index/resource_index/packages
copying resource/sig_shutdown -> /root/dev_ws/install/sig_shutdown/share/ament_index/resource_index/packages
copying package.xml -> /root/dev_ws/install/sig_shutdown/share/sig_shutdown
running install_egg_info
Copying ../../build/sig_shutdown/sig_shutdown.egg-info to /root/dev_ws/install/sig_shutdown/lib/python3.8/site-packages/sig_shutdown-0.0.0-py3.8.egg-info
running install_scripts
Installing sig_shutdown script to /root/dev_ws/install/sig_shutdown/lib/sig_shutdown
writing list of installed files to '/root/dev_ws/build/sig_shutdown/install.log'
