[1.324s] Invoking command in '/home/skola/Projects/int32_publisher_custom_transport/components/micro_ros_espidf_component-galactic/micro_ros_src/src/ros2_tracing/tracetools_read': PYTHONPATH=/home/skola/Projects/int32_publisher_custom_transport/components/micro_ros_espidf_component-galactic/micro_ros_src/install/lib/python3.8/site-packages:${PYTHONPATH} /home/skola/.espressif/python_env/idf4.1_py3.8_env/bin/python setup.py egg_info --egg-base ../../../build/tracetools_read build --build-base /home/skola/Projects/int32_publisher_custom_transport/components/micro_ros_espidf_component-galactic/micro_ros_src/build/tracetools_read/build install --prefix /home/skola/Projects/int32_publisher_custom_transport/components/micro_ros_espidf_component-galactic/micro_ros_src/install --record /home/skola/Projects/int32_publisher_custom_transport/components/micro_ros_espidf_component-galactic/micro_ros_src/build/tracetools_read/install.log --single-version-externally-managed
[1.712s] running egg_info
[1.713s] creating ../../../build/tracetools_read/tracetools_read.egg-info
[1.713s] writing ../../../build/tracetools_read/tracetools_read.egg-info/PKG-INFO
[1.714s] writing dependency_links to ../../../build/tracetools_read/tracetools_read.egg-info/dependency_links.txt
[1.714s] writing requirements to ../../../build/tracetools_read/tracetools_read.egg-info/requires.txt
[1.714s] writing top-level names to ../../../build/tracetools_read/tracetools_read.egg-info/top_level.txt
[1.714s] writing manifest file '../../../build/tracetools_read/tracetools_read.egg-info/SOURCES.txt'
[1.719s] reading manifest file '../../../build/tracetools_read/tracetools_read.egg-info/SOURCES.txt'
[1.720s] writing manifest file '../../../build/tracetools_read/tracetools_read.egg-info/SOURCES.txt'
[1.721s] running build
[1.721s] running build_py
[1.721s] creating /home/skola/Projects/int32_publisher_custom_transport/components/micro_ros_espidf_component-galactic/micro_ros_src/build/tracetools_read/build
[1.721s] creating /home/skola/Projects/int32_publisher_custom_transport/components/micro_ros_espidf_component-galactic/micro_ros_src/build/tracetools_read/build/lib
[1.721s] creating /home/skola/Projects/int32_publisher_custom_transport/components/micro_ros_espidf_component-galactic/micro_ros_src/build/tracetools_read/build/lib/tracetools_read
[1.721s] copying tracetools_read/trace.py -> /home/skola/Projects/int32_publisher_custom_transport/components/micro_ros_espidf_component-galactic/micro_ros_src/build/tracetools_read/build/lib/tracetools_read
[1.722s] copying tracetools_read/__init__.py -> /home/skola/Projects/int32_publisher_custom_transport/components/micro_ros_espidf_component-galactic/micro_ros_src/build/tracetools_read/build/lib/tracetools_read
[1.724s] running install
[1.725s] running install_lib
[1.727s] creating /home/skola/Projects/int32_publisher_custom_transport/components/micro_ros_espidf_component-galactic/micro_ros_src/install/lib/python3.8/site-packages/tracetools_read
[1.727s] copying /home/skola/Projects/int32_publisher_custom_transport/components/micro_ros_espidf_component-galactic/micro_ros_src/build/tracetools_read/build/lib/tracetools_read/trace.py -> /home/skola/Projects/int32_publisher_custom_transport/components/micro_ros_espidf_component-galactic/micro_ros_src/install/lib/python3.8/site-packages/tracetools_read
[1.727s] copying /home/skola/Projects/int32_publisher_custom_transport/components/micro_ros_espidf_component-galactic/micro_ros_src/build/tracetools_read/build/lib/tracetools_read/__init__.py -> /home/skola/Projects/int32_publisher_custom_transport/components/micro_ros_espidf_component-galactic/micro_ros_src/install/lib/python3.8/site-packages/tracetools_read
[1.728s] byte-compiling /home/skola/Projects/int32_publisher_custom_transport/components/micro_ros_espidf_component-galactic/micro_ros_src/install/lib/python3.8/site-packages/tracetools_read/trace.py to trace.cpython-38.pyc
[1.729s] byte-compiling /home/skola/Projects/int32_publisher_custom_transport/components/micro_ros_espidf_component-galactic/micro_ros_src/install/lib/python3.8/site-packages/tracetools_read/__init__.py to __init__.cpython-38.pyc
[1.729s] running install_data
[1.730s] copying package.xml -> /home/skola/Projects/int32_publisher_custom_transport/components/micro_ros_espidf_component-galactic/micro_ros_src/install/share/tracetools_read
[1.730s] copying resource/tracetools_read -> /home/skola/Projects/int32_publisher_custom_transport/components/micro_ros_espidf_component-galactic/micro_ros_src/install/share/ament_index/resource_index/packages
[1.730s] running install_egg_info
[1.733s] Copying ../../../build/tracetools_read/tracetools_read.egg-info to /home/skola/Projects/int32_publisher_custom_transport/components/micro_ros_espidf_component-galactic/micro_ros_src/install/lib/python3.8/site-packages/tracetools_read-2.3.0-py3.8.egg-info
[1.735s] running install_scripts
[1.769s] writing list of installed files to '/home/skola/Projects/int32_publisher_custom_transport/components/micro_ros_espidf_component-galactic/micro_ros_src/build/tracetools_read/install.log'
[2.061s] Invoked command in '/home/skola/Projects/int32_publisher_custom_transport/components/micro_ros_espidf_component-galactic/micro_ros_src/src/ros2_tracing/tracetools_read' returned '0': PYTHONPATH=/home/skola/Projects/int32_publisher_custom_transport/components/micro_ros_espidf_component-galactic/micro_ros_src/install/lib/python3.8/site-packages:${PYTHONPATH} /home/skola/.espressif/python_env/idf4.1_py3.8_env/bin/python setup.py egg_info --egg-base ../../../build/tracetools_read build --build-base /home/skola/Projects/int32_publisher_custom_transport/components/micro_ros_espidf_component-galactic/micro_ros_src/build/tracetools_read/build install --prefix /home/skola/Projects/int32_publisher_custom_transport/components/micro_ros_espidf_component-galactic/micro_ros_src/install --record /home/skola/Projects/int32_publisher_custom_transport/components/micro_ros_espidf_component-galactic/micro_ros_src/build/tracetools_read/install.log --single-version-externally-managed
