[0.365s] Invoking command in '/root/dev_ws/src/sig_shutdown': PYTHONPATH=/root/dev_ws/install/sig_shutdown/lib/python3.8/site-packages:${PYTHONPATH} /usr/bin/python3 setup.py egg_info --egg-base ../../build/sig_shutdown build --build-base /root/dev_ws/build/sig_shutdown/build install --prefix /root/dev_ws/install/sig_shutdown --record /root/dev_ws/build/sig_shutdown/install.log --single-version-externally-managed
[0.622s] running egg_info
[0.622s] writing ../../build/sig_shutdown/sig_shutdown.egg-info/PKG-INFO
[0.623s] writing dependency_links to ../../build/sig_shutdown/sig_shutdown.egg-info/dependency_links.txt
[0.623s] writing entry points to ../../build/sig_shutdown/sig_shutdown.egg-info/entry_points.txt
[0.623s] writing requirements to ../../build/sig_shutdown/sig_shutdown.egg-info/requires.txt
[0.623s] writing top-level names to ../../build/sig_shutdown/sig_shutdown.egg-info/top_level.txt
[0.679s] reading manifest file '../../build/sig_shutdown/sig_shutdown.egg-info/SOURCES.txt'
[0.681s] writing manifest file '../../build/sig_shutdown/sig_shutdown.egg-info/SOURCES.txt'
[0.681s] running build
[0.681s] running build_py
[0.681s] copying sig_shutdown/main.py -> /root/dev_ws/build/sig_shutdown/build/lib/sig_shutdown
[0.681s] running install
[0.682s] running install_lib
[0.683s] copying /root/dev_ws/build/sig_shutdown/build/lib/sig_shutdown/main.py -> /root/dev_ws/install/sig_shutdown/lib/python3.8/site-packages/sig_shutdown
[0.684s] byte-compiling /root/dev_ws/install/sig_shutdown/lib/python3.8/site-packages/sig_shutdown/main.py to main.cpython-38.pyc
[0.686s] running install_data
[0.686s] running install_egg_info
[0.688s] removing '/root/dev_ws/install/sig_shutdown/lib/python3.8/site-packages/sig_shutdown-0.0.0-py3.8.egg-info' (and everything under it)
[0.689s] Copying ../../build/sig_shutdown/sig_shutdown.egg-info to /root/dev_ws/install/sig_shutdown/lib/python3.8/site-packages/sig_shutdown-0.0.0-py3.8.egg-info
[0.690s] running install_scripts
[0.713s] Installing sig_shutdown script to /root/dev_ws/install/sig_shutdown/lib/sig_shutdown
[0.714s] writing list of installed files to '/root/dev_ws/build/sig_shutdown/install.log'
[0.740s] Invoked command in '/root/dev_ws/src/sig_shutdown' returned '0': PYTHONPATH=/root/dev_ws/install/sig_shutdown/lib/python3.8/site-packages:${PYTHONPATH} /usr/bin/python3 setup.py egg_info --egg-base ../../build/sig_shutdown build --build-base /root/dev_ws/build/sig_shutdown/build install --prefix /root/dev_ws/install/sig_shutdown --record /root/dev_ws/build/sig_shutdown/install.log --single-version-externally-managed
