[0.369s] Invoking command in '/root/dev_ws/src/sig_shutdown': PYTHONPATH=/root/dev_ws/install/sig_shutdown/lib/python3.8/site-packages:${PYTHONPATH} /usr/bin/python3 setup.py egg_info --egg-base ../../build/sig_shutdown build --build-base /root/dev_ws/build/sig_shutdown/build install --prefix /root/dev_ws/install/sig_shutdown --record /root/dev_ws/build/sig_shutdown/install.log --single-version-externally-managed
[0.630s] running egg_info
[0.630s] writing ../../build/sig_shutdown/sig_shutdown.egg-info/PKG-INFO
[0.631s] writing dependency_links to ../../build/sig_shutdown/sig_shutdown.egg-info/dependency_links.txt
[0.631s] writing entry points to ../../build/sig_shutdown/sig_shutdown.egg-info/entry_points.txt
[0.631s] writing requirements to ../../build/sig_shutdown/sig_shutdown.egg-info/requires.txt
[0.631s] writing top-level names to ../../build/sig_shutdown/sig_shutdown.egg-info/top_level.txt
[0.687s] reading manifest file '../../build/sig_shutdown/sig_shutdown.egg-info/SOURCES.txt'
[0.689s] writing manifest file '../../build/sig_shutdown/sig_shutdown.egg-info/SOURCES.txt'
[0.689s] running build
[0.689s] running build_py
[0.689s] copying sig_shutdown/main.py -> /root/dev_ws/build/sig_shutdown/build/lib/sig_shutdown
[0.689s] running install
[0.691s] running install_lib
[0.692s] copying /root/dev_ws/build/sig_shutdown/build/lib/sig_shutdown/main.py -> /root/dev_ws/install/sig_shutdown/lib/python3.8/site-packages/sig_shutdown
[0.693s] byte-compiling /root/dev_ws/install/sig_shutdown/lib/python3.8/site-packages/sig_shutdown/main.py to main.cpython-38.pyc
[0.695s] running install_data
[0.696s] running install_egg_info
[0.698s] removing '/root/dev_ws/install/sig_shutdown/lib/python3.8/site-packages/sig_shutdown-0.0.0-py3.8.egg-info' (and everything under it)
[0.699s] Copying ../../build/sig_shutdown/sig_shutdown.egg-info to /root/dev_ws/install/sig_shutdown/lib/python3.8/site-packages/sig_shutdown-0.0.0-py3.8.egg-info
[0.700s] running install_scripts
[0.722s] Installing sig_shutdown script to /root/dev_ws/install/sig_shutdown/lib/sig_shutdown
[0.722s] writing list of installed files to '/root/dev_ws/build/sig_shutdown/install.log'
[0.748s] Invoked command in '/root/dev_ws/src/sig_shutdown' returned '0': PYTHONPATH=/root/dev_ws/install/sig_shutdown/lib/python3.8/site-packages:${PYTHONPATH} /usr/bin/python3 setup.py egg_info --egg-base ../../build/sig_shutdown build --build-base /root/dev_ws/build/sig_shutdown/build install --prefix /root/dev_ws/install/sig_shutdown --record /root/dev_ws/build/sig_shutdown/install.log --single-version-externally-managed
