Not searching for unused variables given on the command line.
-- The C compiler identification is GNU 8.2.0
-- The CXX compiler identification is GNU 8.2.0
-- Check for working C compiler: /home/skola/.espressif/tools/xtensa-esp32-elf/esp-2020r2-8.2.0/xtensa-esp32-elf/bin/xtensa-esp32-elf-gcc
-- Check for working C compiler: /home/skola/.espressif/tools/xtensa-esp32-elf/esp-2020r2-8.2.0/xtensa-esp32-elf/bin/xtensa-esp32-elf-gcc -- works
-- Detecting C compiler ABI info
-- Detecting C compiler ABI info - done
-- Detecting C compile features
-- Detecting C compile features - done
-- Check for working CXX compiler: /home/skola/.espressif/tools/xtensa-esp32-elf/esp-2020r2-8.2.0/xtensa-esp32-elf/bin/xtensa-esp32-elf-g++
-- Check for working CXX compiler: /home/skola/.espressif/tools/xtensa-esp32-elf/esp-2020r2-8.2.0/xtensa-esp32-elf/bin/xtensa-esp32-elf-g++ -- works
-- Detecting CXX compiler ABI info
-- Detecting CXX compiler ABI info - done
-- Detecting CXX compile features
-- Detecting CXX compile features - done
-- Found ament_cmake: 1.1.4 (/home/skola/Projects/int32_publisher_custom_transport/components/micro_ros_espidf_component-galactic/micro_ros_dev/install/ament_cmake/share/ament_cmake/cmake)
-- Found PythonInterp: /home/skola/.espressif/python_env/idf4.1_py3.8_env/bin/python3 (found suitable version "3.8.10", minimum required is "3") 
-- Using PYTHON_EXECUTABLE: /home/skola/.espressif/python_env/idf4.1_py3.8_env/bin/python3
-- Found builtin_interfaces: 1.0.3 (/home/skola/Projects/int32_publisher_custom_transport/components/micro_ros_espidf_component-galactic/micro_ros_src/install/share/builtin_interfaces/cmake)
CMake Warning at /home/skola/Projects/int32_publisher_custom_transport/components/micro_ros_espidf_component-galactic/micro_ros_src/install/share/rcutils/cmake/ament_cmake_export_libraries-extras.cmake:116 (message):
  Package 'rcutils' exports library 'dl' which couldn't be found
Call Stack (most recent call first):
  /home/skola/Projects/int32_publisher_custom_transport/components/micro_ros_espidf_component-galactic/micro_ros_src/install/share/rcutils/cmake/rcutilsConfig.cmake:41 (include)
  /home/skola/Projects/int32_publisher_custom_transport/components/micro_ros_espidf_component-galactic/micro_ros_src/install/share/rosidl_runtime_c/cmake/ament_cmake_export_dependencies-extras.cmake:21 (find_package)
  /home/skola/Projects/int32_publisher_custom_transport/components/micro_ros_espidf_component-galactic/micro_ros_src/install/share/rosidl_runtime_c/cmake/rosidl_runtime_cConfig.cmake:41 (include)
  /home/skola/Projects/int32_publisher_custom_transport/components/micro_ros_espidf_component-galactic/micro_ros_src/install/share/builtin_interfaces/cmake/ament_cmake_export_dependencies-extras.cmake:21 (find_package)
  /home/skola/Projects/int32_publisher_custom_transport/components/micro_ros_espidf_component-galactic/micro_ros_src/install/share/builtin_interfaces/cmake/builtin_interfacesConfig.cmake:41 (include)
  CMakeLists.txt:14 (find_package)


-- Using all available rosidl_typesupport_c: rosidl_typesupport_introspection_c;rosidl_typesupport_microxrcedds_c
-- Found rosidl_adapter: 2.2.1 (/home/skola/Projects/int32_publisher_custom_transport/components/micro_ros_espidf_component-galactic/micro_ros_src/install/share/rosidl_adapter/cmake)
-- Found geometry_msgs: 2.2.3 (/home/skola/Projects/int32_publisher_custom_transport/components/micro_ros_espidf_component-galactic/micro_ros_src/install/share/geometry_msgs/cmake)
-- Found rosidl_default_generators: 1.1.1 (/home/skola/Projects/int32_publisher_custom_transport/components/micro_ros_espidf_component-galactic/micro_ros_src/install/share/rosidl_default_generators/cmake)
-- Found PythonInterp: /home/skola/.espressif/python_env/idf4.1_py3.8_env/bin/python3 (found version "3.8.10") 
-- Found ament_cmake_ros: 0.9.2 (/home/skola/Projects/int32_publisher_custom_transport/components/micro_ros_espidf_component-galactic/micro_ros_dev/install/ament_cmake_ros/share/ament_cmake_ros/cmake)
-- Using all available rosidl_typesupport_c: rosidl_typesupport_introspection_c;rosidl_typesupport_microxrcedds_c
-- Configuring done
-- Generating done
-- Build files have been written to: /home/skola/Projects/int32_publisher_custom_transport/components/micro_ros_espidf_component-galactic/micro_ros_src/build/visualization_msgs
[  1%] [34m[1mGenerating C code for ROS interfaces[0m
[35m[1mScanning dependencies of target visualization_msgs__rosidl_generator_c[0m
[  3%] [32mBuilding C object CMakeFiles/visualization_msgs__rosidl_generator_c.dir/rosidl_generator_c/visualization_msgs/msg/detail/image_marker__functions.c.obj[0m
[  5%] [32mBuilding C object CMakeFiles/visualization_msgs__rosidl_generator_c.dir/rosidl_generator_c/visualization_msgs/msg/detail/interactive_marker_feedback__functions.c.obj[0m
[  7%] [32mBuilding C object CMakeFiles/visualization_msgs__rosidl_generator_c.dir/rosidl_generator_c/visualization_msgs/msg/detail/interactive_marker__functions.c.obj[0m
[  9%] [32mBuilding C object CMakeFiles/visualization_msgs__rosidl_generator_c.dir/rosidl_generator_c/visualization_msgs/msg/detail/interactive_marker_control__functions.c.obj[0m
[ 11%] [32mBuilding C object CMakeFiles/visualization_msgs__rosidl_generator_c.dir/rosidl_generator_c/visualization_msgs/msg/detail/interactive_marker_init__functions.c.obj[0m
[ 13%] [32mBuilding C object CMakeFiles/visualization_msgs__rosidl_generator_c.dir/rosidl_generator_c/visualization_msgs/msg/detail/interactive_marker_pose__functions.c.obj[0m
[ 15%] [32mBuilding C object CMakeFiles/visualization_msgs__rosidl_generator_c.dir/rosidl_generator_c/visualization_msgs/msg/detail/interactive_marker_update__functions.c.obj[0m
[ 17%] [32mBuilding C object CMakeFiles/visualization_msgs__rosidl_generator_c.dir/rosidl_generator_c/visualization_msgs/msg/detail/marker__functions.c.obj[0m
[ 19%] [32mBuilding C object CMakeFiles/visualization_msgs__rosidl_generator_c.dir/rosidl_generator_c/visualization_msgs/msg/detail/marker_array__functions.c.obj[0m
[ 21%] [32mBuilding C object CMakeFiles/visualization_msgs__rosidl_generator_c.dir/rosidl_generator_c/visualization_msgs/msg/detail/menu_entry__functions.c.obj[0m
[ 23%] [32mBuilding C object CMakeFiles/visualization_msgs__rosidl_generator_c.dir/rosidl_generator_c/visualization_msgs/srv/detail/get_interactive_markers__functions.c.obj[0m
[ 25%] [32m[1mLinking CXX static library libvisualization_msgs__rosidl_generator_c.a[0m
[ 25%] Built target visualization_msgs__rosidl_generator_c
[ 26%] [34m[1mGenerating C introspection for ROS interfaces[0m
[ 28%] [34m[1mGenerating C type support for eProsima Micro XRCE-DDS[0m
[ 30%] [34m[1mGenerating C type support dispatch for ROS interfaces[0m
[35m[1mScanning dependencies of target visualization_msgs__rosidl_typesupport_c[0m
[ 32%] [32mBuilding CXX object CMakeFiles/visualization_msgs__rosidl_typesupport_c.dir/rosidl_typesupport_c/visualization_msgs/msg/interactive_marker__type_support.cpp.obj[0m
[ 34%] [32mBuilding CXX object CMakeFiles/visualization_msgs__rosidl_typesupport_c.dir/rosidl_typesupport_c/visualization_msgs/msg/image_marker__type_support.cpp.obj[0m
[ 36%] [32mBuilding CXX object CMakeFiles/visualization_msgs__rosidl_typesupport_c.dir/rosidl_typesupport_c/visualization_msgs/msg/interactive_marker_control__type_support.cpp.obj[0m
[ 38%] [32mBuilding CXX object CMakeFiles/visualization_msgs__rosidl_typesupport_c.dir/rosidl_typesupport_c/visualization_msgs/msg/interactive_marker_feedback__type_support.cpp.obj[0m
[ 40%] [32mBuilding CXX object CMakeFiles/visualization_msgs__rosidl_typesupport_c.dir/rosidl_typesupport_c/visualization_msgs/msg/interactive_marker_init__type_support.cpp.obj[0m
[ 42%] [32mBuilding CXX object CMakeFiles/visualization_msgs__rosidl_typesupport_c.dir/rosidl_typesupport_c/visualization_msgs/msg/interactive_marker_pose__type_support.cpp.obj[0m
[ 44%] [32mBuilding CXX object CMakeFiles/visualization_msgs__rosidl_typesupport_c.dir/rosidl_typesupport_c/visualization_msgs/msg/interactive_marker_update__type_support.cpp.obj[0m
[ 46%] [32mBuilding CXX object CMakeFiles/visualization_msgs__rosidl_typesupport_c.dir/rosidl_typesupport_c/visualization_msgs/msg/marker_array__type_support.cpp.obj[0m
[ 48%] [32mBuilding CXX object CMakeFiles/visualization_msgs__rosidl_typesupport_c.dir/rosidl_typesupport_c/visualization_msgs/msg/menu_entry__type_support.cpp.obj[0m
[ 50%] [32mBuilding CXX object CMakeFiles/visualization_msgs__rosidl_typesupport_c.dir/rosidl_typesupport_c/visualization_msgs/msg/marker__type_support.cpp.obj[0m
[ 51%] [32mBuilding CXX object CMakeFiles/visualization_msgs__rosidl_typesupport_c.dir/rosidl_typesupport_c/visualization_msgs/srv/get_interactive_markers__type_support.cpp.obj[0m
[ 53%] [32m[1mLinking CXX static library libvisualization_msgs__rosidl_typesupport_c.a[0m
[ 53%] Built target visualization_msgs__rosidl_typesupport_c
[35m[1mScanning dependencies of target visualization_msgs__rosidl_typesupport_introspection_c[0m
[35m[1mScanning dependencies of target visualization_msgs__rosidl_typesupport_microxrcedds_c[0m
[ 55%] [32mBuilding C object CMakeFiles/visualization_msgs__rosidl_typesupport_introspection_c.dir/rosidl_typesupport_introspection_c/visualization_msgs/msg/detail/interactive_marker_control__type_support.c.obj[0m
[ 57%] [32mBuilding C object CMakeFiles/visualization_msgs__rosidl_typesupport_introspection_c.dir/rosidl_typesupport_introspection_c/visualization_msgs/msg/detail/interactive_marker__type_support.c.obj[0m
[ 59%] [32mBuilding C object CMakeFiles/visualization_msgs__rosidl_typesupport_introspection_c.dir/rosidl_typesupport_introspection_c/visualization_msgs/msg/detail/image_marker__type_support.c.obj[0m
[ 61%] [32mBuilding C object CMakeFiles/visualization_msgs__rosidl_typesupport_introspection_c.dir/rosidl_typesupport_introspection_c/visualization_msgs/msg/detail/interactive_marker_feedback__type_support.c.obj[0m
[ 63%] [32mBuilding C object CMakeFiles/visualization_msgs__rosidl_typesupport_introspection_c.dir/rosidl_typesupport_introspection_c/visualization_msgs/msg/detail/interactive_marker_init__type_support.c.obj[0m
[ 65%] [32mBuilding C object CMakeFiles/visualization_msgs__rosidl_typesupport_introspection_c.dir/rosidl_typesupport_introspection_c/visualization_msgs/msg/detail/interactive_marker_pose__type_support.c.obj[0m
[ 67%] [32mBuilding C object CMakeFiles/visualization_msgs__rosidl_typesupport_microxrcedds_c.dir/rosidl_typesupport_microxrcedds_c/visualization_msgs/msg/detail/microxrcedds/image_marker__type_support_c.c.obj[0m
[ 69%] [32mBuilding C object CMakeFiles/visualization_msgs__rosidl_typesupport_introspection_c.dir/rosidl_typesupport_introspection_c/visualization_msgs/msg/detail/marker_array__type_support.c.obj[0m
[ 71%] [32mBuilding C object CMakeFiles/visualization_msgs__rosidl_typesupport_introspection_c.dir/rosidl_typesupport_introspection_c/visualization_msgs/msg/detail/interactive_marker_update__type_support.c.obj[0m
[ 73%] [32mBuilding C object CMakeFiles/visualization_msgs__rosidl_typesupport_introspection_c.dir/rosidl_typesupport_introspection_c/visualization_msgs/msg/detail/marker__type_support.c.obj[0m
[ 75%] [32mBuilding C object CMakeFiles/visualization_msgs__rosidl_typesupport_microxrcedds_c.dir/rosidl_typesupport_microxrcedds_c/visualization_msgs/msg/detail/microxrcedds/interactive_marker__type_support_c.c.obj[0m
[ 76%] [32mBuilding C object CMakeFiles/visualization_msgs__rosidl_typesupport_introspection_c.dir/rosidl_typesupport_introspection_c/visualization_msgs/msg/detail/menu_entry__type_support.c.obj[0m
[ 78%] [32mBuilding C object CMakeFiles/visualization_msgs__rosidl_typesupport_introspection_c.dir/rosidl_typesupport_introspection_c/visualization_msgs/srv/detail/get_interactive_markers__type_support.c.obj[0m
[ 80%] [32mBuilding C object CMakeFiles/visualization_msgs__rosidl_typesupport_microxrcedds_c.dir/rosidl_typesupport_microxrcedds_c/visualization_msgs/msg/detail/microxrcedds/interactive_marker_control__type_support_c.c.obj[0m
[ 82%] [32mBuilding C object CMakeFiles/visualization_msgs__rosidl_typesupport_microxrcedds_c.dir/rosidl_typesupport_microxrcedds_c/visualization_msgs/msg/detail/microxrcedds/interactive_marker_feedback__type_support_c.c.obj[0m
[ 84%] [32mBuilding C object CMakeFiles/visualization_msgs__rosidl_typesupport_microxrcedds_c.dir/rosidl_typesupport_microxrcedds_c/visualization_msgs/msg/detail/microxrcedds/interactive_marker_init__type_support_c.c.obj[0m
[ 86%] [32mBuilding C object CMakeFiles/visualization_msgs__rosidl_typesupport_microxrcedds_c.dir/rosidl_typesupport_microxrcedds_c/visualization_msgs/msg/detail/microxrcedds/interactive_marker_pose__type_support_c.c.obj[0m
[ 88%] [32mBuilding C object CMakeFiles/visualization_msgs__rosidl_typesupport_microxrcedds_c.dir/rosidl_typesupport_microxrcedds_c/visualization_msgs/msg/detail/microxrcedds/interactive_marker_update__type_support_c.c.obj[0m
[ 90%] [32mBuilding C object CMakeFiles/visualization_msgs__rosidl_typesupport_microxrcedds_c.dir/rosidl_typesupport_microxrcedds_c/visualization_msgs/msg/detail/microxrcedds/marker__type_support_c.c.obj[0m
[ 92%] [32mBuilding C object CMakeFiles/visualization_msgs__rosidl_typesupport_microxrcedds_c.dir/rosidl_typesupport_microxrcedds_c/visualization_msgs/msg/detail/microxrcedds/marker_array__type_support_c.c.obj[0m
[ 94%] [32mBuilding C object CMakeFiles/visualization_msgs__rosidl_typesupport_microxrcedds_c.dir/rosidl_typesupport_microxrcedds_c/visualization_msgs/msg/detail/microxrcedds/menu_entry__type_support_c.c.obj[0m
[ 96%] [32mBuilding C object CMakeFiles/visualization_msgs__rosidl_typesupport_microxrcedds_c.dir/rosidl_typesupport_microxrcedds_c/visualization_msgs/srv/detail/microxrcedds/get_interactive_markers__type_support_c.c.obj[0m
[ 98%] [32m[1mLinking CXX static library libvisualization_msgs__rosidl_typesupport_introspection_c.a[0m
[ 98%] Built target visualization_msgs__rosidl_typesupport_introspection_c
[100%] [32m[1mLinking CXX static library libvisualization_msgs__rosidl_typesupport_microxrcedds_c.a[0m
[100%] Built target visualization_msgs__rosidl_typesupport_microxrcedds_c
[35m[1mScanning dependencies of target visualization_msgs[0m
[100%] Built target visualization_msgs
-- Install configuration: "Release"
-- Installing: /home/skola/Projects/int32_publisher_custom_transport/components/micro_ros_espidf_component-galactic/micro_ros_src/install/share/ament_index/resource_index/rosidl_interfaces/visualization_msgs
-- Installing: /home/skola/Projects/int32_publisher_custom_transport/components/micro_ros_espidf_component-galactic/micro_ros_src/install/include/visualization_msgs
-- Installing: /home/skola/Projects/int32_publisher_custom_transport/components/micro_ros_espidf_component-galactic/micro_ros_src/install/include/visualization_msgs/srv
-- Installing: /home/skola/Projects/int32_publisher_custom_transport/components/micro_ros_espidf_component-galactic/micro_ros_src/install/include/visualization_msgs/srv/detail
-- Installing: /home/skola/Projects/int32_publisher_custom_transport/components/micro_ros_espidf_component-galactic/micro_ros_src/install/include/visualization_msgs/srv/detail/get_interactive_markers__struct.h
-- Installing: /home/skola/Projects/int32_publisher_custom_transport/components/micro_ros_espidf_component-galactic/micro_ros_src/install/include/visualization_msgs/srv/detail/get_interactive_markers__functions.h
-- Installing: /home/skola/Projects/int32_publisher_custom_transport/components/micro_ros_espidf_component-galactic/micro_ros_src/install/include/visualization_msgs/srv/detail/get_interactive_markers__functions.c
-- Installing: /home/skola/Projects/int32_publisher_custom_transport/components/micro_ros_espidf_component-galactic/micro_ros_src/install/include/visualization_msgs/srv/detail/get_interactive_markers__type_support.h
-- Installing: /home/skola/Projects/int32_publisher_custom_transport/components/micro_ros_espidf_component-galactic/micro_ros_src/install/include/visualization_msgs/srv/get_interactive_markers.h
-- Installing: /home/skola/Projects/int32_publisher_custom_transport/components/micro_ros_espidf_component-galactic/micro_ros_src/install/include/visualization_msgs/msg
-- Installing: /home/skola/Projects/int32_publisher_custom_transport/components/micro_ros_espidf_component-galactic/micro_ros_src/install/include/visualization_msgs/msg/interactive_marker_update.h
-- Installing: /home/skola/Projects/int32_publisher_custom_transport/components/micro_ros_espidf_component-galactic/micro_ros_src/install/include/visualization_msgs/msg/rosidl_generator_c__visibility_control.h
-- Installing: /home/skola/Projects/int32_publisher_custom_transport/components/micro_ros_espidf_component-galactic/micro_ros_src/install/include/visualization_msgs/msg/interactive_marker.h
-- Installing: /home/skola/Projects/int32_publisher_custom_transport/components/micro_ros_espidf_component-galactic/micro_ros_src/install/include/visualization_msgs/msg/interactive_marker_control.h
-- Installing: /home/skola/Projects/int32_publisher_custom_transport/components/micro_ros_espidf_component-galactic/micro_ros_src/install/include/visualization_msgs/msg/image_marker.h
-- Installing: /home/skola/Projects/int32_publisher_custom_transport/components/micro_ros_espidf_component-galactic/micro_ros_src/install/include/visualization_msgs/msg/marker_array.h
-- Installing: /home/skola/Projects/int32_publisher_custom_transport/components/micro_ros_espidf_component-galactic/micro_ros_src/install/include/visualization_msgs/msg/marker.h
-- Installing: /home/skola/Projects/int32_publisher_custom_transport/components/micro_ros_espidf_component-galactic/micro_ros_src/install/include/visualization_msgs/msg/detail
-- Installing: /home/skola/Projects/int32_publisher_custom_transport/components/micro_ros_espidf_component-galactic/micro_ros_src/install/include/visualization_msgs/msg/detail/interactive_marker__type_support.h
-- Installing: /home/skola/Projects/int32_publisher_custom_transport/components/micro_ros_espidf_component-galactic/micro_ros_src/install/include/visualization_msgs/msg/detail/marker_array__functions.h
-- Installing: /home/skola/Projects/int32_publisher_custom_transport/components/micro_ros_espidf_component-galactic/micro_ros_src/install/include/visualization_msgs/msg/detail/interactive_marker_update__struct.h
-- Installing: /home/skola/Projects/int32_publisher_custom_transport/components/micro_ros_espidf_component-galactic/micro_ros_src/install/include/visualization_msgs/msg/detail/image_marker__functions.c
-- Installing: /home/skola/Projects/int32_publisher_custom_transport/components/micro_ros_espidf_component-galactic/micro_ros_src/install/include/visualization_msgs/msg/detail/interactive_marker_pose__functions.c
-- Installing: /home/skola/Projects/int32_publisher_custom_transport/components/micro_ros_espidf_component-galactic/micro_ros_src/install/include/visualization_msgs/msg/detail/marker__type_support.h
-- Installing: /home/skola/Projects/int32_publisher_custom_transport/components/micro_ros_espidf_component-galactic/micro_ros_src/install/include/visualization_msgs/msg/detail/interactive_marker_init__functions.h
-- Installing: /home/skola/Projects/int32_publisher_custom_transport/components/micro_ros_espidf_component-galactic/micro_ros_src/install/include/visualization_msgs/msg/detail/menu_entry__struct.h
-- Installing: /home/skola/Projects/int32_publisher_custom_transport/components/micro_ros_espidf_component-galactic/micro_ros_src/install/include/visualization_msgs/msg/detail/interactive_marker_update__functions.h
-- Installing: /home/skola/Projects/int32_publisher_custom_transport/components/micro_ros_espidf_component-galactic/micro_ros_src/install/include/visualization_msgs/msg/detail/interactive_marker_init__type_support.h
-- Installing: /home/skola/Projects/int32_publisher_custom_transport/components/micro_ros_espidf_component-galactic/micro_ros_src/install/include/visualization_msgs/msg/detail/marker_array__functions.c
-- Installing: /home/skola/Projects/int32_publisher_custom_transport/components/micro_ros_espidf_component-galactic/micro_ros_src/install/include/visualization_msgs/msg/detail/marker__functions.c
-- Installing: /home/skola/Projects/int32_publisher_custom_transport/components/micro_ros_espidf_component-galactic/micro_ros_src/install/include/visualization_msgs/msg/detail/image_marker__functions.h
-- Installing: /home/skola/Projects/int32_publisher_custom_transport/components/micro_ros_espidf_component-galactic/micro_ros_src/install/include/visualization_msgs/msg/detail/menu_entry__functions.c
-- Installing: /home/skola/Projects/int32_publisher_custom_transport/components/micro_ros_espidf_component-galactic/micro_ros_src/install/include/visualization_msgs/msg/detail/interactive_marker_update__functions.c
-- Installing: /home/skola/Projects/int32_publisher_custom_transport/components/micro_ros_espidf_component-galactic/micro_ros_src/install/include/visualization_msgs/msg/detail/interactive_marker__functions.h
-- Installing: /home/skola/Projects/int32_publisher_custom_transport/components/micro_ros_espidf_component-galactic/micro_ros_src/install/include/visualization_msgs/msg/detail/interactive_marker_control__type_support.h
-- Installing: /home/skola/Projects/int32_publisher_custom_transport/components/micro_ros_espidf_component-galactic/micro_ros_src/install/include/visualization_msgs/msg/detail/interactive_marker_pose__functions.h
-- Installing: /home/skola/Projects/int32_publisher_custom_transport/components/micro_ros_espidf_component-galactic/micro_ros_src/install/include/visualization_msgs/msg/detail/interactive_marker_pose__type_support.h
-- Installing: /home/skola/Projects/int32_publisher_custom_transport/components/micro_ros_espidf_component-galactic/micro_ros_src/install/include/visualization_msgs/msg/detail/interactive_marker__functions.c
-- Installing: /home/skola/Projects/int32_publisher_custom_transport/components/micro_ros_espidf_component-galactic/micro_ros_src/install/include/visualization_msgs/msg/detail/marker__struct.h
-- Installing: /home/skola/Projects/int32_publisher_custom_transport/components/micro_ros_espidf_component-galactic/micro_ros_src/install/include/visualization_msgs/msg/detail/menu_entry__functions.h
-- Installing: /home/skola/Projects/int32_publisher_custom_transport/components/micro_ros_espidf_component-galactic/micro_ros_src/install/include/visualization_msgs/msg/detail/interactive_marker_feedback__functions.h
-- Installing: /home/skola/Projects/int32_publisher_custom_transport/components/micro_ros_espidf_component-galactic/micro_ros_src/install/include/visualization_msgs/msg/detail/marker__functions.h
-- Installing: /home/skola/Projects/int32_publisher_custom_transport/components/micro_ros_espidf_component-galactic/micro_ros_src/install/include/visualization_msgs/msg/detail/interactive_marker_feedback__type_support.h
-- Installing: /home/skola/Projects/int32_publisher_custom_transport/components/micro_ros_espidf_component-galactic/micro_ros_src/install/include/visualization_msgs/msg/detail/menu_entry__type_support.h
-- Installing: /home/skola/Projects/int32_publisher_custom_transport/components/micro_ros_espidf_component-galactic/micro_ros_src/install/include/visualization_msgs/msg/detail/image_marker__type_support.h
-- Installing: /home/skola/Projects/int32_publisher_custom_transport/components/micro_ros_espidf_component-galactic/micro_ros_src/install/include/visualization_msgs/msg/detail/interactive_marker_feedback__functions.c
-- Installing: /home/skola/Projects/int32_publisher_custom_transport/components/micro_ros_espidf_component-galactic/micro_ros_src/install/include/visualization_msgs/msg/detail/interactive_marker_feedback__struct.h
-- Installing: /home/skola/Projects/int32_publisher_custom_transport/components/micro_ros_espidf_component-galactic/micro_ros_src/install/include/visualization_msgs/msg/detail/interactive_marker_init__functions.c
-- Installing: /home/skola/Projects/int32_publisher_custom_transport/components/micro_ros_espidf_component-galactic/micro_ros_src/install/include/visualization_msgs/msg/detail/interactive_marker_control__functions.h
-- Installing: /home/skola/Projects/int32_publisher_custom_transport/components/micro_ros_espidf_component-galactic/micro_ros_src/install/include/visualization_msgs/msg/detail/interactive_marker__struct.h
-- Installing: /home/skola/Projects/int32_publisher_custom_transport/components/micro_ros_espidf_component-galactic/micro_ros_src/install/include/visualization_msgs/msg/detail/interactive_marker_pose__struct.h
-- Installing: /home/skola/Projects/int32_publisher_custom_transport/components/micro_ros_espidf_component-galactic/micro_ros_src/install/include/visualization_msgs/msg/detail/marker_array__type_support.h
-- Installing: /home/skola/Projects/int32_publisher_custom_transport/components/micro_ros_espidf_component-galactic/micro_ros_src/install/include/visualization_msgs/msg/detail/image_marker__struct.h
-- Installing: /home/skola/Projects/int32_publisher_custom_transport/components/micro_ros_espidf_component-galactic/micro_ros_src/install/include/visualization_msgs/msg/detail/interactive_marker_update__type_support.h
-- Installing: /home/skola/Projects/int32_publisher_custom_transport/components/micro_ros_espidf_component-galactic/micro_ros_src/install/include/visualization_msgs/msg/detail/interactive_marker_control__struct.h
-- Installing: /home/skola/Projects/int32_publisher_custom_transport/components/micro_ros_espidf_component-galactic/micro_ros_src/install/include/visualization_msgs/msg/detail/interactive_marker_init__struct.h
-- Installing: /home/skola/Projects/int32_publisher_custom_transport/components/micro_ros_espidf_component-galactic/micro_ros_src/install/include/visualization_msgs/msg/detail/interactive_marker_control__functions.c
-- Installing: /home/skola/Projects/int32_publisher_custom_transport/components/micro_ros_espidf_component-galactic/micro_ros_src/install/include/visualization_msgs/msg/detail/marker_array__struct.h
-- Installing: /home/skola/Projects/int32_publisher_custom_transport/components/micro_ros_espidf_component-galactic/micro_ros_src/install/include/visualization_msgs/msg/interactive_marker_feedback.h
-- Installing: /home/skola/Projects/int32_publisher_custom_transport/components/micro_ros_espidf_component-galactic/micro_ros_src/install/include/visualization_msgs/msg/interactive_marker_init.h
-- Installing: /home/skola/Projects/int32_publisher_custom_transport/components/micro_ros_espidf_component-galactic/micro_ros_src/install/include/visualization_msgs/msg/menu_entry.h
-- Installing: /home/skola/Projects/int32_publisher_custom_transport/components/micro_ros_espidf_component-galactic/micro_ros_src/install/include/visualization_msgs/msg/interactive_marker_pose.h
-- Installing: /home/skola/Projects/int32_publisher_custom_transport/components/micro_ros_espidf_component-galactic/micro_ros_src/install/share/visualization_msgs/environment/library_path.sh
-- Installing: /home/skola/Projects/int32_publisher_custom_transport/components/micro_ros_espidf_component-galactic/micro_ros_src/install/share/visualization_msgs/environment/library_path.dsv
-- Installing: /home/skola/Projects/int32_publisher_custom_transport/components/micro_ros_espidf_component-galactic/micro_ros_src/install/lib/libvisualization_msgs__rosidl_generator_c.a
-- Up-to-date: /home/skola/Projects/int32_publisher_custom_transport/components/micro_ros_espidf_component-galactic/micro_ros_src/install/include/visualization_msgs
-- Up-to-date: /home/skola/Projects/int32_publisher_custom_transport/components/micro_ros_espidf_component-galactic/micro_ros_src/install/include/visualization_msgs/srv
-- Up-to-date: /home/skola/Projects/int32_publisher_custom_transport/components/micro_ros_espidf_component-galactic/micro_ros_src/install/include/visualization_msgs/srv/detail
-- Installing: /home/skola/Projects/int32_publisher_custom_transport/components/micro_ros_espidf_component-galactic/micro_ros_src/install/include/visualization_msgs/srv/detail/get_interactive_markers__rosidl_typesupport_introspection_c.h
-- Installing: /home/skola/Projects/int32_publisher_custom_transport/components/micro_ros_espidf_component-galactic/micro_ros_src/install/include/visualization_msgs/srv/detail/get_interactive_markers__type_support.c
-- Up-to-date: /home/skola/Projects/int32_publisher_custom_transport/components/micro_ros_espidf_component-galactic/micro_ros_src/install/include/visualization_msgs/msg
-- Installing: /home/skola/Projects/int32_publisher_custom_transport/components/micro_ros_espidf_component-galactic/micro_ros_src/install/include/visualization_msgs/msg/rosidl_typesupport_introspection_c__visibility_control.h
-- Up-to-date: /home/skola/Projects/int32_publisher_custom_transport/components/micro_ros_espidf_component-galactic/micro_ros_src/install/include/visualization_msgs/msg/detail
-- Installing: /home/skola/Projects/int32_publisher_custom_transport/components/micro_ros_espidf_component-galactic/micro_ros_src/install/include/visualization_msgs/msg/detail/interactive_marker_update__rosidl_typesupport_introspection_c.h
-- Installing: /home/skola/Projects/int32_publisher_custom_transport/components/micro_ros_espidf_component-galactic/micro_ros_src/install/include/visualization_msgs/msg/detail/menu_entry__type_support.c
-- Installing: /home/skola/Projects/int32_publisher_custom_transport/components/micro_ros_espidf_component-galactic/micro_ros_src/install/include/visualization_msgs/msg/detail/menu_entry__rosidl_typesupport_introspection_c.h
-- Installing: /home/skola/Projects/int32_publisher_custom_transport/components/micro_ros_espidf_component-galactic/micro_ros_src/install/include/visualization_msgs/msg/detail/marker__rosidl_typesupport_introspection_c.h
-- Installing: /home/skola/Projects/int32_publisher_custom_transport/components/micro_ros_espidf_component-galactic/micro_ros_src/install/include/visualization_msgs/msg/detail/interactive_marker__rosidl_typesupport_introspection_c.h
-- Installing: /home/skola/Projects/int32_publisher_custom_transport/components/micro_ros_espidf_component-galactic/micro_ros_src/install/include/visualization_msgs/msg/detail/interactive_marker_pose__rosidl_typesupport_introspection_c.h
-- Installing: /home/skola/Projects/int32_publisher_custom_transport/components/micro_ros_espidf_component-galactic/micro_ros_src/install/include/visualization_msgs/msg/detail/interactive_marker_init__type_support.c
-- Installing: /home/skola/Projects/int32_publisher_custom_transport/components/micro_ros_espidf_component-galactic/micro_ros_src/install/include/visualization_msgs/msg/detail/interactive_marker_control__type_support.c
-- Installing: /home/skola/Projects/int32_publisher_custom_transport/components/micro_ros_espidf_component-galactic/micro_ros_src/install/include/visualization_msgs/msg/detail/interactive_marker_feedback__type_support.c
-- Installing: /home/skola/Projects/int32_publisher_custom_transport/components/micro_ros_espidf_component-galactic/micro_ros_src/install/include/visualization_msgs/msg/detail/interactive_marker_update__type_support.c
-- Installing: /home/skola/Projects/int32_publisher_custom_transport/components/micro_ros_espidf_component-galactic/micro_ros_src/install/include/visualization_msgs/msg/detail/image_marker__rosidl_typesupport_introspection_c.h
-- Installing: /home/skola/Projects/int32_publisher_custom_transport/components/micro_ros_espidf_component-galactic/micro_ros_src/install/include/visualization_msgs/msg/detail/interactive_marker__type_support.c
-- Installing: /home/skola/Projects/int32_publisher_custom_transport/components/micro_ros_espidf_component-galactic/micro_ros_src/install/include/visualization_msgs/msg/detail/marker_array__rosidl_typesupport_introspection_c.h
-- Installing: /home/skola/Projects/int32_publisher_custom_transport/components/micro_ros_espidf_component-galactic/micro_ros_src/install/include/visualization_msgs/msg/detail/interactive_marker_feedback__rosidl_typesupport_introspection_c.h
-- Installing: /home/skola/Projects/int32_publisher_custom_transport/components/micro_ros_espidf_component-galactic/micro_ros_src/install/include/visualization_msgs/msg/detail/interactive_marker_control__rosidl_typesupport_introspection_c.h
-- Installing: /home/skola/Projects/int32_publisher_custom_transport/components/micro_ros_espidf_component-galactic/micro_ros_src/install/include/visualization_msgs/msg/detail/marker__type_support.c
-- Installing: /home/skola/Projects/int32_publisher_custom_transport/components/micro_ros_espidf_component-galactic/micro_ros_src/install/include/visualization_msgs/msg/detail/marker_array__type_support.c
-- Installing: /home/skola/Projects/int32_publisher_custom_transport/components/micro_ros_espidf_component-galactic/micro_ros_src/install/include/visualization_msgs/msg/detail/interactive_marker_init__rosidl_typesupport_introspection_c.h
-- Installing: /home/skola/Projects/int32_publisher_custom_transport/components/micro_ros_espidf_component-galactic/micro_ros_src/install/include/visualization_msgs/msg/detail/image_marker__type_support.c
-- Installing: /home/skola/Projects/int32_publisher_custom_transport/components/micro_ros_espidf_component-galactic/micro_ros_src/install/include/visualization_msgs/msg/detail/interactive_marker_pose__type_support.c
-- Installing: /home/skola/Projects/int32_publisher_custom_transport/components/micro_ros_espidf_component-galactic/micro_ros_src/install/lib/libvisualization_msgs__rosidl_typesupport_introspection_c.a
-- Up-to-date: /home/skola/Projects/int32_publisher_custom_transport/components/micro_ros_espidf_component-galactic/micro_ros_src/install/include/visualization_msgs
-- Up-to-date: /home/skola/Projects/int32_publisher_custom_transport/components/micro_ros_espidf_component-galactic/micro_ros_src/install/include/visualization_msgs/srv
-- Up-to-date: /home/skola/Projects/int32_publisher_custom_transport/components/micro_ros_espidf_component-galactic/micro_ros_src/install/include/visualization_msgs/srv/detail
-- Installing: /home/skola/Projects/int32_publisher_custom_transport/components/micro_ros_espidf_component-galactic/micro_ros_src/install/include/visualization_msgs/srv/detail/microxrcedds
-- Installing: /home/skola/Projects/int32_publisher_custom_transport/components/micro_ros_espidf_component-galactic/micro_ros_src/install/include/visualization_msgs/srv/detail/get_interactive_markers__rosidl_typesupport_microxrcedds_c.h
-- Up-to-date: /home/skola/Projects/int32_publisher_custom_transport/components/micro_ros_espidf_component-galactic/micro_ros_src/install/include/visualization_msgs/msg
-- Up-to-date: /home/skola/Projects/int32_publisher_custom_transport/components/micro_ros_espidf_component-galactic/micro_ros_src/install/include/visualization_msgs/msg/detail
-- Installing: /home/skola/Projects/int32_publisher_custom_transport/components/micro_ros_espidf_component-galactic/micro_ros_src/install/include/visualization_msgs/msg/detail/marker__rosidl_typesupport_microxrcedds_c.h
-- Installing: /home/skola/Projects/int32_publisher_custom_transport/components/micro_ros_espidf_component-galactic/micro_ros_src/install/include/visualization_msgs/msg/detail/interactive_marker__rosidl_typesupport_microxrcedds_c.h
-- Installing: /home/skola/Projects/int32_publisher_custom_transport/components/micro_ros_espidf_component-galactic/micro_ros_src/install/include/visualization_msgs/msg/detail/interactive_marker_feedback__rosidl_typesupport_microxrcedds_c.h
-- Installing: /home/skola/Projects/int32_publisher_custom_transport/components/micro_ros_espidf_component-galactic/micro_ros_src/install/include/visualization_msgs/msg/detail/marker_array__rosidl_typesupport_microxrcedds_c.h
-- Installing: /home/skola/Projects/int32_publisher_custom_transport/components/micro_ros_espidf_component-galactic/micro_ros_src/install/include/visualization_msgs/msg/detail/menu_entry__rosidl_typesupport_microxrcedds_c.h
-- Installing: /home/skola/Projects/int32_publisher_custom_transport/components/micro_ros_espidf_component-galactic/micro_ros_src/install/include/visualization_msgs/msg/detail/interactive_marker_control__rosidl_typesupport_microxrcedds_c.h
-- Installing: /home/skola/Projects/int32_publisher_custom_transport/components/micro_ros_espidf_component-galactic/micro_ros_src/install/include/visualization_msgs/msg/detail/image_marker__rosidl_typesupport_microxrcedds_c.h
-- Installing: /home/skola/Projects/int32_publisher_custom_transport/components/micro_ros_espidf_component-galactic/micro_ros_src/install/include/visualization_msgs/msg/detail/microxrcedds
-- Installing: /home/skola/Projects/int32_publisher_custom_transport/components/micro_ros_espidf_component-galactic/micro_ros_src/install/include/visualization_msgs/msg/detail/interactive_marker_pose__rosidl_typesupport_microxrcedds_c.h
-- Installing: /home/skola/Projects/int32_publisher_custom_transport/components/micro_ros_espidf_component-galactic/micro_ros_src/install/include/visualization_msgs/msg/detail/interactive_marker_init__rosidl_typesupport_microxrcedds_c.h
-- Installing: /home/skola/Projects/int32_publisher_custom_transport/components/micro_ros_espidf_component-galactic/micro_ros_src/install/include/visualization_msgs/msg/detail/interactive_marker_update__rosidl_typesupport_microxrcedds_c.h
-- Installing: /home/skola/Projects/int32_publisher_custom_transport/components/micro_ros_espidf_component-galactic/micro_ros_src/install/include/visualization_msgs/msg/rosidl_typesupport_microxrcedds_c__visibility_control.h
-- Installing: /home/skola/Projects/int32_publisher_custom_transport/components/micro_ros_espidf_component-galactic/micro_ros_src/install/lib/libvisualization_msgs__rosidl_typesupport_microxrcedds_c.a
-- Installing: /home/skola/Projects/int32_publisher_custom_transport/components/micro_ros_espidf_component-galactic/micro_ros_src/install/lib/libvisualization_msgs__rosidl_typesupport_c.a
-- Installing: /home/skola/Projects/int32_publisher_custom_transport/components/micro_ros_espidf_component-galactic/micro_ros_src/install/share/visualization_msgs/msg/ImageMarker.idl
-- Installing: /home/skola/Projects/int32_publisher_custom_transport/components/micro_ros_espidf_component-galactic/micro_ros_src/install/share/visualization_msgs/msg/InteractiveMarker.idl
-- Installing: /home/skola/Projects/int32_publisher_custom_transport/components/micro_ros_espidf_component-galactic/micro_ros_src/install/share/visualization_msgs/msg/InteractiveMarkerControl.idl
-- Installing: /home/skola/Projects/int32_publisher_custom_transport/components/micro_ros_espidf_component-galactic/micro_ros_src/install/share/visualization_msgs/msg/InteractiveMarkerFeedback.idl
-- Installing: /home/skola/Projects/int32_publisher_custom_transport/components/micro_ros_espidf_component-galactic/micro_ros_src/install/share/visualization_msgs/msg/InteractiveMarkerInit.idl
-- Installing: /home/skola/Projects/int32_publisher_custom_transport/components/micro_ros_espidf_component-galactic/micro_ros_src/install/share/visualization_msgs/msg/InteractiveMarkerPose.idl
-- Installing: /home/skola/Projects/int32_publisher_custom_transport/components/micro_ros_espidf_component-galactic/micro_ros_src/install/share/visualization_msgs/msg/InteractiveMarkerUpdate.idl
-- Installing: /home/skola/Projects/int32_publisher_custom_transport/components/micro_ros_espidf_component-galactic/micro_ros_src/install/share/visualization_msgs/msg/Marker.idl
-- Installing: /home/skola/Projects/int32_publisher_custom_transport/components/micro_ros_espidf_component-galactic/micro_ros_src/install/share/visualization_msgs/msg/MarkerArray.idl
-- Installing: /home/skola/Projects/int32_publisher_custom_transport/components/micro_ros_espidf_component-galactic/micro_ros_src/install/share/visualization_msgs/msg/MenuEntry.idl
-- Installing: /home/skola/Projects/int32_publisher_custom_transport/components/micro_ros_espidf_component-galactic/micro_ros_src/install/share/visualization_msgs/srv/GetInteractiveMarkers.idl
-- Installing: /home/skola/Projects/int32_publisher_custom_transport/components/micro_ros_espidf_component-galactic/micro_ros_src/install/share/visualization_msgs/msg/ImageMarker.msg
-- Installing: /home/skola/Projects/int32_publisher_custom_transport/components/micro_ros_espidf_component-galactic/micro_ros_src/install/share/visualization_msgs/msg/InteractiveMarker.msg
-- Installing: /home/skola/Projects/int32_publisher_custom_transport/components/micro_ros_espidf_component-galactic/micro_ros_src/install/share/visualization_msgs/msg/InteractiveMarkerControl.msg
-- Installing: /home/skola/Projects/int32_publisher_custom_transport/components/micro_ros_espidf_component-galactic/micro_ros_src/install/share/visualization_msgs/msg/InteractiveMarkerFeedback.msg
-- Installing: /home/skola/Projects/int32_publisher_custom_transport/components/micro_ros_espidf_component-galactic/micro_ros_src/install/share/visualization_msgs/msg/InteractiveMarkerInit.msg
-- Installing: /home/skola/Projects/int32_publisher_custom_transport/components/micro_ros_espidf_component-galactic/micro_ros_src/install/share/visualization_msgs/msg/InteractiveMarkerPose.msg
-- Installing: /home/skola/Projects/int32_publisher_custom_transport/components/micro_ros_espidf_component-galactic/micro_ros_src/install/share/visualization_msgs/msg/InteractiveMarkerUpdate.msg
-- Installing: /home/skola/Projects/int32_publisher_custom_transport/components/micro_ros_espidf_component-galactic/micro_ros_src/install/share/visualization_msgs/msg/Marker.msg
-- Installing: /home/skola/Projects/int32_publisher_custom_transport/components/micro_ros_espidf_component-galactic/micro_ros_src/install/share/visualization_msgs/msg/MarkerArray.msg
-- Installing: /home/skola/Projects/int32_publisher_custom_transport/components/micro_ros_espidf_component-galactic/micro_ros_src/install/share/visualization_msgs/msg/MenuEntry.msg
-- Installing: /home/skola/Projects/int32_publisher_custom_transport/components/micro_ros_espidf_component-galactic/micro_ros_src/install/share/visualization_msgs/srv/GetInteractiveMarkers.srv
-- Installing: /home/skola/Projects/int32_publisher_custom_transport/components/micro_ros_espidf_component-galactic/micro_ros_src/install/share/visualization_msgs/srv/GetInteractiveMarkers_Request.msg
-- Installing: /home/skola/Projects/int32_publisher_custom_transport/components/micro_ros_espidf_component-galactic/micro_ros_src/install/share/visualization_msgs/srv/GetInteractiveMarkers_Response.msg
-- Installing: /home/skola/Projects/int32_publisher_custom_transport/components/micro_ros_espidf_component-galactic/micro_ros_src/install/share/ament_index/resource_index/package_run_dependencies/visualization_msgs
-- Installing: /home/skola/Projects/int32_publisher_custom_transport/components/micro_ros_espidf_component-galactic/micro_ros_src/install/share/ament_index/resource_index/parent_prefix_path/visualization_msgs
-- Installing: /home/skola/Projects/int32_publisher_custom_transport/components/micro_ros_espidf_component-galactic/micro_ros_src/install/share/visualization_msgs/environment/ament_prefix_path.sh
-- Installing: /home/skola/Projects/int32_publisher_custom_transport/components/micro_ros_espidf_component-galactic/micro_ros_src/install/share/visualization_msgs/environment/ament_prefix_path.dsv
-- Installing: /home/skola/Projects/int32_publisher_custom_transport/components/micro_ros_espidf_component-galactic/micro_ros_src/install/share/visualization_msgs/environment/path.sh
-- Installing: /home/skola/Projects/int32_publisher_custom_transport/components/micro_ros_espidf_component-galactic/micro_ros_src/install/share/visualization_msgs/environment/path.dsv
-- Installing: /home/skola/Projects/int32_publisher_custom_transport/components/micro_ros_espidf_component-galactic/micro_ros_src/install/share/visualization_msgs/local_setup.bash
-- Installing: /home/skola/Projects/int32_publisher_custom_transport/components/micro_ros_espidf_component-galactic/micro_ros_src/install/share/visualization_msgs/local_setup.sh
-- Installing: /home/skola/Projects/int32_publisher_custom_transport/components/micro_ros_espidf_component-galactic/micro_ros_src/install/share/visualization_msgs/local_setup.zsh
-- Installing: /home/skola/Projects/int32_publisher_custom_transport/components/micro_ros_espidf_component-galactic/micro_ros_src/install/share/visualization_msgs/local_setup.dsv
-- Installing: /home/skola/Projects/int32_publisher_custom_transport/components/micro_ros_espidf_component-galactic/micro_ros_src/install/share/visualization_msgs/package.dsv
-- Installing: /home/skola/Projects/int32_publisher_custom_transport/components/micro_ros_espidf_component-galactic/micro_ros_src/install/share/ament_index/resource_index/packages/visualization_msgs
-- Installing: /home/skola/Projects/int32_publisher_custom_transport/components/micro_ros_espidf_component-galactic/micro_ros_src/install/share/visualization_msgs/cmake/visualization_msgs__rosidl_generator_cExport.cmake
-- Installing: /home/skola/Projects/int32_publisher_custom_transport/components/micro_ros_espidf_component-galactic/micro_ros_src/install/share/visualization_msgs/cmake/visualization_msgs__rosidl_generator_cExport-release.cmake
-- Installing: /home/skola/Projects/int32_publisher_custom_transport/components/micro_ros_espidf_component-galactic/micro_ros_src/install/share/visualization_msgs/cmake/visualization_msgs__rosidl_typesupport_introspection_cExport.cmake
-- Installing: /home/skola/Projects/int32_publisher_custom_transport/components/micro_ros_espidf_component-galactic/micro_ros_src/install/share/visualization_msgs/cmake/visualization_msgs__rosidl_typesupport_introspection_cExport-release.cmake
-- Installing: /home/skola/Projects/int32_publisher_custom_transport/components/micro_ros_espidf_component-galactic/micro_ros_src/install/share/visualization_msgs/cmake/visualization_msgs__rosidl_typesupport_cExport.cmake
-- Installing: /home/skola/Projects/int32_publisher_custom_transport/components/micro_ros_espidf_component-galactic/micro_ros_src/install/share/visualization_msgs/cmake/visualization_msgs__rosidl_typesupport_cExport-release.cmake
-- Installing: /home/skola/Projects/int32_publisher_custom_transport/components/micro_ros_espidf_component-galactic/micro_ros_src/install/share/visualization_msgs/cmake/rosidl_cmake-extras.cmake
-- Installing: /home/skola/Projects/int32_publisher_custom_transport/components/micro_ros_espidf_component-galactic/micro_ros_src/install/share/visualization_msgs/cmake/ament_cmake_export_dependencies-extras.cmake
-- Installing: /home/skola/Projects/int32_publisher_custom_transport/components/micro_ros_espidf_component-galactic/micro_ros_src/install/share/visualization_msgs/cmake/ament_cmake_export_libraries-extras.cmake
-- Installing: /home/skola/Projects/int32_publisher_custom_transport/components/micro_ros_espidf_component-galactic/micro_ros_src/install/share/visualization_msgs/cmake/ament_cmake_export_targets-extras.cmake
-- Installing: /home/skola/Projects/int32_publisher_custom_transport/components/micro_ros_espidf_component-galactic/micro_ros_src/install/share/visualization_msgs/cmake/ament_cmake_export_include_directories-extras.cmake
-- Installing: /home/skola/Projects/int32_publisher_custom_transport/components/micro_ros_espidf_component-galactic/micro_ros_src/install/share/visualization_msgs/cmake/rosidl_cmake_export_typesupport_targets-extras.cmake
-- Installing: /home/skola/Projects/int32_publisher_custom_transport/components/micro_ros_espidf_component-galactic/micro_ros_src/install/share/visualization_msgs/cmake/rosidl_cmake_export_typesupport_libraries-extras.cmake
-- Installing: /home/skola/Projects/int32_publisher_custom_transport/components/micro_ros_espidf_component-galactic/micro_ros_src/install/share/visualization_msgs/cmake/visualization_msgsConfig.cmake
-- Installing: /home/skola/Projects/int32_publisher_custom_transport/components/micro_ros_espidf_component-galactic/micro_ros_src/install/share/visualization_msgs/cmake/visualization_msgsConfig-version.cmake
-- Installing: /home/skola/Projects/int32_publisher_custom_transport/components/micro_ros_espidf_component-galactic/micro_ros_src/install/share/visualization_msgs/package.xml
