In file included from [01m[K/home/skola/Projects/int32_publisher_custom_transport/components/micro_ros_espidf_component-galactic/micro_ros_src/src/Micro-XRCE-DDS-Client/src/c/util/time.c:3[m[K:
[01m[K/home/skola/microros_ws/firmware/toolchain/esp-idf/components/newlib/platform_include/time.h:22:2:[m[K [01;35m[Kwarning: [m[K#include_next is a GCC extension
 #[01;35m[Kinclude_next[m[K <time.h>
  [01;35m[K^~~~~~~~~~~~[m[K
In file included from [01m[K/home/skola/microros_ws/firmware/toolchain/esp-idf/components/lwip/port/esp32/include/lwipopts.h:36[m[K,
                 from [01m[K/home/skola/microros_ws/firmware/toolchain/esp-idf/components/lwip/lwip/src/include/lwip/opt.h:51[m[K,
                 from [01m[K/home/skola/microros_ws/firmware/toolchain/esp-idf/components/lwip/lwip/src/include/lwip/sockets.h:42[m[K,
                 from [01m[K/home/skola/microros_ws/firmware/toolchain/esp-idf/components/lwip/port/esp32/include/sys/socket.h:33[m[K,
                 from [01m[K/home/skola/Projects/int32_publisher_custom_transport/components/micro_ros_espidf_component-galactic/micro_ros_src/src/Micro-XRCE-DDS-Client/src/c/profile/transport/ip/ip_posix.c:21[m[K:
[01m[K/home/skola/microros_ws/firmware/toolchain/esp-idf/components/newlib/platform_include/time.h:22:2:[m[K [01;35m[Kwarning: [m[K#include_next is a GCC extension
 #[01;35m[Kinclude_next[m[K <time.h>
  [01;35m[K^~~~~~~~~~~~[m[K
In file included from [01m[K/home/skola/microros_ws/firmware/toolchain/esp-idf/components/lwip/port/esp32/include/lwipopts.h:38[m[K,
                 from [01m[K/home/skola/microros_ws/firmware/toolchain/esp-idf/components/lwip/lwip/src/include/lwip/opt.h:51[m[K,
                 from [01m[K/home/skola/microros_ws/firmware/toolchain/esp-idf/components/lwip/lwip/src/include/lwip/sockets.h:42[m[K,
                 from [01m[K/home/skola/microros_ws/firmware/toolchain/esp-idf/components/lwip/port/esp32/include/sys/socket.h:33[m[K,
                 from [01m[K/home/skola/Projects/int32_publisher_custom_transport/components/micro_ros_espidf_component-galactic/micro_ros_src/src/Micro-XRCE-DDS-Client/src/c/profile/transport/ip/ip_posix.c:21[m[K:
[01m[K/home/skola/microros_ws/firmware/toolchain/esp-idf/components/newlib/platform_include/sys/time.h:16:2:[m[K [01;35m[Kwarning: [m[K#include_next is a GCC extension
 #[01;35m[Kinclude_next[m[K <sys/time.h>
  [01;35m[K^~~~~~~~~~~~[m[K
In file included from [01m[K/home/skola/microros_ws/firmware/toolchain/esp-idf/components/lwip/port/esp32/include/lwipopts.h:36[m[K,
                 from [01m[K/home/skola/microros_ws/firmware/toolchain/esp-idf/components/lwip/lwip/src/include/lwip/opt.h:51[m[K,
                 from [01m[K/home/skola/microros_ws/firmware/toolchain/esp-idf/components/lwip/lwip/src/include/lwip/sockets.h:42[m[K,
                 from [01m[K/home/skola/microros_ws/firmware/toolchain/esp-idf/components/lwip/port/esp32/include/sys/socket.h:33[m[K,
                 from [01m[K/home/skola/Projects/int32_publisher_custom_transport/components/micro_ros_espidf_component-galactic/micro_ros_src/src/Micro-XRCE-DDS-Client/src/c/profile/transport/ip/udp/udp_transport_posix_nopoll.c:5[m[K:
[01m[K/home/skola/microros_ws/firmware/toolchain/esp-idf/components/newlib/platform_include/time.h:22:2:[m[K [01;35m[Kwarning: [m[K#include_next is a GCC extension
 #[01;35m[Kinclude_next[m[K <time.h>
  [01;35m[K^~~~~~~~~~~~[m[K
In file included from [01m[K/home/skola/microros_ws/firmware/toolchain/esp-idf/components/lwip/port/esp32/include/lwipopts.h:38[m[K,
                 from [01m[K/home/skola/microros_ws/firmware/toolchain/esp-idf/components/lwip/lwip/src/include/lwip/opt.h:51[m[K,
                 from [01m[K/home/skola/microros_ws/firmware/toolchain/esp-idf/components/lwip/lwip/src/include/lwip/sockets.h:42[m[K,
                 from [01m[K/home/skola/microros_ws/firmware/toolchain/esp-idf/components/lwip/port/esp32/include/sys/socket.h:33[m[K,
                 from [01m[K/home/skola/Projects/int32_publisher_custom_transport/components/micro_ros_espidf_component-galactic/micro_ros_src/src/Micro-XRCE-DDS-Client/src/c/profile/transport/ip/udp/udp_transport_posix_nopoll.c:5[m[K:
[01m[K/home/skola/microros_ws/firmware/toolchain/esp-idf/components/newlib/platform_include/sys/time.h:16:2:[m[K [01;35m[Kwarning: [m[K#include_next is a GCC extension
 #[01;35m[Kinclude_next[m[K <sys/time.h>
  [01;35m[K^~~~~~~~~~~~[m[K
In file included from [01m[K/home/skola/microros_ws/firmware/toolchain/esp-idf/components/esp_common/include/esp_err.h:18[m[K,
                 from [01m[K/home/skola/microros_ws/firmware/toolchain/esp-idf/components/esp_common/include/esp_system.h:20[m[K,
                 from [01m[K/home/skola/microros_ws/firmware/toolchain/esp-idf/components/lwip/port/esp32/include/lwipopts.h:44[m[K,
                 from [01m[K/home/skola/microros_ws/firmware/toolchain/esp-idf/components/lwip/lwip/src/include/lwip/opt.h:51[m[K,
                 from [01m[K/home/skola/microros_ws/firmware/toolchain/esp-idf/components/lwip/lwip/src/include/lwip/sockets.h:42[m[K,
                 from [01m[K/home/skola/microros_ws/firmware/toolchain/esp-idf/components/lwip/port/esp32/include/sys/socket.h:33[m[K,
                 from [01m[K/home/skola/Projects/int32_publisher_custom_transport/components/micro_ros_espidf_component-galactic/micro_ros_src/src/Micro-XRCE-DDS-Client/src/c/profile/transport/ip/ip_posix.c:21[m[K:
[01m[K/home/skola/microros_ws/firmware/toolchain/esp-idf/components/newlib/platform_include/assert.h:24:2:[m[K [01;35m[Kwarning: [m[K#include_next is a GCC extension
 #[01;35m[Kinclude_next[m[K <assert.h>
  [01;35m[K^~~~~~~~~~~~[m[K
In file included from [01m[K/home/skola/microros_ws/firmware/toolchain/esp-idf/components/esp_common/include/esp_err.h:18[m[K,
                 from [01m[K/home/skola/microros_ws/firmware/toolchain/esp-idf/components/esp_common/include/esp_system.h:20[m[K,
                 from [01m[K/home/skola/microros_ws/firmware/toolchain/esp-idf/components/lwip/port/esp32/include/lwipopts.h:44[m[K,
                 from [01m[K/home/skola/microros_ws/firmware/toolchain/esp-idf/components/lwip/lwip/src/include/lwip/opt.h:51[m[K,
                 from [01m[K/home/skola/microros_ws/firmware/toolchain/esp-idf/components/lwip/lwip/src/include/lwip/sockets.h:42[m[K,
                 from [01m[K/home/skola/microros_ws/firmware/toolchain/esp-idf/components/lwip/port/esp32/include/sys/socket.h:33[m[K,
                 from [01m[K/home/skola/Projects/int32_publisher_custom_transport/components/micro_ros_espidf_component-galactic/micro_ros_src/src/Micro-XRCE-DDS-Client/src/c/profile/transport/ip/udp/udp_transport_posix_nopoll.c:5[m[K:
[01m[K/home/skola/microros_ws/firmware/toolchain/esp-idf/components/newlib/platform_include/assert.h:24:2:[m[K [01;35m[Kwarning: [m[K#include_next is a GCC extension
 #[01;35m[Kinclude_next[m[K <assert.h>
  [01;35m[K^~~~~~~~~~~~[m[K
In file included from [01m[K/home/skola/microros_ws/firmware/toolchain/esp-idf/components/lwip/port/esp32/include/arch/cc.h:38[m[K,
                 from [01m[K/home/skola/microros_ws/firmware/toolchain/esp-idf/components/lwip/lwip/src/include/lwip/arch.h:48[m[K,
                 from [01m[K/home/skola/microros_ws/firmware/toolchain/esp-idf/components/lwip/lwip/src/include/lwip/debug.h:40[m[K,
                 from [01m[K/home/skola/microros_ws/firmware/toolchain/esp-idf/components/lwip/lwip/src/include/lwip/opt.h:52[m[K,
                 from [01m[K/home/skola/microros_ws/firmware/toolchain/esp-idf/components/lwip/lwip/src/include/lwip/sockets.h:42[m[K,
                 from [01m[K/home/skola/microros_ws/firmware/toolchain/esp-idf/components/lwip/port/esp32/include/sys/socket.h:33[m[K,
                 from [01m[K/home/skola/Projects/int32_publisher_custom_transport/components/micro_ros_espidf_component-galactic/micro_ros_src/src/Micro-XRCE-DDS-Client/src/c/profile/transport/ip/ip_posix.c:21[m[K:
[01m[K/home/skola/microros_ws/firmware/toolchain/esp-idf/components/newlib/platform_include/errno.h:18:2:[m[K [01;35m[Kwarning: [m[K#include_next is a GCC extension
 #[01;35m[Kinclude_next[m[K "errno.h"
  [01;35m[K^~~~~~~~~~~~[m[K
In file included from [01m[K/home/skola/microros_ws/firmware/toolchain/esp-idf/components/freertos/include/freertos/portable.h:89[m[K,
                 from [01m[K/home/skola/microros_ws/firmware/toolchain/esp-idf/components/freertos/include/freertos/FreeRTOS.h:107[m[K,
                 from [01m[K/home/skola/microros_ws/firmware/toolchain/esp-idf/components/lwip/port/esp32/include/arch/sys_arch.h:36[m[K,
                 from [01m[K/home/skola/microros_ws/firmware/toolchain/esp-idf/components/lwip/port/esp32/include/arch/cc.h:42[m[K,
                 from [01m[K/home/skola/microros_ws/firmware/toolchain/esp-idf/components/lwip/lwip/src/include/lwip/arch.h:48[m[K,
                 from [01m[K/home/skola/microros_ws/firmware/toolchain/esp-idf/components/lwip/lwip/src/include/lwip/debug.h:40[m[K,
                 from [01m[K/home/skola/microros_ws/firmware/toolchain/esp-idf/components/lwip/lwip/src/include/lwip/opt.h:52[m[K,
                 from [01m[K/home/skola/microros_ws/firmware/toolchain/esp-idf/components/lwip/lwip/src/include/lwip/sockets.h:42[m[K,
                 from [01m[K/home/skola/microros_ws/firmware/toolchain/esp-idf/components/lwip/port/esp32/include/sys/socket.h:33[m[K,
                 from [01m[K/home/skola/Projects/int32_publisher_custom_transport/components/micro_ros_espidf_component-galactic/micro_ros_src/src/Micro-XRCE-DDS-Client/src/c/profile/transport/ip/ip_posix.c:21[m[K:
[01m[K/home/skola/microros_ws/firmware/toolchain/esp-idf/components/soc/esp32/include/soc/cpu.h:[m[K In function '[01m[Kcpu_configure_region_protection[m[K':
[01m[K/home/skola/microros_ws/firmware/toolchain/esp-idf/components/soc/esp32/include/soc/cpu.h:77:23:[m[K [01;35m[Kwarning: [m[Kcomparison of integer expressions of different signedness: '[01m[Kint[m[K' and '[01m[Kunsigned int[m[K' [[01;35m[K-Wsign-compare[m[K]
     for (int i = 0; i [01;35m[K<[m[K sizeof(pages_to_protect)/sizeof(pages_to_protect[0]); ++i) {
                       [01;35m[K^[m[K
In file included from [01m[K/home/skola/microros_ws/firmware/toolchain/esp-idf/components/freertos/include/freertos/portmacro.h:82[m[K,
                 from [01m[K/home/skola/microros_ws/firmware/toolchain/esp-idf/components/freertos/include/freertos/portable.h:96[m[K,
                 from [01m[K/home/skola/microros_ws/firmware/toolchain/esp-idf/components/freertos/include/freertos/FreeRTOS.h:107[m[K,
                 from [01m[K/home/skola/microros_ws/firmware/toolchain/esp-idf/components/lwip/port/esp32/include/arch/sys_arch.h:36[m[K,
                 from [01m[K/home/skola/microros_ws/firmware/toolchain/esp-idf/components/lwip/port/esp32/include/arch/cc.h:42[m[K,
                 from [01m[K/home/skola/microros_ws/firmware/toolchain/esp-idf/components/lwip/lwip/src/include/lwip/arch.h:48[m[K,
                 from [01m[K/home/skola/microros_ws/firmware/toolchain/esp-idf/components/lwip/lwip/src/include/lwip/debug.h:40[m[K,
                 from [01m[K/home/skola/microros_ws/firmware/toolchain/esp-idf/components/lwip/lwip/src/include/lwip/opt.h:52[m[K,
                 from [01m[K/home/skola/microros_ws/firmware/toolchain/esp-idf/components/lwip/lwip/src/include/lwip/sockets.h:42[m[K,
                 from [01m[K/home/skola/microros_ws/firmware/toolchain/esp-idf/components/lwip/port/esp32/include/sys/socket.h:33[m[K,
                 from [01m[K/home/skola/Projects/int32_publisher_custom_transport/components/micro_ros_espidf_component-galactic/micro_ros_src/src/Micro-XRCE-DDS-Client/src/c/profile/transport/ip/ip_posix.c:21[m[K:
[01m[K/home/skola/microros_ws/firmware/toolchain/esp-idf/components/xtensa/include/xtensa/xtruntime.h:[m[K In function '[01m[K_xtos_interrupt_enable[m[K':
[01m[K/home/skola/microros_ws/firmware/toolchain/esp-idf/components/xtensa/include/xtensa/xtruntime.h:161:21:[m[K [01;35m[Kwarning: [m[Kconversion to '[01m[Kunsigned int[m[K' from '[01m[Kint[m[K' may change the sign of the result [[01;35m[K-Wsign-conversion[m[K]
     _xtos_ints_on([01;35m[K1 << intnum[m[K);
                   [01;35m[K~~^~~~~~~~~[m[K
[01m[K/home/skola/microros_ws/firmware/toolchain/esp-idf/components/xtensa/include/xtensa/xtruntime.h:[m[K In function '[01m[K_xtos_interrupt_disable[m[K':
[01m[K/home/skola/microros_ws/firmware/toolchain/esp-idf/components/xtensa/include/xtensa/xtruntime.h:166:22:[m[K [01;35m[Kwarning: [m[Kconversion to '[01m[Kunsigned int[m[K' from '[01m[Kint[m[K' may change the sign of the result [[01;35m[K-Wsign-conversion[m[K]
     _xtos_ints_off([01;35m[K1 << intnum[m[K);
                    [01;35m[K~~^~~~~~~~~[m[K
In file included from [01m[K/home/skola/microros_ws/firmware/toolchain/esp-idf/components/freertos/include/freertos/task.h:80[m[K,
                 from [01m[K/home/skola/microros_ws/firmware/toolchain/esp-idf/components/lwip/port/esp32/include/arch/sys_arch.h:37[m[K,
                 from [01m[K/home/skola/microros_ws/firmware/toolchain/esp-idf/components/lwip/port/esp32/include/arch/cc.h:42[m[K,
                 from [01m[K/home/skola/microros_ws/firmware/toolchain/esp-idf/components/lwip/lwip/src/include/lwip/arch.h:48[m[K,
                 from [01m[K/home/skola/microros_ws/firmware/toolchain/esp-idf/components/lwip/lwip/src/include/lwip/debug.h:40[m[K,
                 from [01m[K/home/skola/microros_ws/firmware/toolchain/esp-idf/components/lwip/lwip/src/include/lwip/opt.h:52[m[K,
                 from [01m[K/home/skola/microros_ws/firmware/toolchain/esp-idf/components/lwip/lwip/src/include/lwip/sockets.h:42[m[K,
                 from [01m[K/home/skola/microros_ws/firmware/toolchain/esp-idf/components/lwip/port/esp32/include/sys/socket.h:33[m[K,
                 from [01m[K/home/skola/Projects/int32_publisher_custom_transport/components/micro_ros_espidf_component-galactic/micro_ros_src/src/Micro-XRCE-DDS-Client/src/c/profile/transport/ip/ip_posix.c:21[m[K:
[01m[K/home/skola/microros_ws/firmware/toolchain/esp-idf/components/freertos/include/freertos/list.h:[m[K At top level:
[01m[K/home/skola/microros_ws/firmware/toolchain/esp-idf/components/freertos/include/freertos/list.h:194:1:[m[K [01;35m[Kwarning: [m[KISO C99 does not support '[01m[K_Static_assert[m[K' [[01;35m[K-Wpedantic[m[K]
 [01;35m[K_Static_assert[m[K(sizeof(StaticListItem_t) == sizeof(ListItem_t), "StaticListItem_t != ListItem_t");
 [01;35m[K^~~~~~~~~~~~~~[m[K
[01m[K/home/skola/microros_ws/firmware/toolchain/esp-idf/components/freertos/include/freertos/list.h:207:1:[m[K [01;35m[Kwarning: [m[KISO C99 does not support '[01m[K_Static_assert[m[K' [[01;35m[K-Wpedantic[m[K]
 [01;35m[K_Static_assert[m[K(sizeof(StaticMiniListItem_t) == sizeof(MiniListItem_t), "StaticMiniListItem_t != MiniListItem_t");
 [01;35m[K^~~~~~~~~~~~~~[m[K
[01m[K/home/skola/microros_ws/firmware/toolchain/esp-idf/components/freertos/include/freertos/list.h:224:1:[m[K [01;35m[Kwarning: [m[KISO C99 does not support '[01m[K_Static_assert[m[K' [[01;35m[K-Wpedantic[m[K]
 [01;35m[K_Static_assert[m[K(sizeof(StaticList_t) == sizeof(List_t), "StaticList_t != List_t");
 [01;35m[K^~~~~~~~~~~~~~[m[K
In file included from [01m[K/home/skola/microros_ws/firmware/toolchain/esp-idf/components/lwip/port/esp32/include/arch/cc.h:38[m[K,
                 from [01m[K/home/skola/microros_ws/firmware/toolchain/esp-idf/components/lwip/lwip/src/include/lwip/arch.h:48[m[K,
                 from [01m[K/home/skola/microros_ws/firmware/toolchain/esp-idf/components/lwip/lwip/src/include/lwip/debug.h:40[m[K,
                 from [01m[K/home/skola/microros_ws/firmware/toolchain/esp-idf/components/lwip/lwip/src/include/lwip/opt.h:52[m[K,
                 from [01m[K/home/skola/microros_ws/firmware/toolchain/esp-idf/components/lwip/lwip/src/include/lwip/sockets.h:42[m[K,
                 from [01m[K/home/skola/microros_ws/firmware/toolchain/esp-idf/components/lwip/port/esp32/include/sys/socket.h:33[m[K,
                 from [01m[K/home/skola/Projects/int32_publisher_custom_transport/components/micro_ros_espidf_component-galactic/micro_ros_src/src/Micro-XRCE-DDS-Client/src/c/profile/transport/ip/udp/udp_transport_posix_nopoll.c:5[m[K:
[01m[K/home/skola/microros_ws/firmware/toolchain/esp-idf/components/newlib/platform_include/errno.h:18:2:[m[K [01;35m[Kwarning: [m[K#include_next is a GCC extension
 #[01;35m[Kinclude_next[m[K "errno.h"
  [01;35m[K^~~~~~~~~~~~[m[K
In file included from [01m[K/home/skola/microros_ws/firmware/toolchain/esp-idf/components/lwip/lwip/src/include/lwip/debug.h:40[m[K,
                 from [01m[K/home/skola/microros_ws/firmware/toolchain/esp-idf/components/lwip/lwip/src/include/lwip/opt.h:52[m[K,
                 from [01m[K/home/skola/microros_ws/firmware/toolchain/esp-idf/components/lwip/lwip/src/include/lwip/sockets.h:42[m[K,
                 from [01m[K/home/skola/microros_ws/firmware/toolchain/esp-idf/components/lwip/port/esp32/include/sys/socket.h:33[m[K,
                 from [01m[K/home/skola/Projects/int32_publisher_custom_transport/components/micro_ros_espidf_component-galactic/micro_ros_src/src/Micro-XRCE-DDS-Client/src/c/profile/transport/ip/ip_posix.c:21[m[K:
[01m[K/home/skola/microros_ws/firmware/toolchain/esp-idf/components/lwip/lwip/src/include/lwip/arch.h:125:19:[m[K [01;35m[Kwarning: [m[Kredefinition of typedef '[01m[Ku8_t[m[K' [[01;35m[K-Wpedantic[m[K]
 typedef uint8_t   [01;35m[Ku8_t[m[K;
                   [01;35m[K^~~~[m[K
In file included from [01m[K/home/skola/microros_ws/firmware/toolchain/esp-idf/components/lwip/lwip/src/include/lwip/arch.h:48[m[K,
                 from [01m[K/home/skola/microros_ws/firmware/toolchain/esp-idf/components/lwip/lwip/src/include/lwip/debug.h:40[m[K,
                 from [01m[K/home/skola/microros_ws/firmware/toolchain/esp-idf/components/lwip/lwip/src/include/lwip/opt.h:52[m[K,
                 from [01m[K/home/skola/microros_ws/firmware/toolchain/esp-idf/components/lwip/lwip/src/include/lwip/sockets.h:42[m[K,
                 from [01m[K/home/skola/microros_ws/firmware/toolchain/esp-idf/components/lwip/port/esp32/include/sys/socket.h:33[m[K,
                 from [01m[K/home/skola/Projects/int32_publisher_custom_transport/components/micro_ros_espidf_component-galactic/micro_ros_src/src/Micro-XRCE-DDS-Client/src/c/profile/transport/ip/ip_posix.c:21[m[K:
[01m[K/home/skola/microros_ws/firmware/toolchain/esp-idf/components/lwip/port/esp32/include/arch/cc.h:48:18:[m[K [01;36m[Knote: [m[Kprevious declaration of '[01m[Ku8_t[m[K' was here
 typedef uint8_t  [01;36m[Ku8_t[m[K;
                  [01;36m[K^~~~[m[K
In file included from [01m[K/home/skola/microros_ws/firmware/toolchain/esp-idf/components/lwip/lwip/src/include/lwip/debug.h:40[m[K,
                 from [01m[K/home/skola/microros_ws/firmware/toolchain/esp-idf/components/lwip/lwip/src/include/lwip/opt.h:52[m[K,
                 from [01m[K/home/skola/microros_ws/firmware/toolchain/esp-idf/components/lwip/lwip/src/include/lwip/sockets.h:42[m[K,
                 from [01m[K/home/skola/microros_ws/firmware/toolchain/esp-idf/components/lwip/port/esp32/include/sys/socket.h:33[m[K,
                 from [01m[K/home/skola/Projects/int32_publisher_custom_transport/components/micro_ros_espidf_component-galactic/micro_ros_src/src/Micro-XRCE-DDS-Client/src/c/profile/transport/ip/ip_posix.c:21[m[K:
[01m[K/home/skola/microros_ws/firmware/toolchain/esp-idf/components/lwip/lwip/src/include/lwip/arch.h:126:19:[m[K [01;35m[Kwarning: [m[Kredefinition of typedef '[01m[Ks8_t[m[K' [[01;35m[K-Wpedantic[m[K]
 typedef int8_t    [01;35m[Ks8_t[m[K;
                   [01;35m[K^~~~[m[K
In file included from [01m[K/home/skola/microros_ws/firmware/toolchain/esp-idf/components/lwip/lwip/src/include/lwip/arch.h:48[m[K,
                 from [01m[K/home/skola/microros_ws/firmware/toolchain/esp-idf/components/lwip/lwip/src/include/lwip/debug.h:40[m[K,
                 from [01m[K/home/skola/microros_ws/firmware/toolchain/esp-idf/components/lwip/lwip/src/include/lwip/opt.h:52[m[K,
                 from [01m[K/home/skola/microros_ws/firmware/toolchain/esp-idf/components/lwip/lwip/src/include/lwip/sockets.h:42[m[K,
                 from [01m[K/home/skola/microros_ws/firmware/toolchain/esp-idf/components/lwip/port/esp32/include/sys/socket.h:33[m[K,
                 from [01m[K/home/skola/Projects/int32_publisher_custom_transport/components/micro_ros_espidf_component-galactic/micro_ros_src/src/Micro-XRCE-DDS-Client/src/c/profile/transport/ip/ip_posix.c:21[m[K:
[01m[K/home/skola/microros_ws/firmware/toolchain/esp-idf/components/lwip/port/esp32/include/arch/cc.h:49:18:[m[K [01;36m[Knote: [m[Kprevious declaration of '[01m[Ks8_t[m[K' was here
 typedef int8_t   [01;36m[Ks8_t[m[K;
                  [01;36m[K^~~~[m[K
In file included from [01m[K/home/skola/microros_ws/firmware/toolchain/esp-idf/components/lwip/lwip/src/include/lwip/debug.h:40[m[K,
                 from [01m[K/home/skola/microros_ws/firmware/toolchain/esp-idf/components/lwip/lwip/src/include/lwip/opt.h:52[m[K,
                 from [01m[K/home/skola/microros_ws/firmware/toolchain/esp-idf/components/lwip/lwip/src/include/lwip/sockets.h:42[m[K,
                 from [01m[K/home/skola/microros_ws/firmware/toolchain/esp-idf/components/lwip/port/esp32/include/sys/socket.h:33[m[K,
                 from [01m[K/home/skola/Projects/int32_publisher_custom_transport/components/micro_ros_espidf_component-galactic/micro_ros_src/src/Micro-XRCE-DDS-Client/src/c/profile/transport/ip/ip_posix.c:21[m[K:
[01m[K/home/skola/microros_ws/firmware/toolchain/esp-idf/components/lwip/lwip/src/include/lwip/arch.h:127:19:[m[K [01;35m[Kwarning: [m[Kredefinition of typedef '[01m[Ku16_t[m[K' [[01;35m[K-Wpedantic[m[K]
 typedef uint16_t  [01;35m[Ku16_t[m[K;
                   [01;35m[K^~~~~[m[K
In file included from [01m[K/home/skola/microros_ws/firmware/toolchain/esp-idf/components/lwip/lwip/src/include/lwip/arch.h:48[m[K,
                 from [01m[K/home/skola/microros_ws/firmware/toolchain/esp-idf/components/lwip/lwip/src/include/lwip/debug.h:40[m[K,
                 from [01m[K/home/skola/microros_ws/firmware/toolchain/esp-idf/components/lwip/lwip/src/include/lwip/opt.h:52[m[K,
                 from [01m[K/home/skola/microros_ws/firmware/toolchain/esp-idf/components/lwip/lwip/src/include/lwip/sockets.h:42[m[K,
                 from [01m[K/home/skola/microros_ws/firmware/toolchain/esp-idf/components/lwip/port/esp32/include/sys/socket.h:33[m[K,
                 from [01m[K/home/skola/Projects/int32_publisher_custom_transport/components/micro_ros_espidf_component-galactic/micro_ros_src/src/Micro-XRCE-DDS-Client/src/c/profile/transport/ip/ip_posix.c:21[m[K:
[01m[K/home/skola/microros_ws/firmware/toolchain/esp-idf/components/lwip/port/esp32/include/arch/cc.h:50:18:[m[K [01;36m[Knote: [m[Kprevious declaration of '[01m[Ku16_t[m[K' was here
 typedef uint16_t [01;36m[Ku16_t[m[K;
                  [01;36m[K^~~~~[m[K
In file included from [01m[K/home/skola/microros_ws/firmware/toolchain/esp-idf/components/lwip/lwip/src/include/lwip/debug.h:40[m[K,
                 from [01m[K/home/skola/microros_ws/firmware/toolchain/esp-idf/components/lwip/lwip/src/include/lwip/opt.h:52[m[K,
                 from [01m[K/home/skola/microros_ws/firmware/toolchain/esp-idf/components/lwip/lwip/src/include/lwip/sockets.h:42[m[K,
                 from [01m[K/home/skola/microros_ws/firmware/toolchain/esp-idf/components/lwip/port/esp32/include/sys/socket.h:33[m[K,
                 from [01m[K/home/skola/Projects/int32_publisher_custom_transport/components/micro_ros_espidf_component-galactic/micro_ros_src/src/Micro-XRCE-DDS-Client/src/c/profile/transport/ip/ip_posix.c:21[m[K:
[01m[K/home/skola/microros_ws/firmware/toolchain/esp-idf/components/lwip/lwip/src/include/lwip/arch.h:128:19:[m[K [01;35m[Kwarning: [m[Kredefinition of typedef '[01m[Ks16_t[m[K' [[01;35m[K-Wpedantic[m[K]
 typedef int16_t   [01;35m[Ks16_t[m[K;
                   [01;35m[K^~~~~[m[K
In file included from [01m[K/home/skola/microros_ws/firmware/toolchain/esp-idf/components/lwip/lwip/src/include/lwip/arch.h:48[m[K,
                 from [01m[K/home/skola/microros_ws/firmware/toolchain/esp-idf/components/lwip/lwip/src/include/lwip/debug.h:40[m[K,
                 from [01m[K/home/skola/microros_ws/firmware/toolchain/esp-idf/components/lwip/lwip/src/include/lwip/opt.h:52[m[K,
                 from [01m[K/home/skola/microros_ws/firmware/toolchain/esp-idf/components/lwip/lwip/src/include/lwip/sockets.h:42[m[K,
                 from [01m[K/home/skola/microros_ws/firmware/toolchain/esp-idf/components/lwip/port/esp32/include/sys/socket.h:33[m[K,
                 from [01m[K/home/skola/Projects/int32_publisher_custom_transport/components/micro_ros_espidf_component-galactic/micro_ros_src/src/Micro-XRCE-DDS-Client/src/c/profile/transport/ip/ip_posix.c:21[m[K:
[01m[K/home/skola/microros_ws/firmware/toolchain/esp-idf/components/lwip/port/esp32/include/arch/cc.h:51:18:[m[K [01;36m[Knote: [m[Kprevious declaration of '[01m[Ks16_t[m[K' was here
 typedef int16_t  [01;36m[Ks16_t[m[K;
                  [01;36m[K^~~~~[m[K
In file included from [01m[K/home/skola/microros_ws/firmware/toolchain/esp-idf/components/lwip/lwip/src/include/lwip/debug.h:40[m[K,
                 from [01m[K/home/skola/microros_ws/firmware/toolchain/esp-idf/components/lwip/lwip/src/include/lwip/opt.h:52[m[K,
                 from [01m[K/home/skola/microros_ws/firmware/toolchain/esp-idf/components/lwip/lwip/src/include/lwip/sockets.h:42[m[K,
                 from [01m[K/home/skola/microros_ws/firmware/toolchain/esp-idf/components/lwip/port/esp32/include/sys/socket.h:33[m[K,
                 from [01m[K/home/skola/Projects/int32_publisher_custom_transport/components/micro_ros_espidf_component-galactic/micro_ros_src/src/Micro-XRCE-DDS-Client/src/c/profile/transport/ip/ip_posix.c:21[m[K:
[01m[K/home/skola/microros_ws/firmware/toolchain/esp-idf/components/lwip/lwip/src/include/lwip/arch.h:129:19:[m[K [01;35m[Kwarning: [m[Kredefinition of typedef '[01m[Ku32_t[m[K' [[01;35m[K-Wpedantic[m[K]
 typedef uint32_t  [01;35m[Ku32_t[m[K;
                   [01;35m[K^~~~~[m[K
In file included from [01m[K/home/skola/microros_ws/firmware/toolchain/esp-idf/components/lwip/lwip/src/include/lwip/arch.h:48[m[K,
                 from [01m[K/home/skola/microros_ws/firmware/toolchain/esp-idf/components/lwip/lwip/src/include/lwip/debug.h:40[m[K,
                 from [01m[K/home/skola/microros_ws/firmware/toolchain/esp-idf/components/lwip/lwip/src/include/lwip/opt.h:52[m[K,
                 from [01m[K/home/skola/microros_ws/firmware/toolchain/esp-idf/components/lwip/lwip/src/include/lwip/sockets.h:42[m[K,
                 from [01m[K/home/skola/microros_ws/firmware/toolchain/esp-idf/components/lwip/port/esp32/include/sys/socket.h:33[m[K,
                 from [01m[K/home/skola/Projects/int32_publisher_custom_transport/components/micro_ros_espidf_component-galactic/micro_ros_src/src/Micro-XRCE-DDS-Client/src/c/profile/transport/ip/ip_posix.c:21[m[K:
[01m[K/home/skola/microros_ws/firmware/toolchain/esp-idf/components/lwip/port/esp32/include/arch/cc.h:52:18:[m[K [01;36m[Knote: [m[Kprevious declaration of '[01m[Ku32_t[m[K' was here
 typedef uint32_t [01;36m[Ku32_t[m[K;
                  [01;36m[K^~~~~[m[K
In file included from [01m[K/home/skola/microros_ws/firmware/toolchain/esp-idf/components/lwip/lwip/src/include/lwip/debug.h:40[m[K,
                 from [01m[K/home/skola/microros_ws/firmware/toolchain/esp-idf/components/lwip/lwip/src/include/lwip/opt.h:52[m[K,
                 from [01m[K/home/skola/microros_ws/firmware/toolchain/esp-idf/components/lwip/lwip/src/include/lwip/sockets.h:42[m[K,
                 from [01m[K/home/skola/microros_ws/firmware/toolchain/esp-idf/components/lwip/port/esp32/include/sys/socket.h:33[m[K,
                 from [01m[K/home/skola/Projects/int32_publisher_custom_transport/components/micro_ros_espidf_component-galactic/micro_ros_src/src/Micro-XRCE-DDS-Client/src/c/profile/transport/ip/ip_posix.c:21[m[K:
[01m[K/home/skola/microros_ws/firmware/toolchain/esp-idf/components/lwip/lwip/src/include/lwip/arch.h:130:19:[m[K [01;35m[Kwarning: [m[Kredefinition of typedef '[01m[Ks32_t[m[K' [[01;35m[K-Wpedantic[m[K]
 typedef int32_t   [01;35m[Ks32_t[m[K;
                   [01;35m[K^~~~~[m[K
In file included from [01m[K/home/skola/microros_ws/firmware/toolchain/esp-idf/components/lwip/lwip/src/include/lwip/arch.h:48[m[K,
                 from [01m[K/home/skola/microros_ws/firmware/toolchain/esp-idf/components/lwip/lwip/src/include/lwip/debug.h:40[m[K,
                 from [01m[K/home/skola/microros_ws/firmware/toolchain/esp-idf/components/lwip/lwip/src/include/lwip/opt.h:52[m[K,
                 from [01m[K/home/skola/microros_ws/firmware/toolchain/esp-idf/components/lwip/lwip/src/include/lwip/sockets.h:42[m[K,
                 from [01m[K/home/skola/microros_ws/firmware/toolchain/esp-idf/components/lwip/port/esp32/include/sys/socket.h:33[m[K,
                 from [01m[K/home/skola/Projects/int32_publisher_custom_transport/components/micro_ros_espidf_component-galactic/micro_ros_src/src/Micro-XRCE-DDS-Client/src/c/profile/transport/ip/ip_posix.c:21[m[K:
[01m[K/home/skola/microros_ws/firmware/toolchain/esp-idf/components/lwip/port/esp32/include/arch/cc.h:53:18:[m[K [01;36m[Knote: [m[Kprevious declaration of '[01m[Ks32_t[m[K' was here
 typedef int32_t  [01;36m[Ks32_t[m[K;
                  [01;36m[K^~~~~[m[K
In file included from [01m[K/home/skola/microros_ws/firmware/toolchain/esp-idf/components/lwip/port/esp32/include/lwipopts.h:36[m[K,
                 from [01m[K/home/skola/microros_ws/firmware/toolchain/esp-idf/components/lwip/lwip/src/include/lwip/opt.h:51[m[K,
                 from [01m[K/home/skola/microros_ws/firmware/toolchain/esp-idf/components/lwip/lwip/src/include/lwip/sockets.h:42[m[K,
                 from [01m[K/home/skola/microros_ws/firmware/toolchain/esp-idf/components/lwip/port/esp32/include/sys/socket.h:33[m[K,
                 from [01m[K/home/skola/Projects/int32_publisher_custom_transport/components/micro_ros_espidf_component-galactic/micro_ros_src/src/Micro-XRCE-DDS-Client/src/c/profile/discovery/transport/udp_transport_datagram_posix_nopoll.c:4[m[K:
[01m[K/home/skola/microros_ws/firmware/toolchain/esp-idf/components/newlib/platform_include/time.h:22:2:[m[K [01;35m[Kwarning: [m[K#include_next is a GCC extension
 #[01;35m[Kinclude_next[m[K <time.h>
  [01;35m[K^~~~~~~~~~~~[m[K
In file included from [01m[K/home/skola/microros_ws/firmware/toolchain/esp-idf/components/freertos/include/freertos/portable.h:89[m[K,
                 from [01m[K/home/skola/microros_ws/firmware/toolchain/esp-idf/components/freertos/include/freertos/FreeRTOS.h:107[m[K,
                 from [01m[K/home/skola/microros_ws/firmware/toolchain/esp-idf/components/lwip/port/esp32/include/arch/sys_arch.h:36[m[K,
                 from [01m[K/home/skola/microros_ws/firmware/toolchain/esp-idf/components/lwip/port/esp32/include/arch/cc.h:42[m[K,
                 from [01m[K/home/skola/microros_ws/firmware/toolchain/esp-idf/components/lwip/lwip/src/include/lwip/arch.h:48[m[K,
                 from [01m[K/home/skola/microros_ws/firmware/toolchain/esp-idf/components/lwip/lwip/src/include/lwip/debug.h:40[m[K,
                 from [01m[K/home/skola/microros_ws/firmware/toolchain/esp-idf/components/lwip/lwip/src/include/lwip/opt.h:52[m[K,
                 from [01m[K/home/skola/microros_ws/firmware/toolchain/esp-idf/components/lwip/lwip/src/include/lwip/sockets.h:42[m[K,
                 from [01m[K/home/skola/microros_ws/firmware/toolchain/esp-idf/components/lwip/port/esp32/include/sys/socket.h:33[m[K,
                 from [01m[K/home/skola/Projects/int32_publisher_custom_transport/components/micro_ros_espidf_component-galactic/micro_ros_src/src/Micro-XRCE-DDS-Client/src/c/profile/transport/ip/udp/udp_transport_posix_nopoll.c:5[m[K:
[01m[K/home/skola/microros_ws/firmware/toolchain/esp-idf/components/soc/esp32/include/soc/cpu.h:[m[K In function '[01m[Kcpu_configure_region_protection[m[K':
[01m[K/home/skola/microros_ws/firmware/toolchain/esp-idf/components/soc/esp32/include/soc/cpu.h:77:23:[m[K [01;35m[Kwarning: [m[Kcomparison of integer expressions of different signedness: '[01m[Kint[m[K' and '[01m[Kunsigned int[m[K' [[01;35m[K-Wsign-compare[m[K]
     for (int i = 0; i [01;35m[K<[m[K sizeof(pages_to_protect)/sizeof(pages_to_protect[0]); ++i) {
                       [01;35m[K^[m[K
In file included from [01m[K/home/skola/microros_ws/firmware/toolchain/esp-idf/components/lwip/port/esp32/include/lwipopts.h:38[m[K,
                 from [01m[K/home/skola/microros_ws/firmware/toolchain/esp-idf/components/lwip/lwip/src/include/lwip/opt.h:51[m[K,
                 from [01m[K/home/skola/microros_ws/firmware/toolchain/esp-idf/components/lwip/lwip/src/include/lwip/sockets.h:42[m[K,
                 from [01m[K/home/skola/microros_ws/firmware/toolchain/esp-idf/components/lwip/port/esp32/include/sys/socket.h:33[m[K,
                 from [01m[K/home/skola/Projects/int32_publisher_custom_transport/components/micro_ros_espidf_component-galactic/micro_ros_src/src/Micro-XRCE-DDS-Client/src/c/profile/discovery/transport/udp_transport_datagram_posix_nopoll.c:4[m[K:
[01m[K/home/skola/microros_ws/firmware/toolchain/esp-idf/components/newlib/platform_include/sys/time.h:16:2:[m[K [01;35m[Kwarning: [m[K#include_next is a GCC extension
 #[01;35m[Kinclude_next[m[K <sys/time.h>
  [01;35m[K^~~~~~~~~~~~[m[K
In file included from [01m[K/home/skola/microros_ws/firmware/toolchain/esp-idf/components/freertos/include/freertos/portmacro.h:82[m[K,
                 from [01m[K/home/skola/microros_ws/firmware/toolchain/esp-idf/components/freertos/include/freertos/portable.h:96[m[K,
                 from [01m[K/home/skola/microros_ws/firmware/toolchain/esp-idf/components/freertos/include/freertos/FreeRTOS.h:107[m[K,
                 from [01m[K/home/skola/microros_ws/firmware/toolchain/esp-idf/components/lwip/port/esp32/include/arch/sys_arch.h:36[m[K,
                 from [01m[K/home/skola/microros_ws/firmware/toolchain/esp-idf/components/lwip/port/esp32/include/arch/cc.h:42[m[K,
                 from [01m[K/home/skola/microros_ws/firmware/toolchain/esp-idf/components/lwip/lwip/src/include/lwip/arch.h:48[m[K,
                 from [01m[K/home/skola/microros_ws/firmware/toolchain/esp-idf/components/lwip/lwip/src/include/lwip/debug.h:40[m[K,
                 from [01m[K/home/skola/microros_ws/firmware/toolchain/esp-idf/components/lwip/lwip/src/include/lwip/opt.h:52[m[K,
                 from [01m[K/home/skola/microros_ws/firmware/toolchain/esp-idf/components/lwip/lwip/src/include/lwip/sockets.h:42[m[K,
                 from [01m[K/home/skola/microros_ws/firmware/toolchain/esp-idf/components/lwip/port/esp32/include/sys/socket.h:33[m[K,
                 from [01m[K/home/skola/Projects/int32_publisher_custom_transport/components/micro_ros_espidf_component-galactic/micro_ros_src/src/Micro-XRCE-DDS-Client/src/c/profile/transport/ip/udp/udp_transport_posix_nopoll.c:5[m[K:
[01m[K/home/skola/microros_ws/firmware/toolchain/esp-idf/components/xtensa/include/xtensa/xtruntime.h:[m[K In function '[01m[K_xtos_interrupt_enable[m[K':
[01m[K/home/skola/microros_ws/firmware/toolchain/esp-idf/components/xtensa/include/xtensa/xtruntime.h:161:21:[m[K [01;35m[Kwarning: [m[Kconversion to '[01m[Kunsigned int[m[K' from '[01m[Kint[m[K' may change the sign of the result [[01;35m[K-Wsign-conversion[m[K]
     _xtos_ints_on([01;35m[K1 << intnum[m[K);
                   [01;35m[K~~^~~~~~~~~[m[K
[01m[K/home/skola/microros_ws/firmware/toolchain/esp-idf/components/xtensa/include/xtensa/xtruntime.h:[m[K In function '[01m[K_xtos_interrupt_disable[m[K':
[01m[K/home/skola/microros_ws/firmware/toolchain/esp-idf/components/xtensa/include/xtensa/xtruntime.h:166:22:[m[K [01;35m[Kwarning: [m[Kconversion to '[01m[Kunsigned int[m[K' from '[01m[Kint[m[K' may change the sign of the result [[01;35m[K-Wsign-conversion[m[K]
     _xtos_ints_off([01;35m[K1 << intnum[m[K);
                    [01;35m[K~~^~~~~~~~~[m[K
In file included from [01m[K/home/skola/microros_ws/firmware/toolchain/esp-idf/components/freertos/include/freertos/task.h:80[m[K,
                 from [01m[K/home/skola/microros_ws/firmware/toolchain/esp-idf/components/lwip/port/esp32/include/arch/sys_arch.h:37[m[K,
                 from [01m[K/home/skola/microros_ws/firmware/toolchain/esp-idf/components/lwip/port/esp32/include/arch/cc.h:42[m[K,
                 from [01m[K/home/skola/microros_ws/firmware/toolchain/esp-idf/components/lwip/lwip/src/include/lwip/arch.h:48[m[K,
                 from [01m[K/home/skola/microros_ws/firmware/toolchain/esp-idf/components/lwip/lwip/src/include/lwip/debug.h:40[m[K,
                 from [01m[K/home/skola/microros_ws/firmware/toolchain/esp-idf/components/lwip/lwip/src/include/lwip/opt.h:52[m[K,
                 from [01m[K/home/skola/microros_ws/firmware/toolchain/esp-idf/components/lwip/lwip/src/include/lwip/sockets.h:42[m[K,
                 from [01m[K/home/skola/microros_ws/firmware/toolchain/esp-idf/components/lwip/port/esp32/include/sys/socket.h:33[m[K,
                 from [01m[K/home/skola/Projects/int32_publisher_custom_transport/components/micro_ros_espidf_component-galactic/micro_ros_src/src/Micro-XRCE-DDS-Client/src/c/profile/transport/ip/udp/udp_transport_posix_nopoll.c:5[m[K:
[01m[K/home/skola/microros_ws/firmware/toolchain/esp-idf/components/freertos/include/freertos/list.h:[m[K At top level:
[01m[K/home/skola/microros_ws/firmware/toolchain/esp-idf/components/freertos/include/freertos/list.h:194:1:[m[K [01;35m[Kwarning: [m[KISO C99 does not support '[01m[K_Static_assert[m[K' [[01;35m[K-Wpedantic[m[K]
 [01;35m[K_Static_assert[m[K(sizeof(StaticListItem_t) == sizeof(ListItem_t), "StaticListItem_t != ListItem_t");
 [01;35m[K^~~~~~~~~~~~~~[m[K
[01m[K/home/skola/microros_ws/firmware/toolchain/esp-idf/components/freertos/include/freertos/list.h:207:1:[m[K [01;35m[Kwarning: [m[KISO C99 does not support '[01m[K_Static_assert[m[K' [[01;35m[K-Wpedantic[m[K]
 [01;35m[K_Static_assert[m[K(sizeof(StaticMiniListItem_t) == sizeof(MiniListItem_t), "StaticMiniListItem_t != MiniListItem_t");
 [01;35m[K^~~~~~~~~~~~~~[m[K
[01m[K/home/skola/microros_ws/firmware/toolchain/esp-idf/components/freertos/include/freertos/list.h:224:1:[m[K [01;35m[Kwarning: [m[KISO C99 does not support '[01m[K_Static_assert[m[K' [[01;35m[K-Wpedantic[m[K]
 [01;35m[K_Static_assert[m[K(sizeof(StaticList_t) == sizeof(List_t), "StaticList_t != List_t");
 [01;35m[K^~~~~~~~~~~~~~[m[K
In file included from [01m[K/home/skola/microros_ws/firmware/toolchain/esp-idf/components/lwip/lwip/src/include/lwip/debug.h:40[m[K,
                 from [01m[K/home/skola/microros_ws/firmware/toolchain/esp-idf/components/lwip/lwip/src/include/lwip/opt.h:52[m[K,
                 from [01m[K/home/skola/microros_ws/firmware/toolchain/esp-idf/components/lwip/lwip/src/include/lwip/sockets.h:42[m[K,
                 from [01m[K/home/skola/microros_ws/firmware/toolchain/esp-idf/components/lwip/port/esp32/include/sys/socket.h:33[m[K,
                 from [01m[K/home/skola/Projects/int32_publisher_custom_transport/components/micro_ros_espidf_component-galactic/micro_ros_src/src/Micro-XRCE-DDS-Client/src/c/profile/transport/ip/udp/udp_transport_posix_nopoll.c:5[m[K:
[01m[K/home/skola/microros_ws/firmware/toolchain/esp-idf/components/lwip/lwip/src/include/lwip/arch.h:125:19:[m[K [01;35m[Kwarning: [m[Kredefinition of typedef '[01m[Ku8_t[m[K' [[01;35m[K-Wpedantic[m[K]
 typedef uint8_t   [01;35m[Ku8_t[m[K;
                   [01;35m[K^~~~[m[K
In file included from [01m[K/home/skola/microros_ws/firmware/toolchain/esp-idf/components/lwip/lwip/src/include/lwip/arch.h:48[m[K,
                 from [01m[K/home/skola/microros_ws/firmware/toolchain/esp-idf/components/lwip/lwip/src/include/lwip/debug.h:40[m[K,
                 from [01m[K/home/skola/microros_ws/firmware/toolchain/esp-idf/components/lwip/lwip/src/include/lwip/opt.h:52[m[K,
                 from [01m[K/home/skola/microros_ws/firmware/toolchain/esp-idf/components/lwip/lwip/src/include/lwip/sockets.h:42[m[K,
                 from [01m[K/home/skola/microros_ws/firmware/toolchain/esp-idf/components/lwip/port/esp32/include/sys/socket.h:33[m[K,
                 from [01m[K/home/skola/Projects/int32_publisher_custom_transport/components/micro_ros_espidf_component-galactic/micro_ros_src/src/Micro-XRCE-DDS-Client/src/c/profile/transport/ip/udp/udp_transport_posix_nopoll.c:5[m[K:
[01m[K/home/skola/microros_ws/firmware/toolchain/esp-idf/components/lwip/port/esp32/include/arch/cc.h:48:18:[m[K [01;36m[Knote: [m[Kprevious declaration of '[01m[Ku8_t[m[K' was here
 typedef uint8_t  [01;36m[Ku8_t[m[K;
                  [01;36m[K^~~~[m[K
In file included from [01m[K/home/skola/microros_ws/firmware/toolchain/esp-idf/components/lwip/lwip/src/include/lwip/debug.h:40[m[K,
                 from [01m[K/home/skola/microros_ws/firmware/toolchain/esp-idf/components/lwip/lwip/src/include/lwip/opt.h:52[m[K,
                 from [01m[K/home/skola/microros_ws/firmware/toolchain/esp-idf/components/lwip/lwip/src/include/lwip/sockets.h:42[m[K,
                 from [01m[K/home/skola/microros_ws/firmware/toolchain/esp-idf/components/lwip/port/esp32/include/sys/socket.h:33[m[K,
                 from [01m[K/home/skola/Projects/int32_publisher_custom_transport/components/micro_ros_espidf_component-galactic/micro_ros_src/src/Micro-XRCE-DDS-Client/src/c/profile/transport/ip/udp/udp_transport_posix_nopoll.c:5[m[K:
[01m[K/home/skola/microros_ws/firmware/toolchain/esp-idf/components/lwip/lwip/src/include/lwip/arch.h:126:19:[m[K [01;35m[Kwarning: [m[Kredefinition of typedef '[01m[Ks8_t[m[K' [[01;35m[K-Wpedantic[m[K]
 typedef int8_t    [01;35m[Ks8_t[m[K;
                   [01;35m[K^~~~[m[K
In file included from [01m[K/home/skola/microros_ws/firmware/toolchain/esp-idf/components/lwip/lwip/src/include/lwip/arch.h:48[m[K,
                 from [01m[K/home/skola/microros_ws/firmware/toolchain/esp-idf/components/lwip/lwip/src/include/lwip/debug.h:40[m[K,
                 from [01m[K/home/skola/microros_ws/firmware/toolchain/esp-idf/components/lwip/lwip/src/include/lwip/opt.h:52[m[K,
                 from [01m[K/home/skola/microros_ws/firmware/toolchain/esp-idf/components/lwip/lwip/src/include/lwip/sockets.h:42[m[K,
                 from [01m[K/home/skola/microros_ws/firmware/toolchain/esp-idf/components/lwip/port/esp32/include/sys/socket.h:33[m[K,
                 from [01m[K/home/skola/Projects/int32_publisher_custom_transport/components/micro_ros_espidf_component-galactic/micro_ros_src/src/Micro-XRCE-DDS-Client/src/c/profile/transport/ip/udp/udp_transport_posix_nopoll.c:5[m[K:
[01m[K/home/skola/microros_ws/firmware/toolchain/esp-idf/components/lwip/port/esp32/include/arch/cc.h:49:18:[m[K [01;36m[Knote: [m[Kprevious declaration of '[01m[Ks8_t[m[K' was here
 typedef int8_t   [01;36m[Ks8_t[m[K;
                  [01;36m[K^~~~[m[K
In file included from [01m[K/home/skola/microros_ws/firmware/toolchain/esp-idf/components/lwip/lwip/src/include/lwip/debug.h:40[m[K,
                 from [01m[K/home/skola/microros_ws/firmware/toolchain/esp-idf/components/lwip/lwip/src/include/lwip/opt.h:52[m[K,
                 from [01m[K/home/skola/microros_ws/firmware/toolchain/esp-idf/components/lwip/lwip/src/include/lwip/sockets.h:42[m[K,
                 from [01m[K/home/skola/microros_ws/firmware/toolchain/esp-idf/components/lwip/port/esp32/include/sys/socket.h:33[m[K,
                 from [01m[K/home/skola/Projects/int32_publisher_custom_transport/components/micro_ros_espidf_component-galactic/micro_ros_src/src/Micro-XRCE-DDS-Client/src/c/profile/transport/ip/udp/udp_transport_posix_nopoll.c:5[m[K:
[01m[K/home/skola/microros_ws/firmware/toolchain/esp-idf/components/lwip/lwip/src/include/lwip/arch.h:127:19:[m[K [01;35m[Kwarning: [m[Kredefinition of typedef '[01m[Ku16_t[m[K' [[01;35m[K-Wpedantic[m[K]
 typedef uint16_t  [01;35m[Ku16_t[m[K;
                   [01;35m[K^~~~~[m[K
In file included from [01m[K/home/skola/microros_ws/firmware/toolchain/esp-idf/components/lwip/lwip/src/include/lwip/arch.h:48[m[K,
                 from [01m[K/home/skola/microros_ws/firmware/toolchain/esp-idf/components/lwip/lwip/src/include/lwip/debug.h:40[m[K,
                 from [01m[K/home/skola/microros_ws/firmware/toolchain/esp-idf/components/lwip/lwip/src/include/lwip/opt.h:52[m[K,
                 from [01m[K/home/skola/microros_ws/firmware/toolchain/esp-idf/components/lwip/lwip/src/include/lwip/sockets.h:42[m[K,
                 from [01m[K/home/skola/microros_ws/firmware/toolchain/esp-idf/components/lwip/port/esp32/include/sys/socket.h:33[m[K,
                 from [01m[K/home/skola/Projects/int32_publisher_custom_transport/components/micro_ros_espidf_component-galactic/micro_ros_src/src/Micro-XRCE-DDS-Client/src/c/profile/transport/ip/udp/udp_transport_posix_nopoll.c:5[m[K:
[01m[K/home/skola/microros_ws/firmware/toolchain/esp-idf/components/lwip/port/esp32/include/arch/cc.h:50:18:[m[K [01;36m[Knote: [m[Kprevious declaration of '[01m[Ku16_t[m[K' was here
 typedef uint16_t [01;36m[Ku16_t[m[K;
                  [01;36m[K^~~~~[m[K
In file included from [01m[K/home/skola/microros_ws/firmware/toolchain/esp-idf/components/lwip/lwip/src/include/lwip/debug.h:40[m[K,
                 from [01m[K/home/skola/microros_ws/firmware/toolchain/esp-idf/components/lwip/lwip/src/include/lwip/opt.h:52[m[K,
                 from [01m[K/home/skola/microros_ws/firmware/toolchain/esp-idf/components/lwip/lwip/src/include/lwip/sockets.h:42[m[K,
                 from [01m[K/home/skola/microros_ws/firmware/toolchain/esp-idf/components/lwip/port/esp32/include/sys/socket.h:33[m[K,
                 from [01m[K/home/skola/Projects/int32_publisher_custom_transport/components/micro_ros_espidf_component-galactic/micro_ros_src/src/Micro-XRCE-DDS-Client/src/c/profile/transport/ip/udp/udp_transport_posix_nopoll.c:5[m[K:
[01m[K/home/skola/microros_ws/firmware/toolchain/esp-idf/components/lwip/lwip/src/include/lwip/arch.h:128:19:[m[K [01;35m[Kwarning: [m[Kredefinition of typedef '[01m[Ks16_t[m[K' [[01;35m[K-Wpedantic[m[K]
 typedef int16_t   [01;35m[Ks16_t[m[K;
                   [01;35m[K^~~~~[m[K
In file included from [01m[K/home/skola/microros_ws/firmware/toolchain/esp-idf/components/lwip/lwip/src/include/lwip/arch.h:48[m[K,
                 from [01m[K/home/skola/microros_ws/firmware/toolchain/esp-idf/components/lwip/lwip/src/include/lwip/debug.h:40[m[K,
                 from [01m[K/home/skola/microros_ws/firmware/toolchain/esp-idf/components/lwip/lwip/src/include/lwip/opt.h:52[m[K,
                 from [01m[K/home/skola/microros_ws/firmware/toolchain/esp-idf/components/lwip/lwip/src/include/lwip/sockets.h:42[m[K,
                 from [01m[K/home/skola/microros_ws/firmware/toolchain/esp-idf/components/lwip/port/esp32/include/sys/socket.h:33[m[K,
                 from [01m[K/home/skola/Projects/int32_publisher_custom_transport/components/micro_ros_espidf_component-galactic/micro_ros_src/src/Micro-XRCE-DDS-Client/src/c/profile/transport/ip/udp/udp_transport_posix_nopoll.c:5[m[K:
[01m[K/home/skola/microros_ws/firmware/toolchain/esp-idf/components/lwip/port/esp32/include/arch/cc.h:51:18:[m[K [01;36m[Knote: [m[Kprevious declaration of '[01m[Ks16_t[m[K' was here
 typedef int16_t  [01;36m[Ks16_t[m[K;
                  [01;36m[K^~~~~[m[K
In file included from [01m[K/home/skola/microros_ws/firmware/toolchain/esp-idf/components/lwip/lwip/src/include/lwip/debug.h:40[m[K,
                 from [01m[K/home/skola/microros_ws/firmware/toolchain/esp-idf/components/lwip/lwip/src/include/lwip/opt.h:52[m[K,
                 from [01m[K/home/skola/microros_ws/firmware/toolchain/esp-idf/components/lwip/lwip/src/include/lwip/sockets.h:42[m[K,
                 from [01m[K/home/skola/microros_ws/firmware/toolchain/esp-idf/components/lwip/port/esp32/include/sys/socket.h:33[m[K,
                 from [01m[K/home/skola/Projects/int32_publisher_custom_transport/components/micro_ros_espidf_component-galactic/micro_ros_src/src/Micro-XRCE-DDS-Client/src/c/profile/transport/ip/udp/udp_transport_posix_nopoll.c:5[m[K:
[01m[K/home/skola/microros_ws/firmware/toolchain/esp-idf/components/lwip/lwip/src/include/lwip/arch.h:129:19:[m[K [01;35m[Kwarning: [m[Kredefinition of typedef '[01m[Ku32_t[m[K' [[01;35m[K-Wpedantic[m[K]
 typedef uint32_t  [01;35m[Ku32_t[m[K;
                   [01;35m[K^~~~~[m[K
In file included from [01m[K/home/skola/microros_ws/firmware/toolchain/esp-idf/components/lwip/lwip/src/include/lwip/arch.h:48[m[K,
                 from [01m[K/home/skola/microros_ws/firmware/toolchain/esp-idf/components/lwip/lwip/src/include/lwip/debug.h:40[m[K,
                 from [01m[K/home/skola/microros_ws/firmware/toolchain/esp-idf/components/lwip/lwip/src/include/lwip/opt.h:52[m[K,
                 from [01m[K/home/skola/microros_ws/firmware/toolchain/esp-idf/components/lwip/lwip/src/include/lwip/sockets.h:42[m[K,
                 from [01m[K/home/skola/microros_ws/firmware/toolchain/esp-idf/components/lwip/port/esp32/include/sys/socket.h:33[m[K,
                 from [01m[K/home/skola/Projects/int32_publisher_custom_transport/components/micro_ros_espidf_component-galactic/micro_ros_src/src/Micro-XRCE-DDS-Client/src/c/profile/transport/ip/udp/udp_transport_posix_nopoll.c:5[m[K:
[01m[K/home/skola/microros_ws/firmware/toolchain/esp-idf/components/lwip/port/esp32/include/arch/cc.h:52:18:[m[K [01;36m[Knote: [m[Kprevious declaration of '[01m[Ku32_t[m[K' was here
 typedef uint32_t [01;36m[Ku32_t[m[K;
                  [01;36m[K^~~~~[m[K
In file included from [01m[K/home/skola/microros_ws/firmware/toolchain/esp-idf/components/lwip/lwip/src/include/lwip/debug.h:40[m[K,
                 from [01m[K/home/skola/microros_ws/firmware/toolchain/esp-idf/components/lwip/lwip/src/include/lwip/opt.h:52[m[K,
                 from [01m[K/home/skola/microros_ws/firmware/toolchain/esp-idf/components/lwip/lwip/src/include/lwip/sockets.h:42[m[K,
                 from [01m[K/home/skola/microros_ws/firmware/toolchain/esp-idf/components/lwip/port/esp32/include/sys/socket.h:33[m[K,
                 from [01m[K/home/skola/Projects/int32_publisher_custom_transport/components/micro_ros_espidf_component-galactic/micro_ros_src/src/Micro-XRCE-DDS-Client/src/c/profile/transport/ip/udp/udp_transport_posix_nopoll.c:5[m[K:
[01m[K/home/skola/microros_ws/firmware/toolchain/esp-idf/components/lwip/lwip/src/include/lwip/arch.h:130:19:[m[K [01;35m[Kwarning: [m[Kredefinition of typedef '[01m[Ks32_t[m[K' [[01;35m[K-Wpedantic[m[K]
 typedef int32_t   [01;35m[Ks32_t[m[K;
                   [01;35m[K^~~~~[m[K
In file included from [01m[K/home/skola/microros_ws/firmware/toolchain/esp-idf/components/lwip/lwip/src/include/lwip/arch.h:48[m[K,
                 from [01m[K/home/skola/microros_ws/firmware/toolchain/esp-idf/components/lwip/lwip/src/include/lwip/debug.h:40[m[K,
                 from [01m[K/home/skola/microros_ws/firmware/toolchain/esp-idf/components/lwip/lwip/src/include/lwip/opt.h:52[m[K,
                 from [01m[K/home/skola/microros_ws/firmware/toolchain/esp-idf/components/lwip/lwip/src/include/lwip/sockets.h:42[m[K,
                 from [01m[K/home/skola/microros_ws/firmware/toolchain/esp-idf/components/lwip/port/esp32/include/sys/socket.h:33[m[K,
                 from [01m[K/home/skola/Projects/int32_publisher_custom_transport/components/micro_ros_espidf_component-galactic/micro_ros_src/src/Micro-XRCE-DDS-Client/src/c/profile/transport/ip/udp/udp_transport_posix_nopoll.c:5[m[K:
[01m[K/home/skola/microros_ws/firmware/toolchain/esp-idf/components/lwip/port/esp32/include/arch/cc.h:53:18:[m[K [01;36m[Knote: [m[Kprevious declaration of '[01m[Ks32_t[m[K' was here
 typedef int32_t  [01;36m[Ks32_t[m[K;
                  [01;36m[K^~~~~[m[K
In file included from [01m[K/home/skola/microros_ws/firmware/toolchain/esp-idf/components/esp_common/include/esp_err.h:18[m[K,
                 from [01m[K/home/skola/microros_ws/firmware/toolchain/esp-idf/components/esp_common/include/esp_system.h:20[m[K,
                 from [01m[K/home/skola/microros_ws/firmware/toolchain/esp-idf/components/lwip/port/esp32/include/lwipopts.h:44[m[K,
                 from [01m[K/home/skola/microros_ws/firmware/toolchain/esp-idf/components/lwip/lwip/src/include/lwip/opt.h:51[m[K,
                 from [01m[K/home/skola/microros_ws/firmware/toolchain/esp-idf/components/lwip/lwip/src/include/lwip/sockets.h:42[m[K,
                 from [01m[K/home/skola/microros_ws/firmware/toolchain/esp-idf/components/lwip/port/esp32/include/sys/socket.h:33[m[K,
                 from [01m[K/home/skola/Projects/int32_publisher_custom_transport/components/micro_ros_espidf_component-galactic/micro_ros_src/src/Micro-XRCE-DDS-Client/src/c/profile/discovery/transport/udp_transport_datagram_posix_nopoll.c:4[m[K:
[01m[K/home/skola/microros_ws/firmware/toolchain/esp-idf/components/newlib/platform_include/assert.h:24:2:[m[K [01;35m[Kwarning: [m[K#include_next is a GCC extension
 #[01;35m[Kinclude_next[m[K <assert.h>
  [01;35m[K^~~~~~~~~~~~[m[K
In file included from [01m[K/home/skola/microros_ws/firmware/toolchain/esp-idf/components/lwip/port/esp32/include/arch/cc.h:38[m[K,
                 from [01m[K/home/skola/microros_ws/firmware/toolchain/esp-idf/components/lwip/lwip/src/include/lwip/arch.h:48[m[K,
                 from [01m[K/home/skola/microros_ws/firmware/toolchain/esp-idf/components/lwip/lwip/src/include/lwip/debug.h:40[m[K,
                 from [01m[K/home/skola/microros_ws/firmware/toolchain/esp-idf/components/lwip/lwip/src/include/lwip/opt.h:52[m[K,
                 from [01m[K/home/skola/microros_ws/firmware/toolchain/esp-idf/components/lwip/lwip/src/include/lwip/sockets.h:42[m[K,
                 from [01m[K/home/skola/microros_ws/firmware/toolchain/esp-idf/components/lwip/port/esp32/include/sys/socket.h:33[m[K,
                 from [01m[K/home/skola/Projects/int32_publisher_custom_transport/components/micro_ros_espidf_component-galactic/micro_ros_src/src/Micro-XRCE-DDS-Client/src/c/profile/discovery/transport/udp_transport_datagram_posix_nopoll.c:4[m[K:
[01m[K/home/skola/microros_ws/firmware/toolchain/esp-idf/components/newlib/platform_include/errno.h:18:2:[m[K [01;35m[Kwarning: [m[K#include_next is a GCC extension
 #[01;35m[Kinclude_next[m[K "errno.h"
  [01;35m[K^~~~~~~~~~~~[m[K
In file included from [01m[K/home/skola/microros_ws/firmware/toolchain/esp-idf/components/freertos/include/freertos/portable.h:89[m[K,
                 from [01m[K/home/skola/microros_ws/firmware/toolchain/esp-idf/components/freertos/include/freertos/FreeRTOS.h:107[m[K,
                 from [01m[K/home/skola/microros_ws/firmware/toolchain/esp-idf/components/lwip/port/esp32/include/arch/sys_arch.h:36[m[K,
                 from [01m[K/home/skola/microros_ws/firmware/toolchain/esp-idf/components/lwip/port/esp32/include/arch/cc.h:42[m[K,
                 from [01m[K/home/skola/microros_ws/firmware/toolchain/esp-idf/components/lwip/lwip/src/include/lwip/arch.h:48[m[K,
                 from [01m[K/home/skola/microros_ws/firmware/toolchain/esp-idf/components/lwip/lwip/src/include/lwip/debug.h:40[m[K,
                 from [01m[K/home/skola/microros_ws/firmware/toolchain/esp-idf/components/lwip/lwip/src/include/lwip/opt.h:52[m[K,
                 from [01m[K/home/skola/microros_ws/firmware/toolchain/esp-idf/components/lwip/lwip/src/include/lwip/sockets.h:42[m[K,
                 from [01m[K/home/skola/microros_ws/firmware/toolchain/esp-idf/components/lwip/port/esp32/include/sys/socket.h:33[m[K,
                 from [01m[K/home/skola/Projects/int32_publisher_custom_transport/components/micro_ros_espidf_component-galactic/micro_ros_src/src/Micro-XRCE-DDS-Client/src/c/profile/discovery/transport/udp_transport_datagram_posix_nopoll.c:4[m[K:
[01m[K/home/skola/microros_ws/firmware/toolchain/esp-idf/components/soc/esp32/include/soc/cpu.h:[m[K In function '[01m[Kcpu_configure_region_protection[m[K':
[01m[K/home/skola/microros_ws/firmware/toolchain/esp-idf/components/soc/esp32/include/soc/cpu.h:77:23:[m[K [01;35m[Kwarning: [m[Kcomparison of integer expressions of different signedness: '[01m[Kint[m[K' and '[01m[Kunsigned int[m[K' [[01;35m[K-Wsign-compare[m[K]
     for (int i = 0; i [01;35m[K<[m[K sizeof(pages_to_protect)/sizeof(pages_to_protect[0]); ++i) {
                       [01;35m[K^[m[K
In file included from [01m[K/home/skola/microros_ws/firmware/toolchain/esp-idf/components/freertos/include/freertos/portmacro.h:82[m[K,
                 from [01m[K/home/skola/microros_ws/firmware/toolchain/esp-idf/components/freertos/include/freertos/portable.h:96[m[K,
                 from [01m[K/home/skola/microros_ws/firmware/toolchain/esp-idf/components/freertos/include/freertos/FreeRTOS.h:107[m[K,
                 from [01m[K/home/skola/microros_ws/firmware/toolchain/esp-idf/components/lwip/port/esp32/include/arch/sys_arch.h:36[m[K,
                 from [01m[K/home/skola/microros_ws/firmware/toolchain/esp-idf/components/lwip/port/esp32/include/arch/cc.h:42[m[K,
                 from [01m[K/home/skola/microros_ws/firmware/toolchain/esp-idf/components/lwip/lwip/src/include/lwip/arch.h:48[m[K,
                 from [01m[K/home/skola/microros_ws/firmware/toolchain/esp-idf/components/lwip/lwip/src/include/lwip/debug.h:40[m[K,
                 from [01m[K/home/skola/microros_ws/firmware/toolchain/esp-idf/components/lwip/lwip/src/include/lwip/opt.h:52[m[K,
                 from [01m[K/home/skola/microros_ws/firmware/toolchain/esp-idf/components/lwip/lwip/src/include/lwip/sockets.h:42[m[K,
                 from [01m[K/home/skola/microros_ws/firmware/toolchain/esp-idf/components/lwip/port/esp32/include/sys/socket.h:33[m[K,
                 from [01m[K/home/skola/Projects/int32_publisher_custom_transport/components/micro_ros_espidf_component-galactic/micro_ros_src/src/Micro-XRCE-DDS-Client/src/c/profile/discovery/transport/udp_transport_datagram_posix_nopoll.c:4[m[K:
[01m[K/home/skola/microros_ws/firmware/toolchain/esp-idf/components/xtensa/include/xtensa/xtruntime.h:[m[K In function '[01m[K_xtos_interrupt_enable[m[K':
[01m[K/home/skola/microros_ws/firmware/toolchain/esp-idf/components/xtensa/include/xtensa/xtruntime.h:161:21:[m[K [01;35m[Kwarning: [m[Kconversion to '[01m[Kunsigned int[m[K' from '[01m[Kint[m[K' may change the sign of the result [[01;35m[K-Wsign-conversion[m[K]
     _xtos_ints_on([01;35m[K1 << intnum[m[K);
                   [01;35m[K~~^~~~~~~~~[m[K
[01m[K/home/skola/microros_ws/firmware/toolchain/esp-idf/components/xtensa/include/xtensa/xtruntime.h:[m[K In function '[01m[K_xtos_interrupt_disable[m[K':
[01m[K/home/skola/microros_ws/firmware/toolchain/esp-idf/components/xtensa/include/xtensa/xtruntime.h:166:22:[m[K [01;35m[Kwarning: [m[Kconversion to '[01m[Kunsigned int[m[K' from '[01m[Kint[m[K' may change the sign of the result [[01;35m[K-Wsign-conversion[m[K]
     _xtos_ints_off([01;35m[K1 << intnum[m[K);
                    [01;35m[K~~^~~~~~~~~[m[K
In file included from [01m[K/home/skola/microros_ws/firmware/toolchain/esp-idf/components/freertos/include/freertos/task.h:80[m[K,
                 from [01m[K/home/skola/microros_ws/firmware/toolchain/esp-idf/components/lwip/port/esp32/include/arch/sys_arch.h:37[m[K,
                 from [01m[K/home/skola/microros_ws/firmware/toolchain/esp-idf/components/lwip/port/esp32/include/arch/cc.h:42[m[K,
                 from [01m[K/home/skola/microros_ws/firmware/toolchain/esp-idf/components/lwip/lwip/src/include/lwip/arch.h:48[m[K,
                 from [01m[K/home/skola/microros_ws/firmware/toolchain/esp-idf/components/lwip/lwip/src/include/lwip/debug.h:40[m[K,
                 from [01m[K/home/skola/microros_ws/firmware/toolchain/esp-idf/components/lwip/lwip/src/include/lwip/opt.h:52[m[K,
                 from [01m[K/home/skola/microros_ws/firmware/toolchain/esp-idf/components/lwip/lwip/src/include/lwip/sockets.h:42[m[K,
                 from [01m[K/home/skola/microros_ws/firmware/toolchain/esp-idf/components/lwip/port/esp32/include/sys/socket.h:33[m[K,
                 from [01m[K/home/skola/Projects/int32_publisher_custom_transport/components/micro_ros_espidf_component-galactic/micro_ros_src/src/Micro-XRCE-DDS-Client/src/c/profile/discovery/transport/udp_transport_datagram_posix_nopoll.c:4[m[K:
[01m[K/home/skola/microros_ws/firmware/toolchain/esp-idf/components/freertos/include/freertos/list.h:[m[K At top level:
[01m[K/home/skola/microros_ws/firmware/toolchain/esp-idf/components/freertos/include/freertos/list.h:194:1:[m[K [01;35m[Kwarning: [m[KISO C99 does not support '[01m[K_Static_assert[m[K' [[01;35m[K-Wpedantic[m[K]
 [01;35m[K_Static_assert[m[K(sizeof(StaticListItem_t) == sizeof(ListItem_t), "StaticListItem_t != ListItem_t");
 [01;35m[K^~~~~~~~~~~~~~[m[K
[01m[K/home/skola/microros_ws/firmware/toolchain/esp-idf/components/freertos/include/freertos/list.h:207:1:[m[K [01;35m[Kwarning: [m[KISO C99 does not support '[01m[K_Static_assert[m[K' [[01;35m[K-Wpedantic[m[K]
 [01;35m[K_Static_assert[m[K(sizeof(StaticMiniListItem_t) == sizeof(MiniListItem_t), "StaticMiniListItem_t != MiniListItem_t");
 [01;35m[K^~~~~~~~~~~~~~[m[K
[01m[K/home/skola/microros_ws/firmware/toolchain/esp-idf/components/freertos/include/freertos/list.h:224:1:[m[K [01;35m[Kwarning: [m[KISO C99 does not support '[01m[K_Static_assert[m[K' [[01;35m[K-Wpedantic[m[K]
 [01;35m[K_Static_assert[m[K(sizeof(StaticList_t) == sizeof(List_t), "StaticList_t != List_t");
 [01;35m[K^~~~~~~~~~~~~~[m[K
In file included from [01m[K/home/skola/microros_ws/firmware/toolchain/esp-idf/components/lwip/lwip/src/include/lwip/debug.h:40[m[K,
                 from [01m[K/home/skola/microros_ws/firmware/toolchain/esp-idf/components/lwip/lwip/src/include/lwip/opt.h:52[m[K,
                 from [01m[K/home/skola/microros_ws/firmware/toolchain/esp-idf/components/lwip/lwip/src/include/lwip/sockets.h:42[m[K,
                 from [01m[K/home/skola/microros_ws/firmware/toolchain/esp-idf/components/lwip/port/esp32/include/sys/socket.h:33[m[K,
                 from [01m[K/home/skola/Projects/int32_publisher_custom_transport/components/micro_ros_espidf_component-galactic/micro_ros_src/src/Micro-XRCE-DDS-Client/src/c/profile/discovery/transport/udp_transport_datagram_posix_nopoll.c:4[m[K:
[01m[K/home/skola/microros_ws/firmware/toolchain/esp-idf/components/lwip/lwip/src/include/lwip/arch.h:125:19:[m[K [01;35m[Kwarning: [m[Kredefinition of typedef '[01m[Ku8_t[m[K' [[01;35m[K-Wpedantic[m[K]
 typedef uint8_t   [01;35m[Ku8_t[m[K;
                   [01;35m[K^~~~[m[K
In file included from [01m[K/home/skola/microros_ws/firmware/toolchain/esp-idf/components/lwip/lwip/src/include/lwip/arch.h:48[m[K,
                 from [01m[K/home/skola/microros_ws/firmware/toolchain/esp-idf/components/lwip/lwip/src/include/lwip/debug.h:40[m[K,
                 from [01m[K/home/skola/microros_ws/firmware/toolchain/esp-idf/components/lwip/lwip/src/include/lwip/opt.h:52[m[K,
                 from [01m[K/home/skola/microros_ws/firmware/toolchain/esp-idf/components/lwip/lwip/src/include/lwip/sockets.h:42[m[K,
                 from [01m[K/home/skola/microros_ws/firmware/toolchain/esp-idf/components/lwip/port/esp32/include/sys/socket.h:33[m[K,
                 from [01m[K/home/skola/Projects/int32_publisher_custom_transport/components/micro_ros_espidf_component-galactic/micro_ros_src/src/Micro-XRCE-DDS-Client/src/c/profile/discovery/transport/udp_transport_datagram_posix_nopoll.c:4[m[K:
[01m[K/home/skola/microros_ws/firmware/toolchain/esp-idf/components/lwip/port/esp32/include/arch/cc.h:48:18:[m[K [01;36m[Knote: [m[Kprevious declaration of '[01m[Ku8_t[m[K' was here
 typedef uint8_t  [01;36m[Ku8_t[m[K;
                  [01;36m[K^~~~[m[K
In file included from [01m[K/home/skola/microros_ws/firmware/toolchain/esp-idf/components/lwip/lwip/src/include/lwip/debug.h:40[m[K,
                 from [01m[K/home/skola/microros_ws/firmware/toolchain/esp-idf/components/lwip/lwip/src/include/lwip/opt.h:52[m[K,
                 from [01m[K/home/skola/microros_ws/firmware/toolchain/esp-idf/components/lwip/lwip/src/include/lwip/sockets.h:42[m[K,
                 from [01m[K/home/skola/microros_ws/firmware/toolchain/esp-idf/components/lwip/port/esp32/include/sys/socket.h:33[m[K,
                 from [01m[K/home/skola/Projects/int32_publisher_custom_transport/components/micro_ros_espidf_component-galactic/micro_ros_src/src/Micro-XRCE-DDS-Client/src/c/profile/discovery/transport/udp_transport_datagram_posix_nopoll.c:4[m[K:
[01m[K/home/skola/microros_ws/firmware/toolchain/esp-idf/components/lwip/lwip/src/include/lwip/arch.h:126:19:[m[K [01;35m[Kwarning: [m[Kredefinition of typedef '[01m[Ks8_t[m[K' [[01;35m[K-Wpedantic[m[K]
 typedef int8_t    [01;35m[Ks8_t[m[K;
                   [01;35m[K^~~~[m[K
In file included from [01m[K/home/skola/microros_ws/firmware/toolchain/esp-idf/components/lwip/lwip/src/include/lwip/arch.h:48[m[K,
                 from [01m[K/home/skola/microros_ws/firmware/toolchain/esp-idf/components/lwip/lwip/src/include/lwip/debug.h:40[m[K,
                 from [01m[K/home/skola/microros_ws/firmware/toolchain/esp-idf/components/lwip/lwip/src/include/lwip/opt.h:52[m[K,
                 from [01m[K/home/skola/microros_ws/firmware/toolchain/esp-idf/components/lwip/lwip/src/include/lwip/sockets.h:42[m[K,
                 from [01m[K/home/skola/microros_ws/firmware/toolchain/esp-idf/components/lwip/port/esp32/include/sys/socket.h:33[m[K,
                 from [01m[K/home/skola/Projects/int32_publisher_custom_transport/components/micro_ros_espidf_component-galactic/micro_ros_src/src/Micro-XRCE-DDS-Client/src/c/profile/discovery/transport/udp_transport_datagram_posix_nopoll.c:4[m[K:
[01m[K/home/skola/microros_ws/firmware/toolchain/esp-idf/components/lwip/port/esp32/include/arch/cc.h:49:18:[m[K [01;36m[Knote: [m[Kprevious declaration of '[01m[Ks8_t[m[K' was here
 typedef int8_t   [01;36m[Ks8_t[m[K;
                  [01;36m[K^~~~[m[K
In file included from [01m[K/home/skola/microros_ws/firmware/toolchain/esp-idf/components/lwip/lwip/src/include/lwip/debug.h:40[m[K,
                 from [01m[K/home/skola/microros_ws/firmware/toolchain/esp-idf/components/lwip/lwip/src/include/lwip/opt.h:52[m[K,
                 from [01m[K/home/skola/microros_ws/firmware/toolchain/esp-idf/components/lwip/lwip/src/include/lwip/sockets.h:42[m[K,
                 from [01m[K/home/skola/microros_ws/firmware/toolchain/esp-idf/components/lwip/port/esp32/include/sys/socket.h:33[m[K,
                 from [01m[K/home/skola/Projects/int32_publisher_custom_transport/components/micro_ros_espidf_component-galactic/micro_ros_src/src/Micro-XRCE-DDS-Client/src/c/profile/discovery/transport/udp_transport_datagram_posix_nopoll.c:4[m[K:
[01m[K/home/skola/microros_ws/firmware/toolchain/esp-idf/components/lwip/lwip/src/include/lwip/arch.h:127:19:[m[K [01;35m[Kwarning: [m[Kredefinition of typedef '[01m[Ku16_t[m[K' [[01;35m[K-Wpedantic[m[K]
 typedef uint16_t  [01;35m[Ku16_t[m[K;
                   [01;35m[K^~~~~[m[K
In file included from [01m[K/home/skola/microros_ws/firmware/toolchain/esp-idf/components/lwip/lwip/src/include/lwip/arch.h:48[m[K,
                 from [01m[K/home/skola/microros_ws/firmware/toolchain/esp-idf/components/lwip/lwip/src/include/lwip/debug.h:40[m[K,
                 from [01m[K/home/skola/microros_ws/firmware/toolchain/esp-idf/components/lwip/lwip/src/include/lwip/opt.h:52[m[K,
                 from [01m[K/home/skola/microros_ws/firmware/toolchain/esp-idf/components/lwip/lwip/src/include/lwip/sockets.h:42[m[K,
                 from [01m[K/home/skola/microros_ws/firmware/toolchain/esp-idf/components/lwip/port/esp32/include/sys/socket.h:33[m[K,
                 from [01m[K/home/skola/Projects/int32_publisher_custom_transport/components/micro_ros_espidf_component-galactic/micro_ros_src/src/Micro-XRCE-DDS-Client/src/c/profile/discovery/transport/udp_transport_datagram_posix_nopoll.c:4[m[K:
[01m[K/home/skola/microros_ws/firmware/toolchain/esp-idf/components/lwip/port/esp32/include/arch/cc.h:50:18:[m[K [01;36m[Knote: [m[Kprevious declaration of '[01m[Ku16_t[m[K' was here
 typedef uint16_t [01;36m[Ku16_t[m[K;
                  [01;36m[K^~~~~[m[K
In file included from [01m[K/home/skola/microros_ws/firmware/toolchain/esp-idf/components/lwip/lwip/src/include/lwip/debug.h:40[m[K,
                 from [01m[K/home/skola/microros_ws/firmware/toolchain/esp-idf/components/lwip/lwip/src/include/lwip/opt.h:52[m[K,
                 from [01m[K/home/skola/microros_ws/firmware/toolchain/esp-idf/components/lwip/lwip/src/include/lwip/sockets.h:42[m[K,
                 from [01m[K/home/skola/microros_ws/firmware/toolchain/esp-idf/components/lwip/port/esp32/include/sys/socket.h:33[m[K,
                 from [01m[K/home/skola/Projects/int32_publisher_custom_transport/components/micro_ros_espidf_component-galactic/micro_ros_src/src/Micro-XRCE-DDS-Client/src/c/profile/discovery/transport/udp_transport_datagram_posix_nopoll.c:4[m[K:
[01m[K/home/skola/microros_ws/firmware/toolchain/esp-idf/components/lwip/lwip/src/include/lwip/arch.h:128:19:[m[K [01;35m[Kwarning: [m[Kredefinition of typedef '[01m[Ks16_t[m[K' [[01;35m[K-Wpedantic[m[K]
 typedef int16_t   [01;35m[Ks16_t[m[K;
                   [01;35m[K^~~~~[m[K
In file included from [01m[K/home/skola/microros_ws/firmware/toolchain/esp-idf/components/lwip/lwip/src/include/lwip/arch.h:48[m[K,
                 from [01m[K/home/skola/microros_ws/firmware/toolchain/esp-idf/components/lwip/lwip/src/include/lwip/debug.h:40[m[K,
                 from [01m[K/home/skola/microros_ws/firmware/toolchain/esp-idf/components/lwip/lwip/src/include/lwip/opt.h:52[m[K,
                 from [01m[K/home/skola/microros_ws/firmware/toolchain/esp-idf/components/lwip/lwip/src/include/lwip/sockets.h:42[m[K,
                 from [01m[K/home/skola/microros_ws/firmware/toolchain/esp-idf/components/lwip/port/esp32/include/sys/socket.h:33[m[K,
                 from [01m[K/home/skola/Projects/int32_publisher_custom_transport/components/micro_ros_espidf_component-galactic/micro_ros_src/src/Micro-XRCE-DDS-Client/src/c/profile/discovery/transport/udp_transport_datagram_posix_nopoll.c:4[m[K:
[01m[K/home/skola/microros_ws/firmware/toolchain/esp-idf/components/lwip/port/esp32/include/arch/cc.h:51:18:[m[K [01;36m[Knote: [m[Kprevious declaration of '[01m[Ks16_t[m[K' was here
 typedef int16_t  [01;36m[Ks16_t[m[K;
                  [01;36m[K^~~~~[m[K
In file included from [01m[K/home/skola/microros_ws/firmware/toolchain/esp-idf/components/lwip/lwip/src/include/lwip/debug.h:40[m[K,
                 from [01m[K/home/skola/microros_ws/firmware/toolchain/esp-idf/components/lwip/lwip/src/include/lwip/opt.h:52[m[K,
                 from [01m[K/home/skola/microros_ws/firmware/toolchain/esp-idf/components/lwip/lwip/src/include/lwip/sockets.h:42[m[K,
                 from [01m[K/home/skola/microros_ws/firmware/toolchain/esp-idf/components/lwip/port/esp32/include/sys/socket.h:33[m[K,
                 from [01m[K/home/skola/Projects/int32_publisher_custom_transport/components/micro_ros_espidf_component-galactic/micro_ros_src/src/Micro-XRCE-DDS-Client/src/c/profile/discovery/transport/udp_transport_datagram_posix_nopoll.c:4[m[K:
[01m[K/home/skola/microros_ws/firmware/toolchain/esp-idf/components/lwip/lwip/src/include/lwip/arch.h:129:19:[m[K [01;35m[Kwarning: [m[Kredefinition of typedef '[01m[Ku32_t[m[K' [[01;35m[K-Wpedantic[m[K]
 typedef uint32_t  [01;35m[Ku32_t[m[K;
                   [01;35m[K^~~~~[m[K
In file included from [01m[K/home/skola/microros_ws/firmware/toolchain/esp-idf/components/lwip/lwip/src/include/lwip/arch.h:48[m[K,
                 from [01m[K/home/skola/microros_ws/firmware/toolchain/esp-idf/components/lwip/lwip/src/include/lwip/debug.h:40[m[K,
                 from [01m[K/home/skola/microros_ws/firmware/toolchain/esp-idf/components/lwip/lwip/src/include/lwip/opt.h:52[m[K,
                 from [01m[K/home/skola/microros_ws/firmware/toolchain/esp-idf/components/lwip/lwip/src/include/lwip/sockets.h:42[m[K,
                 from [01m[K/home/skola/microros_ws/firmware/toolchain/esp-idf/components/lwip/port/esp32/include/sys/socket.h:33[m[K,
                 from [01m[K/home/skola/Projects/int32_publisher_custom_transport/components/micro_ros_espidf_component-galactic/micro_ros_src/src/Micro-XRCE-DDS-Client/src/c/profile/discovery/transport/udp_transport_datagram_posix_nopoll.c:4[m[K:
[01m[K/home/skola/microros_ws/firmware/toolchain/esp-idf/components/lwip/port/esp32/include/arch/cc.h:52:18:[m[K [01;36m[Knote: [m[Kprevious declaration of '[01m[Ku32_t[m[K' was here
 typedef uint32_t [01;36m[Ku32_t[m[K;
                  [01;36m[K^~~~~[m[K
In file included from [01m[K/home/skola/microros_ws/firmware/toolchain/esp-idf/components/lwip/lwip/src/include/lwip/debug.h:40[m[K,
                 from [01m[K/home/skola/microros_ws/firmware/toolchain/esp-idf/components/lwip/lwip/src/include/lwip/opt.h:52[m[K,
                 from [01m[K/home/skola/microros_ws/firmware/toolchain/esp-idf/components/lwip/lwip/src/include/lwip/sockets.h:42[m[K,
                 from [01m[K/home/skola/microros_ws/firmware/toolchain/esp-idf/components/lwip/port/esp32/include/sys/socket.h:33[m[K,
                 from [01m[K/home/skola/Projects/int32_publisher_custom_transport/components/micro_ros_espidf_component-galactic/micro_ros_src/src/Micro-XRCE-DDS-Client/src/c/profile/discovery/transport/udp_transport_datagram_posix_nopoll.c:4[m[K:
[01m[K/home/skola/microros_ws/firmware/toolchain/esp-idf/components/lwip/lwip/src/include/lwip/arch.h:130:19:[m[K [01;35m[Kwarning: [m[Kredefinition of typedef '[01m[Ks32_t[m[K' [[01;35m[K-Wpedantic[m[K]
 typedef int32_t   [01;35m[Ks32_t[m[K;
                   [01;35m[K^~~~~[m[K
In file included from [01m[K/home/skola/microros_ws/firmware/toolchain/esp-idf/components/lwip/lwip/src/include/lwip/arch.h:48[m[K,
                 from [01m[K/home/skola/microros_ws/firmware/toolchain/esp-idf/components/lwip/lwip/src/include/lwip/debug.h:40[m[K,
                 from [01m[K/home/skola/microros_ws/firmware/toolchain/esp-idf/components/lwip/lwip/src/include/lwip/opt.h:52[m[K,
                 from [01m[K/home/skola/microros_ws/firmware/toolchain/esp-idf/components/lwip/lwip/src/include/lwip/sockets.h:42[m[K,
                 from [01m[K/home/skola/microros_ws/firmware/toolchain/esp-idf/components/lwip/port/esp32/include/sys/socket.h:33[m[K,
                 from [01m[K/home/skola/Projects/int32_publisher_custom_transport/components/micro_ros_espidf_component-galactic/micro_ros_src/src/Micro-XRCE-DDS-Client/src/c/profile/discovery/transport/udp_transport_datagram_posix_nopoll.c:4[m[K:
[01m[K/home/skola/microros_ws/firmware/toolchain/esp-idf/components/lwip/port/esp32/include/arch/cc.h:53:18:[m[K [01;36m[Knote: [m[Kprevious declaration of '[01m[Ks32_t[m[K' was here
 typedef int32_t  [01;36m[Ks32_t[m[K;
                  [01;36m[K^~~~~[m[K
